<?xml version="1.0" encoding="UTF-8"?>
<coverage generated="1783360065488" clover="3.2.0">
  <project timestamp="1783360065488" name="All files">
    <metrics statements="266" coveredstatements="227" conditionals="148" coveredconditionals="109" methods="96" coveredmethods="81" elements="510" coveredelements="417" complexity="0" loc="266" ncloc="266" packages="3" files="4" classes="4"/>
    <package name="servicios.academico">
      <metrics statements="66" coveredstatements="66" conditionals="20" coveredconditionals="19" methods="22" coveredmethods="22"/>
      <file name="agendaAcademicaService.ts" path="E:\Apps\Tudojang\servicios\academico\agendaAcademicaService.ts">
        <metrics statements="25" coveredstatements="25" conditionals="12" coveredconditionals="12" methods="10" coveredmethods="10"/>
        <line num="4" count="1" type="stmt"/>
        <line num="5" count="1" type="stmt"/>
        <line num="27" count="1" type="stmt"/>
        <line num="30" count="6" type="stmt"/>
        <line num="31" count="6" type="stmt"/>
        <line num="34" count="1" type="stmt"/>
        <line num="39" count="8" type="stmt"/>
        <line num="41" count="8" type="stmt"/>
        <line num="42" count="15" type="cond" truecount="2" falsecount="0"/>
        <line num="43" count="15" type="cond" truecount="2" falsecount="0"/>
        <line num="46" count="8" type="stmt"/>
        <line num="48" count="8" type="stmt"/>
        <line num="49" count="15" type="stmt"/>
        <line num="50" count="8" type="cond" truecount="1" falsecount="0"/>
        <line num="52" count="7" type="cond" truecount="2" falsecount="0"/>
        <line num="53" count="6" type="stmt"/>
        <line num="54" count="2" type="stmt"/>
        <line num="55" count="1" type="stmt"/>
        <line num="57" count="6" type="stmt"/>
        <line num="72" count="8" type="stmt"/>
        <line num="75" count="1" type="stmt"/>
        <line num="79" count="2" type="cond" truecount="1" falsecount="0"/>
        <line num="81" count="1" type="stmt"/>
        <line num="86" count="1" type="stmt"/>
        <line num="87" count="1" type="stmt"/>
      </file>
      <file name="jornadaService.ts" path="E:\Apps\Tudojang\servicios\academico\jornadaService.ts">
        <metrics statements="41" coveredstatements="41" conditionals="8" coveredconditionals="7" methods="12" coveredmethods="12"/>
        <line num="33" count="13" type="stmt"/>
        <line num="35" count="2" type="stmt"/>
        <line num="49" count="25" type="cond" truecount="1" falsecount="1"/>
        <line num="50" count="25" type="cond" truecount="1" falsecount="0"/>
        <line num="51" count="3" type="stmt"/>
        <line num="54" count="22" type="stmt"/>
        <line num="61" count="2" type="stmt"/>
        <line num="62" count="13" type="stmt"/>
        <line num="64" count="13" type="stmt"/>
        <line num="84" count="13" type="cond" truecount="1" falsecount="0"/>
        <line num="85" count="4" type="stmt"/>
        <line num="88" count="13" type="stmt"/>
        <line num="91" count="2" type="stmt"/>
        <line num="92" count="6" type="stmt"/>
        <line num="95" count="2" type="stmt"/>
        <line num="96" count="3" type="stmt"/>
        <line num="99" count="2" type="stmt"/>
        <line num="103" count="5" type="stmt"/>
        <line num="110" count="2" type="stmt"/>
        <line num="111" count="5" type="cond" truecount="1" falsecount="0"/>
        <line num="112" count="2" type="stmt"/>
        <line num="115" count="3" type="cond" truecount="1" falsecount="0"/>
        <line num="116" count="1" type="stmt"/>
        <line num="119" count="2" type="stmt"/>
        <line num="122" count="2" type="stmt"/>
        <line num="123" count="2" type="stmt"/>
        <line num="129" count="2" type="stmt"/>
        <line num="133" count="3" type="stmt"/>
        <line num="134" count="3" type="stmt"/>
        <line num="137" count="2" type="stmt"/>
        <line num="141" count="2" type="stmt"/>
        <line num="145" count="4" type="stmt"/>
        <line num="148" count="2" type="stmt"/>
        <line num="156" count="2" type="cond" truecount="1" falsecount="0"/>
        <line num="158" count="1" type="stmt"/>
        <line num="159" count="1" type="stmt"/>
        <line num="160" count="1" type="stmt"/>
        <line num="162" count="1" type="stmt"/>
        <line num="163" count="30" type="cond" truecount="1" falsecount="0"/>
        <line num="165" count="4" type="stmt"/>
        <line num="181" count="1" type="stmt"/>
      </file>
    </package>
    <package name="vistas">
      <metrics statements="96" coveredstatements="67" conditionals="67" coveredconditionals="45" methods="35" coveredmethods="21"/>
      <file name="Horarios.tsx" path="E:\Apps\Tudojang\vistas\Horarios.tsx">
        <metrics statements="96" coveredstatements="67" conditionals="67" coveredconditionals="45" methods="35" coveredmethods="21"/>
        <line num="3" count="1" type="stmt"/>
        <line num="4" count="1" type="stmt"/>
        <line num="5" count="1" type="stmt"/>
        <line num="6" count="1" type="stmt"/>
        <line num="7" count="1" type="stmt"/>
        <line num="8" count="1" type="stmt"/>
        <line num="9" count="1" type="stmt"/>
        <line num="10" count="1" type="stmt"/>
        <line num="11" count="1" type="stmt"/>
        <line num="12" count="1" type="stmt"/>
        <line num="14" count="1" type="stmt"/>
        <line num="16" count="1" type="stmt"/>
        <line num="17" count="8" type="stmt"/>
        <line num="18" count="8" type="stmt"/>
        <line num="19" count="8" type="stmt"/>
        <line num="20" count="8" type="stmt"/>
        <line num="21" count="8" type="stmt"/>
        <line num="23" count="8" type="stmt"/>
        <line num="24" count="8" type="stmt"/>
        <line num="25" count="8" type="stmt"/>
        <line num="26" count="8" type="stmt"/>
        <line num="27" count="8" type="stmt"/>
        <line num="29" count="8" type="cond" truecount="1" falsecount="1"/>
        <line num="30" count="8" type="cond" truecount="2" falsecount="0"/>
        <line num="31" count="8" type="stmt"/>
        <line num="34" count="8" type="stmt"/>
        <line num="35" count="4" type="cond" truecount="1" falsecount="2"/>
        <line num="36" count="0" type="stmt"/>
        <line num="40" count="8" type="stmt"/>
        <line num="41" count="4" type="stmt"/>
        <line num="42" count="4" type="cond" truecount="0" falsecount="1"/>
        <line num="44" count="4" type="stmt"/>
        <line num="45" count="4" type="cond" truecount="1" falsecount="0"/>
        <line num="48" count="4" type="stmt"/>
        <line num="49" count="4" type="stmt"/>
        <line num="53" count="8" type="stmt"/>
        <line num="54" count="8" type="stmt"/>
        <line num="55" count="8" type="cond" truecount="1" falsecount="1"/>
        <line num="56" count="8" type="cond" truecount="1" falsecount="1"/>
        <line num="57" count="8" type="cond" truecount="2" falsecount="0"/>
        <line num="61" count="8" type="stmt"/>
        <line num="63" count="8" type="stmt"/>
        <line num="64" count="8" type="stmt"/>
        <line num="65" count="5" type="cond" truecount="1" falsecount="1"/>
        <line num="66" count="5" type="cond" truecount="1" falsecount="1"/>
        <line num="67" count="5" type="cond" truecount="2" falsecount="0"/>
        <line num="68" count="5" type="cond" truecount="2" falsecount="0"/>
        <line num="69" count="5" type="cond" truecount="3" falsecount="0"/>
        <line num="73" count="8" type="stmt"/>
        <line num="74" count="8" type="stmt"/>
        <line num="78" count="8" type="stmt"/>
        <line num="79" count="0" type="stmt"/>
        <line num="82" count="0" type="cond" truecount="0" falsecount="3"/>
        <line num="83" count="0" type="stmt"/>
        <line num="85" count="0" type="stmt"/>
        <line num="86" count="0" type="stmt"/>
        <line num="96" count="0" type="stmt"/>
        <line num="98" count="0" type="stmt"/>
        <line num="99" count="0" type="stmt"/>
        <line num="103" count="0" type="cond" truecount="0" falsecount="1"/>
        <line num="105" count="0" type="cond" truecount="0" falsecount="2"/>
        <line num="106" count="0" type="stmt"/>
        <line num="108" count="0" type="cond" truecount="0" falsecount="2"/>
        <line num="109" count="0" type="stmt"/>
        <line num="111" count="0" type="stmt"/>
        <line num="112" count="0" type="stmt"/>
        <line num="113" count="0" type="stmt"/>
        <line num="116" count="8" type="stmt"/>
        <line num="117" count="0" type="cond" truecount="0" falsecount="1"/>
        <line num="118" count="0" type="stmt"/>
        <line num="119" count="0" type="cond" truecount="0" falsecount="3"/>
        <line num="121" count="0" type="stmt"/>
        <line num="122" count="0" type="stmt"/>
        <line num="125" count="8" type="stmt"/>
        <line num="126" count="12" type="cond" truecount="1" falsecount="1"/>
        <line num="129" count="8" type="stmt"/>
        <line num="130" count="12" type="cond" truecount="1" falsecount="1"/>
        <line num="133" count="8" type="stmt"/>
        <line num="146" count="0" type="stmt"/>
        <line num="150" count="8" type="stmt"/>
        <line num="159" count="0" type="stmt"/>
        <line num="164" count="0" type="stmt"/>
        <line num="175" count="56" type="stmt"/>
        <line num="182" count="84" type="stmt"/>
        <line num="183" count="4" type="stmt"/>
        <line num="185" count="12" type="cond" truecount="2" falsecount="0"/>
        <line num="186" count="12" type="cond" truecount="2" falsecount="0"/>
        <line num="187" count="12" type="stmt"/>
        <line num="188" count="12" type="stmt"/>
        <line num="189" count="12" type="cond" truecount="2" falsecount="0"/>
        <line num="190" count="12" type="stmt"/>
        <line num="200" count="0" type="stmt"/>
        <line num="201" count="0" type="stmt"/>
        <line num="238" count="0" type="stmt"/>
        <line num="275" count="0" type="stmt"/>
        <line num="287" count="1" type="stmt"/>
      </file>
    </package>
    <package name="vistas.admin">
      <metrics statements="104" coveredstatements="94" conditionals="61" coveredconditionals="45" methods="39" coveredmethods="38"/>
      <file name="MisClasesView.tsx" path="E:\Apps\Tudojang\vistas\admin\MisClasesView.tsx">
        <metrics statements="104" coveredstatements="94" conditionals="61" coveredconditionals="45" methods="39" coveredmethods="38"/>
        <line num="1" count="1" type="stmt"/>
        <line num="3" count="1" type="stmt"/>
        <line num="4" count="1" type="stmt"/>
        <line num="5" count="1" type="stmt"/>
        <line num="30" count="47" type="cond" truecount="4" falsecount="0"/>
        <line num="32" count="4" type="stmt"/>
        <line num="34" count="35" type="stmt"/>
        <line num="40" count="6" type="stmt"/>
        <line num="45" count="2" type="stmt"/>
        <line num="49" count="1" type="stmt"/>
        <line num="55" count="56" type="stmt"/>
        <line num="56" count="56" type="stmt"/>
        <line num="57" count="56" type="stmt"/>
        <line num="60" count="56" type="stmt"/>
        <line num="61" count="56" type="stmt"/>
        <line num="63" count="56" type="stmt"/>
        <line num="64" count="56" type="stmt"/>
        <line num="65" count="56" type="stmt"/>
        <line num="67" count="56" type="stmt"/>
        <line num="68" count="9" type="stmt"/>
        <line num="72" count="9" type="stmt"/>
        <line num="73" count="10" type="stmt"/>
        <line num="74" count="0" type="stmt"/>
        <line num="75" count="9" type="stmt"/>
        <line num="77" count="9" type="stmt"/>
        <line num="78" count="9" type="stmt"/>
        <line num="79" count="9" type="stmt"/>
        <line num="80" count="1" type="stmt"/>
        <line num="81" count="1" type="stmt"/>
        <line num="83" count="9" type="stmt"/>
        <line num="87" count="56" type="stmt"/>
        <line num="88" count="9" type="stmt"/>
        <line num="91" count="56" type="stmt"/>
        <line num="92" count="3" type="stmt"/>
        <line num="93" count="3" type="stmt"/>
        <line num="95" count="3" type="cond" truecount="2" falsecount="0"/>
        <line num="96" count="1" type="stmt"/>
        <line num="97" count="1" type="cond" truecount="0" falsecount="1"/>
        <line num="98" count="0" type="stmt"/>
        <line num="99" count="0" type="stmt"/>
        <line num="101" count="1" type="stmt"/>
        <line num="102" count="2" type="cond" truecount="1" falsecount="1"/>
        <line num="103" count="0" type="stmt"/>
        <line num="104" count="2" type="cond" truecount="1" falsecount="1"/>
        <line num="110" count="2" type="stmt"/>
        <line num="114" count="2" type="stmt"/>
        <line num="116" count="0" type="stmt"/>
        <line num="119" count="2" type="stmt"/>
        <line num="120" count="2" type="stmt"/>
        <line num="121" count="2" type="stmt"/>
        <line num="129" count="0" type="stmt"/>
        <line num="132" count="2" type="cond" truecount="1" falsecount="1"/>
        <line num="134" count="1" type="cond" truecount="1" falsecount="1"/>
        <line num="138" count="56" type="stmt"/>
        <line num="139" count="2" type="stmt"/>
        <line num="142" count="56" type="stmt"/>
        <line num="143" count="6" type="cond" truecount="3" falsecount="0"/>
        <line num="144" count="3" type="stmt"/>
        <line num="148" count="3" type="stmt"/>
        <line num="150" count="3" type="stmt"/>
        <line num="153" count="56" type="stmt"/>
        <line num="154" count="1" type="stmt"/>
        <line num="155" count="1" type="stmt"/>
        <line num="156" count="1" type="stmt"/>
        <line num="157" count="1" type="stmt"/>
        <line num="158" count="1" type="stmt"/>
        <line num="159" count="1" type="stmt"/>
        <line num="167" count="0" type="stmt"/>
        <line num="170" count="1" type="cond" truecount="1" falsecount="1"/>
        <line num="171" count="1" type="stmt"/>
        <line num="173" count="0" type="cond" truecount="0" falsecount="2"/>
        <line num="177" count="56" type="stmt"/>
        <line num="178" count="2" type="stmt"/>
        <line num="179" count="2" type="stmt"/>
        <line num="180" count="2" type="stmt"/>
        <line num="181" count="2" type="stmt"/>
        <line num="182" count="2" type="cond" truecount="1" falsecount="0"/>
        <line num="183" count="1" type="stmt"/>
        <line num="184" count="1" type="stmt"/>
        <line num="187" count="1" type="stmt"/>
        <line num="188" count="1" type="stmt"/>
        <line num="189" count="1" type="stmt"/>
        <line num="190" count="1" type="stmt"/>
        <line num="198" count="0" type="stmt"/>
        <line num="201" count="1" type="cond" truecount="1" falsecount="1"/>
        <line num="202" count="1" type="stmt"/>
        <line num="204" count="0" type="cond" truecount="0" falsecount="2"/>
        <line num="208" count="56" type="stmt"/>
        <line num="229" count="47" type="cond" truecount="1" falsecount="1"/>
        <line num="230" count="47" type="stmt"/>
        <line num="231" count="47" type="cond" truecount="2" falsecount="0"/>
        <line num="232" count="47" type="cond" truecount="2" falsecount="0"/>
        <line num="238" count="47" type="stmt"/>
        <line num="252" count="1" type="stmt"/>
        <line num="263" count="1" type="stmt"/>
        <line num="276" count="121" type="stmt"/>
        <line num="279" count="6" type="stmt"/>
        <line num="293" count="16" type="stmt"/>
        <line num="300" count="1" type="cond" truecount="1" falsecount="1"/>
        <line num="313" count="2" type="stmt"/>
        <line num="322" count="2" type="stmt"/>
        <line num="331" count="2" type="stmt"/>
        <line num="338" count="2" type="stmt"/>
        <line num="356" count="1" type="stmt"/>
      </file>
    </package>
  </project>
</coverage>
