<?xml version="1.0" encoding="UTF-8"?>
<coverage generated="1782602038154" clover="3.2.0">
  <project timestamp="1782602038155" name="All files">
    <metrics statements="405" coveredstatements="383" conditionals="181" coveredconditionals="135" methods="109" coveredmethods="106" elements="695" coveredelements="624" complexity="0" loc="405" ncloc="405" packages="1" files="11" classes="11"/>
    <file name="asignacionService.ts" path="E:\Apps\Tudojang\servicios\academico\asignacionService.ts">
      <metrics statements="68" coveredstatements="60" conditionals="56" coveredconditionals="43" methods="15" coveredmethods="12"/>
      <line num="19" count="1" type="stmt"/>
      <line num="48" count="1" type="stmt"/>
      <line num="50" count="1" type="stmt"/>
      <line num="104" count="2" type="cond" truecount="1" falsecount="1"/>
      <line num="105" count="2" type="cond" truecount="3" falsecount="0"/>
      <line num="106" count="1" type="stmt"/>
      <line num="109" count="1" type="stmt"/>
      <line num="112" count="4" type="stmt"/>
      <line num="113" count="4" type="stmt"/>
      <line num="115" count="4" type="cond" truecount="3" falsecount="0"/>
      <line num="116" count="2" type="stmt"/>
      <line num="119" count="2" type="stmt"/>
      <line num="120" count="2" type="cond" truecount="1" falsecount="0"/>
      <line num="121" count="1" type="stmt"/>
      <line num="124" count="3" type="stmt"/>
      <line num="132" count="1" type="stmt"/>
      <line num="136" count="4" type="stmt"/>
      <line num="138" count="4" type="cond" truecount="1" falsecount="0"/>
      <line num="139" count="1" type="cond" truecount="1" falsecount="1"/>
      <line num="142" count="3" type="cond" truecount="1" falsecount="0"/>
      <line num="143" count="1" type="cond" truecount="1" falsecount="1"/>
      <line num="146" count="2" type="cond" truecount="1" falsecount="0"/>
      <line num="147" count="2" type="cond" truecount="2" falsecount="1"/>
      <line num="148" count="2" type="cond" truecount="4" falsecount="0"/>
      <line num="150" count="2" type="cond" truecount="2" falsecount="0"/>
      <line num="153" count="0" type="stmt"/>
      <line num="156" count="1" type="stmt"/>
      <line num="161" count="1" type="stmt"/>
      <line num="162" count="6" type="cond" truecount="3" falsecount="0"/>
      <line num="169" count="7" type="cond" truecount="0" falsecount="1"/>
      <line num="170" count="7" type="stmt"/>
      <line num="171" count="7" type="cond" truecount="1" falsecount="1"/>
      <line num="174" count="1" type="stmt"/>
      <line num="178" count="4" type="cond" truecount="0" falsecount="1"/>
      <line num="179" count="0" type="stmt"/>
      <line num="182" count="4" type="stmt"/>
      <line num="183" count="4" type="cond" truecount="3" falsecount="0"/>
      <line num="184" count="1" type="stmt"/>
      <line num="187" count="3" type="stmt"/>
      <line num="188" count="3" type="cond" truecount="3" falsecount="0"/>
      <line num="189" count="1" type="stmt"/>
      <line num="192" count="2" type="stmt"/>
      <line num="195" count="1" type="stmt"/>
      <line num="199" count="2" type="stmt"/>
      <line num="200" count="2" type="stmt"/>
      <line num="201" count="2" type="cond" truecount="1" falsecount="0"/>
      <line num="203" count="1" type="stmt"/>
      <line num="211" count="1" type="stmt"/>
      <line num="215" count="3" type="cond" truecount="0" falsecount="1"/>
      <line num="216" count="0" type="stmt"/>
      <line num="219" count="3" type="cond" truecount="0" falsecount="1"/>
      <line num="220" count="0" type="stmt"/>
      <line num="223" count="3" type="cond" truecount="1" falsecount="0"/>
      <line num="224" count="2" type="stmt"/>
      <line num="227" count="1" type="stmt"/>
      <line num="230" count="1" type="stmt"/>
      <line num="235" count="2" type="stmt"/>
      <line num="237" count="2" type="cond" truecount="1" falsecount="0"/>
      <line num="238" count="1" type="cond" truecount="1" falsecount="0"/>
      <line num="239" count="1" type="stmt"/>
      <line num="242" count="0" type="stmt"/>
      <line num="245" count="1" type="stmt"/>
      <line num="254" count="1" type="stmt"/>
      <line num="257" count="0" type="stmt"/>
      <line num="263" count="1" type="stmt"/>
      <line num="266" count="0" type="stmt"/>
      <line num="271" count="1" type="stmt"/>
      <line num="274" count="0" type="stmt"/>
    </file>
    <file name="bibliotecaService.ts" path="E:\Apps\Tudojang\servicios\academico\bibliotecaService.ts">
      <metrics statements="79" coveredstatements="72" conditionals="31" coveredconditionals="22" methods="12" coveredmethods="12"/>
      <line num="5" count="1" type="stmt"/>
      <line num="13" count="1" type="stmt"/>
      <line num="22" count="1" type="stmt"/>
      <line num="24" count="1" type="stmt"/>
      <line num="25" count="13" type="stmt"/>
      <line num="28" count="4" type="stmt"/>
      <line num="33" count="1" type="cond" truecount="1" falsecount="0"/>
      <line num="35" count="6" type="cond" truecount="2" falsecount="0"/>
      <line num="36" count="21" type="cond" truecount="1" falsecount="1"/>
      <line num="41" count="1" type="stmt"/>
      <line num="48" count="7" type="cond" truecount="1" falsecount="0"/>
      <line num="49" count="6" type="stmt"/>
      <line num="50" count="6" type="stmt"/>
      <line num="63" count="6" type="stmt"/>
      <line num="64" count="6" type="stmt"/>
      <line num="67" count="1" type="stmt"/>
      <line num="68" count="1" type="stmt"/>
      <line num="81" count="1" type="stmt"/>
      <line num="82" count="1" type="stmt"/>
      <line num="88" count="1" type="stmt"/>
      <line num="93" count="7" type="cond" truecount="1" falsecount="0"/>
      <line num="94" count="4" type="cond" truecount="2" falsecount="0"/>
      <line num="95" count="4" type="cond" truecount="1" falsecount="0"/>
      <line num="96" count="1" type="stmt"/>
      <line num="98" count="3" type="cond" truecount="1" falsecount="2"/>
      <line num="99" count="0" type="stmt"/>
      <line num="101" count="3" type="stmt"/>
      <line num="102" count="3" type="stmt"/>
      <line num="103" count="3" type="stmt"/>
      <line num="104" count="3" type="stmt"/>
      <line num="107" count="3" type="stmt"/>
      <line num="108" count="3" type="stmt"/>
      <line num="109" count="3" type="cond" truecount="1" falsecount="0"/>
      <line num="110" count="1" type="stmt"/>
      <line num="112" count="2" type="stmt"/>
      <line num="113" count="2" type="cond" truecount="3" falsecount="0"/>
      <line num="114" count="1" type="stmt"/>
      <line num="116" count="1" type="stmt"/>
      <line num="126" count="1" type="stmt"/>
      <line num="131" count="4" type="cond" truecount="1" falsecount="0"/>
      <line num="132" count="3" type="cond" truecount="2" falsecount="0"/>
      <line num="133" count="3" type="cond" truecount="0" falsecount="1"/>
      <line num="134" count="0" type="stmt"/>
      <line num="136" count="3" type="cond" truecount="1" falsecount="0"/>
      <line num="137" count="1" type="stmt"/>
      <line num="139" count="2" type="stmt"/>
      <line num="140" count="2" type="stmt"/>
      <line num="141" count="2" type="stmt"/>
      <line num="142" count="2" type="stmt"/>
      <line num="143" count="2" type="stmt"/>
      <line num="146" count="1" type="stmt"/>
      <line num="147" count="1" type="stmt"/>
      <line num="148" count="1" type="cond" truecount="0" falsecount="1"/>
      <line num="149" count="0" type="stmt"/>
      <line num="151" count="1" type="stmt"/>
      <line num="152" count="1" type="cond" truecount="0" falsecount="1"/>
      <line num="153" count="0" type="stmt"/>
      <line num="155" count="1" type="stmt"/>
      <line num="166" count="1" type="stmt"/>
      <line num="170" count="3" type="cond" truecount="1" falsecount="0"/>
      <line num="171" count="2" type="cond" truecount="2" falsecount="0"/>
      <line num="172" count="2" type="cond" truecount="0" falsecount="1"/>
      <line num="173" count="0" type="stmt"/>
      <line num="175" count="2" type="cond" truecount="1" falsecount="0"/>
      <line num="176" count="1" type="stmt"/>
      <line num="178" count="1" type="stmt"/>
      <line num="179" count="1" type="stmt"/>
      <line num="180" count="1" type="stmt"/>
      <line num="183" count="1" type="stmt"/>
      <line num="184" count="1" type="stmt"/>
      <line num="185" count="1" type="cond" truecount="0" falsecount="1"/>
      <line num="186" count="0" type="stmt"/>
      <line num="188" count="1" type="stmt"/>
      <line num="189" count="1" type="cond" truecount="0" falsecount="1"/>
      <line num="190" count="0" type="stmt"/>
      <line num="192" count="1" type="stmt"/>
      <line num="198" count="1" type="stmt"/>
      <line num="206" count="1" type="stmt"/>
      <line num="210" count="1" type="stmt"/>
    </file>
    <file name="centroEstudiosRepository.ts" path="E:\Apps\Tudojang\servicios\academico\centroEstudiosRepository.ts">
      <metrics statements="9" coveredstatements="9" conditionals="1" coveredconditionals="1" methods="2" coveredmethods="2"/>
      <line num="6" count="1" type="stmt"/>
      <line num="7" count="1" type="stmt"/>
      <line num="8" count="1" type="stmt"/>
      <line num="14" count="1" type="stmt"/>
      <line num="16" count="1" type="stmt"/>
      <line num="17" count="1" type="stmt"/>
      <line num="23" count="1" type="stmt"/>
      <line num="27" count="2" type="stmt"/>
      <line num="30" count="1" type="stmt"/>
    </file>
    <file name="closeJornada.ts" path="E:\Apps\Tudojang\servicios\academico\closeJornada.ts">
      <metrics statements="8" coveredstatements="8" conditionals="0" coveredconditionals="0" methods="2" coveredmethods="2"/>
      <line num="3" count="1" type="stmt"/>
      <line num="4" count="1" type="stmt"/>
      <line num="19" count="1" type="stmt"/>
      <line num="24" count="3" type="stmt"/>
      <line num="25" count="2" type="stmt"/>
      <line num="26" count="2" type="stmt"/>
      <line num="27" count="3" type="stmt"/>
      <line num="30" count="2" type="stmt"/>
    </file>
    <file name="confirmJornada.ts" path="E:\Apps\Tudojang\servicios\academico\confirmJornada.ts">
      <metrics statements="23" coveredstatements="23" conditionals="14" coveredconditionals="13" methods="5" coveredmethods="5"/>
      <line num="3" count="1" type="stmt"/>
      <line num="32" count="8" type="stmt"/>
      <line num="33" count="8" type="stmt"/>
      <line num="37" count="2" type="cond" truecount="0" falsecount="1"/>
      <line num="38" count="2" type="cond" truecount="2" falsecount="0"/>
      <line num="41" count="1" type="stmt"/>
      <line num="45" count="6" type="stmt"/>
      <line num="47" count="6" type="cond" truecount="1" falsecount="0"/>
      <line num="48" count="1" type="stmt"/>
      <line num="51" count="6" type="cond" truecount="1" falsecount="0"/>
      <line num="52" count="1" type="stmt"/>
      <line num="55" count="6" type="cond" truecount="1" falsecount="0"/>
      <line num="56" count="1" type="stmt"/>
      <line num="59" count="6" type="cond" truecount="1" falsecount="0"/>
      <line num="60" count="1" type="stmt"/>
      <line num="63" count="6" type="stmt"/>
      <line num="72" count="6" type="cond" truecount="1" falsecount="0"/>
      <line num="73" count="1" type="stmt"/>
      <line num="76" count="6" type="cond" truecount="3" falsecount="0"/>
      <line num="77" count="1" type="stmt"/>
      <line num="80" count="6" type="cond" truecount="3" falsecount="0"/>
      <line num="81" count="1" type="stmt"/>
      <line num="84" count="6" type="stmt"/>
    </file>
    <file name="espacioService.ts" path="E:\Apps\Tudojang\servicios\academico\espacioService.ts">
      <metrics statements="24" coveredstatements="22" conditionals="11" coveredconditionals="8" methods="7" coveredmethods="7"/>
      <line num="29" count="2" type="stmt"/>
      <line num="32" count="12" type="stmt"/>
      <line num="33" count="12" type="cond" truecount="2" falsecount="1"/>
      <line num="34" count="0" type="stmt"/>
      <line num="36" count="12" type="stmt"/>
      <line num="40" count="3" type="stmt"/>
      <line num="41" count="3" type="stmt"/>
      <line num="42" count="3" type="stmt"/>
      <line num="43" count="3" type="stmt"/>
      <line num="45" count="3" type="cond" truecount="2" falsecount="1"/>
      <line num="46" count="0" type="stmt"/>
      <line num="49" count="3" type="cond" truecount="2" falsecount="0"/>
      <line num="52" count="2" type="stmt"/>
      <line num="53" count="2" type="stmt"/>
      <line num="55" count="2" type="stmt"/>
      <line num="68" count="2" type="stmt"/>
      <line num="72" count="1" type="stmt"/>
      <line num="81" count="2" type="stmt"/>
      <line num="82" count="9" type="stmt"/>
      <line num="83" count="5" type="cond" truecount="1" falsecount="0"/>
      <line num="84" count="4" type="cond" truecount="0" falsecount="1"/>
      <line num="85" count="4" type="cond" truecount="1" falsecount="0"/>
      <line num="87" count="3" type="stmt"/>
      <line num="95" count="9" type="stmt"/>
    </file>
    <file name="invitacionService.ts" path="E:\Apps\Tudojang\servicios\academico\invitacionService.ts">
      <metrics statements="46" coveredstatements="44" conditionals="8" coveredconditionals="5" methods="8" coveredmethods="8"/>
      <line num="1" count="1" type="stmt"/>
      <line num="8" count="1" type="stmt"/>
      <line num="9" count="1" type="stmt"/>
      <line num="27" count="1" type="stmt"/>
      <line num="29" count="1" type="stmt"/>
      <line num="30" count="6" type="stmt"/>
      <line num="33" count="1" type="stmt"/>
      <line num="35" count="1" type="stmt"/>
      <line num="40" count="5" type="stmt"/>
      <line num="42" count="5" type="cond" truecount="1" falsecount="0"/>
      <line num="43" count="4" type="stmt"/>
      <line num="44" count="4" type="stmt"/>
      <line num="45" count="4" type="stmt"/>
      <line num="47" count="4" type="stmt"/>
      <line num="58" count="4" type="stmt"/>
      <line num="59" count="4" type="stmt"/>
      <line num="62" count="1" type="stmt"/>
      <line num="67" count="1" type="stmt"/>
      <line num="68" count="1" type="stmt"/>
      <line num="70" count="1" type="stmt"/>
      <line num="71" count="1" type="stmt"/>
      <line num="73" count="1" type="cond" truecount="0" falsecount="1"/>
      <line num="74" count="0" type="stmt"/>
      <line num="77" count="1" type="stmt"/>
      <line num="80" count="1" type="stmt"/>
      <line num="81" count="3" type="cond" truecount="1" falsecount="0"/>
      <line num="82" count="4" type="stmt"/>
      <line num="85" count="1" type="stmt"/>
      <line num="86" count="1" type="stmt"/>
      <line num="87" count="1" type="stmt"/>
      <line num="90" count="1" type="stmt"/>
      <line num="91" count="2" type="cond" truecount="1" falsecount="0"/>
      <line num="92" count="1" type="cond" truecount="2" falsecount="0"/>
      <line num="93" count="1" type="cond" truecount="0" falsecount="1"/>
      <line num="94" count="1" type="stmt"/>
      <line num="95" count="1" type="stmt"/>
      <line num="96" count="1" type="stmt"/>
      <line num="97" count="1" type="stmt"/>
      <line num="100" count="1" type="stmt"/>
      <line num="101" count="1" type="stmt"/>
      <line num="103" count="1" type="cond" truecount="0" falsecount="1"/>
      <line num="104" count="0" type="stmt"/>
      <line num="107" count="1" type="stmt"/>
      <line num="109" count="1" type="stmt"/>
      <line num="114" count="1" type="stmt"/>
      <line num="116" count="1" type="stmt"/>
    </file>
    <file name="jornadaService.ts" path="E:\Apps\Tudojang\servicios\academico\jornadaService.ts">
      <metrics statements="35" coveredstatements="35" conditionals="7" coveredconditionals="6" methods="11" coveredmethods="11"/>
      <line num="33" count="13" type="stmt"/>
      <line num="35" count="2" type="stmt"/>
      <line num="49" count="24" type="cond" truecount="1" falsecount="1"/>
      <line num="50" count="24" type="cond" truecount="1" falsecount="0"/>
      <line num="51" count="1" type="stmt"/>
      <line num="54" count="23" type="stmt"/>
      <line num="61" count="2" type="stmt"/>
      <line num="62" count="13" type="stmt"/>
      <line num="64" count="13" type="stmt"/>
      <line num="86" count="2" type="stmt"/>
      <line num="87" count="7" type="stmt"/>
      <line num="90" count="2" type="stmt"/>
      <line num="91" count="6" type="stmt"/>
      <line num="94" count="2" type="stmt"/>
      <line num="98" count="6" type="stmt"/>
      <line num="105" count="2" type="stmt"/>
      <line num="106" count="6" type="cond" truecount="1" falsecount="0"/>
      <line num="107" count="2" type="stmt"/>
      <line num="110" count="4" type="cond" truecount="1" falsecount="0"/>
      <line num="111" count="1" type="stmt"/>
      <line num="114" count="3" type="stmt"/>
      <line num="117" count="2" type="stmt"/>
      <line num="118" count="1" type="stmt"/>
      <line num="124" count="2" type="stmt"/>
      <line num="128" count="1" type="stmt"/>
      <line num="132" count="4" type="stmt"/>
      <line num="135" count="2" type="stmt"/>
      <line num="143" count="2" type="cond" truecount="1" falsecount="0"/>
      <line num="145" count="1" type="stmt"/>
      <line num="146" count="1" type="stmt"/>
      <line num="147" count="1" type="stmt"/>
      <line num="149" count="1" type="stmt"/>
      <line num="150" count="30" type="cond" truecount="1" falsecount="0"/>
      <line num="152" count="4" type="stmt"/>
      <line num="168" count="1" type="stmt"/>
    </file>
    <file name="programaService.ts" path="E:\Apps\Tudojang\servicios\academico\programaService.ts">
      <metrics statements="34" coveredstatements="32" conditionals="23" coveredconditionals="16" methods="17" coveredmethods="17"/>
      <line num="21" count="14" type="stmt"/>
      <line num="24" count="28" type="stmt"/>
      <line num="25" count="17" type="stmt"/>
      <line num="26" count="45" type="stmt"/>
      <line num="28" count="28" type="stmt"/>
      <line num="33" count="17" type="stmt"/>
      <line num="37" count="7" type="cond" truecount="1" falsecount="0"/>
      <line num="38" count="1" type="stmt"/>
      <line num="41" count="11" type="stmt"/>
      <line num="42" count="6" type="cond" truecount="0" falsecount="1"/>
      <line num="43" count="0" type="stmt"/>
      <line num="48" count="11" type="cond" truecount="1" falsecount="0"/>
      <line num="49" count="10" type="stmt"/>
      <line num="50" count="13" type="stmt"/>
      <line num="52" count="10" type="cond" truecount="1" falsecount="1"/>
      <line num="55" count="2" type="stmt"/>
      <line num="56" count="7" type="stmt"/>
      <line num="58" count="7" type="stmt"/>
      <line num="71" count="2" type="stmt"/>
      <line num="72" count="7" type="stmt"/>
      <line num="74" count="6" type="stmt"/>
      <line num="81" count="2" type="stmt"/>
      <line num="85" count="7" type="cond" truecount="0" falsecount="1"/>
      <line num="86" count="0" type="stmt"/>
      <line num="89" count="7" type="cond" truecount="1" falsecount="1"/>
      <line num="90" count="7" type="stmt"/>
      <line num="92" count="7" type="stmt"/>
      <line num="108" count="2" type="stmt"/>
      <line num="113" count="5" type="cond" truecount="3" falsecount="0"/>
      <line num="114" count="1" type="stmt"/>
      <line num="117" count="4" type="stmt"/>
      <line num="121" count="4" type="stmt"/>
      <line num="122" count="9" type="stmt"/>
      <line num="124" count="4" type="stmt"/>
    </file>
    <file name="progresoRepository.ts" path="E:\Apps\Tudojang\servicios\academico\progresoRepository.ts">
      <metrics statements="36" coveredstatements="35" conditionals="19" coveredconditionals="12" methods="17" coveredmethods="17"/>
      <line num="3" count="2" type="stmt"/>
      <line num="19" count="2" type="stmt"/>
      <line num="23" count="4" type="stmt"/>
      <line num="24" count="4" type="cond" truecount="1" falsecount="1"/>
      <line num="25" count="4" type="cond" truecount="1" falsecount="1"/>
      <line num="29" count="2" type="stmt"/>
      <line num="30" count="7" type="cond" truecount="1" falsecount="0"/>
      <line num="33" count="1" type="stmt"/>
      <line num="37" count="2" type="stmt"/>
      <line num="41" count="1" type="stmt"/>
      <line num="42" count="1" type="cond" truecount="0" falsecount="1"/>
      <line num="44" count="1" type="stmt"/>
      <line num="45" count="1" type="stmt"/>
      <line num="47" count="0" type="stmt"/>
      <line num="52" count="1" type="stmt"/>
      <line num="59" count="3" type="stmt"/>
      <line num="71" count="2" type="stmt"/>
      <line num="72" count="6" type="stmt"/>
      <line num="75" count="2" type="stmt"/>
      <line num="76" count="2" type="cond" truecount="0" falsecount="1"/>
      <line num="78" count="2" type="stmt"/>
      <line num="79" count="2" type="cond" truecount="3" falsecount="0"/>
      <line num="81" count="1" type="stmt"/>
      <line num="85" count="1" type="stmt"/>
      <line num="93" count="1" type="stmt"/>
      <line num="94" count="1" type="cond" truecount="0" falsecount="1"/>
      <line num="96" count="1" type="stmt"/>
      <line num="97" count="1" type="cond" truecount="2" falsecount="1"/>
      <line num="99" count="1" type="stmt"/>
      <line num="103" count="1" type="stmt"/>
      <line num="116" count="5" type="stmt"/>
      <line num="137" count="2" type="cond" truecount="0" falsecount="1"/>
      <line num="138" count="3" type="cond" truecount="4" falsecount="0"/>
      <line num="139" count="1" type="stmt"/>
      <line num="145" count="2" type="stmt"/>
      <line num="148" count="2" type="stmt"/>
    </file>
    <file name="vinculoService.ts" path="E:\Apps\Tudojang\servicios\academico\vinculoService.ts">
      <metrics statements="43" coveredstatements="43" conditionals="11" coveredconditionals="9" methods="13" coveredmethods="13"/>
      <line num="1" count="1" type="stmt"/>
      <line num="10" count="1" type="stmt"/>
      <line num="21" count="1" type="stmt"/>
      <line num="23" count="1" type="stmt"/>
      <line num="24" count="8" type="stmt"/>
      <line num="27" count="3" type="stmt"/>
      <line num="29" count="1" type="stmt"/>
      <line num="34" count="8" type="stmt"/>
      <line num="35" count="8" type="stmt"/>
      <line num="37" count="8" type="cond" truecount="1" falsecount="0"/>
      <line num="39" count="7" type="cond" truecount="1" falsecount="1"/>
      <line num="40" count="7" type="cond" truecount="0" falsecount="1"/>
      <line num="42" count="7" type="stmt"/>
      <line num="49" count="7" type="stmt"/>
      <line num="50" count="7" type="stmt"/>
      <line num="53" count="1" type="stmt"/>
      <line num="54" count="1" type="stmt"/>
      <line num="62" count="1" type="stmt"/>
      <line num="63" count="1" type="stmt"/>
      <line num="66" count="1" type="stmt"/>
      <line num="71" count="2" type="stmt"/>
      <line num="72" count="2" type="stmt"/>
      <line num="74" count="2" type="cond" truecount="1" falsecount="0"/>
      <line num="75" count="1" type="cond" truecount="2" falsecount="0"/>
      <line num="76" count="1" type="stmt"/>
      <line num="79" count="1" type="stmt"/>
      <line num="80" count="1" type="stmt"/>
      <line num="83" count="1" type="stmt"/>
      <line num="87" count="2" type="stmt"/>
      <line num="89" count="2" type="cond" truecount="1" falsecount="0"/>
      <line num="90" count="1" type="stmt"/>
      <line num="91" count="3" type="cond" truecount="2" falsecount="0"/>
      <line num="92" count="2" type="stmt"/>
      <line num="95" count="1" type="stmt"/>
      <line num="96" count="1" type="stmt"/>
      <line num="97" count="1" type="stmt"/>
      <line num="99" count="2" type="stmt"/>
      <line num="102" count="1" type="stmt"/>
      <line num="103" count="2" type="cond" truecount="1" falsecount="0"/>
      <line num="104" count="2" type="stmt"/>
      <line num="107" count="1" type="stmt"/>
      <line num="108" count="1" type="stmt"/>
      <line num="109" count="1" type="stmt"/>
    </file>
  </project>
</coverage>
