{"E:\\Apps\\Tudojang\\servicios\\academico\\asignacionService.ts": {"path":"E:\\Apps\\Tudojang\\servicios\\academico\\asignacionService.ts","statementMap":{"0":{"start":{"line":109,"column":0},"end":{"line":109,"column":7}},"1":{"start":{"line":156,"column":0},"end":{"line":156,"column":16}},"2":{"start":{"line":174,"column":0},"end":{"line":174,"column":16}},"3":{"start":{"line":195,"column":0},"end":{"line":195,"column":16}},"4":{"start":{"line":211,"column":0},"end":{"line":211,"column":16}},"5":{"start":{"line":230,"column":0},"end":{"line":230,"column":16}},"6":{"start":{"line":254,"column":0},"end":{"line":254,"column":7}},"7":{"start":{"line":263,"column":0},"end":{"line":263,"column":7}},"8":{"start":{"line":271,"column":0},"end":{"line":271,"column":7}},"9":{"start":{"line":19,"column":0},"end":{"line":19,"column":114}},"10":{"start":{"line":48,"column":14},"end":{"line":48,"column":38}},"11":{"start":{"line":50,"column":48},"end":{"line":101,"column":2}},"12":{"start":{"line":104,"column":14},"end":{"line":104,"column":73}},"13":{"start":{"line":105,"column":2},"end":{"line":105,"column":89}},"14":{"start":{"line":105,"column":77},"end":{"line":105,"column":89}},"15":{"start":{"line":106,"column":2},"end":{"line":106,"column":76}},"16":{"start":{"line":112,"column":19},"end":{"line":112,"column":43}},"17":{"start":{"line":113,"column":23},"end":{"line":113,"column":51}},"18":{"start":{"line":115,"column":2},"end":{"line":117,"column":3}},"19":{"start":{"line":116,"column":4},"end":{"line":116,"column":32}},"20":{"start":{"line":119,"column":25},"end":{"line":119,"column":48}},"21":{"start":{"line":120,"column":2},"end":{"line":122,"column":3}},"22":{"start":{"line":121,"column":4},"end":{"line":121,"column":76}},"23":{"start":{"line":124,"column":51},"end":{"line":130,"column":5}},"24":{"start":{"line":124,"column":97},"end":{"line":130,"column":4}},"25":{"start":{"line":132,"column":2},"end":{"line":132,"column":72}},"26":{"start":{"line":136,"column":27},"end":{"line":136,"column":37}},"27":{"start":{"line":138,"column":2},"end":{"line":140,"column":3}},"28":{"start":{"line":139,"column":4},"end":{"line":139,"column":72}},"29":{"start":{"line":142,"column":2},"end":{"line":144,"column":3}},"30":{"start":{"line":143,"column":4},"end":{"line":143,"column":85}},"31":{"start":{"line":146,"column":2},"end":{"line":151,"column":3}},"32":{"start":{"line":147,"column":26},"end":{"line":147,"column":122}},"33":{"start":{"line":148,"column":26},"end":{"line":148,"column":133}},"34":{"start":{"line":150,"column":4},"end":{"line":150,"column":42}},"35":{"start":{"line":153,"column":2},"end":{"line":153,"column":15}},"36":{"start":{"line":161,"column":2},"end":{"line":165,"column":5}},"37":{"start":{"line":162,"column":4},"end":{"line":164,"column":49}},"38":{"start":{"line":169,"column":2},"end":{"line":169,"column":26}},"39":{"start":{"line":169,"column":14},"end":{"line":169,"column":26}},"40":{"start":{"line":170,"column":16},"end":{"line":170,"column":31}},"41":{"start":{"line":171,"column":2},"end":{"line":171,"column":54}},"42":{"start":{"line":178,"column":2},"end":{"line":180,"column":3}},"43":{"start":{"line":179,"column":4},"end":{"line":179,"column":29}},"44":{"start":{"line":182,"column":19},"end":{"line":182,"column":56}},"45":{"start":{"line":183,"column":2},"end":{"line":185,"column":3}},"46":{"start":{"line":184,"column":4},"end":{"line":184,"column":23}},"47":{"start":{"line":187,"column":17},"end":{"line":187,"column":52}},"48":{"start":{"line":188,"column":2},"end":{"line":190,"column":3}},"49":{"start":{"line":189,"column":4},"end":{"line":189,"column":21}},"50":{"start":{"line":192,"column":2},"end":{"line":192,"column":21}},"51":{"start":{"line":199,"column":2},"end":{"line":208,"column":5}},"52":{"start":{"line":200,"column":27},"end":{"line":200,"column":88}},"53":{"start":{"line":201,"column":4},"end":{"line":201,"column":56}},"54":{"start":{"line":201,"column":38},"end":{"line":201,"column":56}},"55":{"start":{"line":203,"column":4},"end":{"line":207,"column":6}},"56":{"start":{"line":215,"column":2},"end":{"line":217,"column":3}},"57":{"start":{"line":216,"column":4},"end":{"line":216,"column":58}},"58":{"start":{"line":219,"column":2},"end":{"line":221,"column":3}},"59":{"start":{"line":220,"column":4},"end":{"line":220,"column":59}},"60":{"start":{"line":223,"column":2},"end":{"line":225,"column":3}},"61":{"start":{"line":224,"column":4},"end":{"line":224,"column":59}},"62":{"start":{"line":227,"column":2},"end":{"line":227,"column":25}},"63":{"start":{"line":235,"column":21},"end":{"line":235,"column":64}},"64":{"start":{"line":237,"column":2},"end":{"line":243,"column":3}},"65":{"start":{"line":238,"column":4},"end":{"line":240,"column":5}},"66":{"start":{"line":239,"column":6},"end":{"line":239,"column":86}},"67":{"start":{"line":242,"column":4},"end":{"line":242,"column":65}},"68":{"start":{"line":245,"column":2},"end":{"line":251,"column":4}},"69":{"start":{"line":257,"column":2},"end":{"line":260,"column":4}},"70":{"start":{"line":266,"column":2},"end":{"line":268,"column":4}},"71":{"start":{"line":274,"column":2},"end":{"line":276,"column":4}}},"fnMap":{"0":{"name":"obtenerFixtureCypress","decl":{"start":{"line":103,"column":9},"end":{"line":103,"column":30}},"loc":{"start":{"line":103,"column":30},"end":{"line":107,"column":1}}},"1":{"name":"obtenerAsignacionesPorEstudiante","decl":{"start":{"line":109,"column":22},"end":{"line":109,"column":54}},"loc":{"start":{"line":110,"column":37},"end":{"line":133,"column":1}}},"2":{"name":"(anonymous_2)","decl":{"start":{"line":124,"column":72},"end":{"line":124,"column":73}},"loc":{"start":{"line":124,"column":97},"end":{"line":130,"column":4}}},"3":{"name":"aplicaAlEstudiante","decl":{"start":{"line":135,"column":9},"end":{"line":135,"column":27}},"loc":{"start":{"line":135,"column":93},"end":{"line":154,"column":1}}},"4":{"name":"getAsignacionesByEstudiante","decl":{"start":{"line":156,"column":16},"end":{"line":156,"column":43}},"loc":{"start":{"line":160,"column":35},"end":{"line":166,"column":1}}},"5":{"name":"(anonymous_5)","decl":{"start":{"line":161,"column":29},"end":{"line":161,"column":30}},"loc":{"start":{"line":162,"column":4},"end":{"line":164,"column":49}}},"6":{"name":"fechaValida","decl":{"start":{"line":168,"column":9},"end":{"line":168,"column":20}},"loc":{"start":{"line":168,"column":35},"end":{"line":172,"column":1}}},"7":{"name":"resolverEstadoTemporalAsignacion","decl":{"start":{"line":174,"column":16},"end":{"line":174,"column":48}},"loc":{"start":{"line":176,"column":36},"end":{"line":193,"column":1}}},"8":{"name":"transicionarAsignacionesVencidas","decl":{"start":{"line":195,"column":16},"end":{"line":195,"column":48}},"loc":{"start":{"line":197,"column":36},"end":{"line":209,"column":1}}},"9":{"name":"(anonymous_9)","decl":{"start":{"line":199,"column":26},"end":{"line":199,"column":27}},"loc":{"start":{"line":199,"column":41},"end":{"line":208,"column":3}}},"10":{"name":"validateAsignacion","decl":{"start":{"line":211,"column":16},"end":{"line":211,"column":34}},"loc":{"start":{"line":214,"column":26},"end":{"line":228,"column":1}}},"11":{"name":"publishAsignacion","decl":{"start":{"line":230,"column":16},"end":{"line":230,"column":33}},"loc":{"start":{"line":234,"column":25},"end":{"line":252,"column":1}}},"12":{"name":"publicarAsignacion","decl":{"start":{"line":254,"column":22},"end":{"line":254,"column":40}},"loc":{"start":{"line":255,"column":36},"end":{"line":261,"column":1}}},"13":{"name":"actualizarAsignacion","decl":{"start":{"line":263,"column":22},"end":{"line":263,"column":42}},"loc":{"start":{"line":264,"column":38},"end":{"line":269,"column":1}}},"14":{"name":"eliminarAsignacion","decl":{"start":{"line":271,"column":22},"end":{"line":271,"column":40}},"loc":{"start":{"line":272,"column":36},"end":{"line":277,"column":1}}}},"branchMap":{"0":{"loc":{"start":{"line":104,"column":14},"end":{"line":104,"column":73}},"type":"cond-expr","locations":[{"start":{"line":104,"column":47},"end":{"line":104,"column":61}},{"start":{"line":104,"column":64},"end":{"line":104,"column":73}}]},"1":{"loc":{"start":{"line":105,"column":2},"end":{"line":105,"column":89}},"type":"if","locations":[{"start":{"line":105,"column":2},"end":{"line":105,"column":89}}]},"2":{"loc":{"start":{"line":105,"column":6},"end":{"line":105,"column":75}},"type":"binary-expr","locations":[{"start":{"line":105,"column":6},"end":{"line":105,"column":19}},{"start":{"line":105,"column":23},"end":{"line":105,"column":75}}]},"3":{"loc":{"start":{"line":115,"column":2},"end":{"line":117,"column":3}},"type":"if","locations":[{"start":{"line":115,"column":2},"end":{"line":117,"column":3}}]},"4":{"loc":{"start":{"line":115,"column":6},"end":{"line":115,"column":32}},"type":"binary-expr","locations":[{"start":{"line":115,"column":6},"end":{"line":115,"column":15}},{"start":{"line":115,"column":19},"end":{"line":115,"column":32}}]},"5":{"loc":{"start":{"line":120,"column":2},"end":{"line":122,"column":3}},"type":"if","locations":[{"start":{"line":120,"column":2},"end":{"line":122,"column":3}}]},"6":{"loc":{"start":{"line":127,"column":20},"end":{"line":127,"column":93}},"type":"cond-expr","locations":[{"start":{"line":127,"column":35},"end":{"line":127,"column":48}},{"start":{"line":127,"column":51},"end":{"line":127,"column":93}}]},"7":{"loc":{"start":{"line":127,"column":51},"end":{"line":127,"column":93}},"type":"cond-expr","locations":[{"start":{"line":127,"column":66},"end":{"line":127,"column":78}},{"start":{"line":127,"column":81},"end":{"line":127,"column":93}}]},"8":{"loc":{"start":{"line":128,"column":24},"end":{"line":128,"column":66}},"type":"cond-expr","locations":[{"start":{"line":128,"column":39},"end":{"line":128,"column":41}},{"start":{"line":128,"column":44},"end":{"line":128,"column":66}}]},"9":{"loc":{"start":{"line":128,"column":44},"end":{"line":128,"column":66}},"type":"cond-expr","locations":[{"start":{"line":128,"column":59},"end":{"line":128,"column":60}},{"start":{"line":128,"column":63},"end":{"line":128,"column":66}}]},"10":{"loc":{"start":{"line":138,"column":2},"end":{"line":140,"column":3}},"type":"if","locations":[{"start":{"line":138,"column":2},"end":{"line":140,"column":3}}]},"11":{"loc":{"start":{"line":139,"column":11},"end":{"line":139,"column":71}},"type":"binary-expr","locations":[{"start":{"line":139,"column":11},"end":{"line":139,"column":62}},{"start":{"line":139,"column":66},"end":{"line":139,"column":71}}]},"12":{"loc":{"start":{"line":142,"column":2},"end":{"line":144,"column":3}},"type":"if","locations":[{"start":{"line":142,"column":2},"end":{"line":144,"column":3}}]},"13":{"loc":{"start":{"line":143,"column":11},"end":{"line":143,"column":84}},"type":"binary-expr","locations":[{"start":{"line":143,"column":11},"end":{"line":143,"column":50}},{"start":{"line":143,"column":54},"end":{"line":143,"column":84}}]},"14":{"loc":{"start":{"line":146,"column":2},"end":{"line":151,"column":3}},"type":"if","locations":[{"start":{"line":146,"column":2},"end":{"line":151,"column":3}}]},"15":{"loc":{"start":{"line":147,"column":26},"end":{"line":147,"column":122}},"type":"binary-expr","locations":[{"start":{"line":147,"column":26},"end":{"line":147,"column":45}},{"start":{"line":147,"column":49},"end":{"line":147,"column":88}},{"start":{"line":147,"column":92},"end":{"line":147,"column":122}}]},"16":{"loc":{"start":{"line":148,"column":26},"end":{"line":148,"column":133}},"type":"binary-expr","locations":[{"start":{"line":148,"column":26},"end":{"line":148,"column":54}},{"start":{"line":148,"column":58},"end":{"line":148,"column":133}}]},"17":{"loc":{"start":{"line":148,"column":66},"end":{"line":148,"column":132}},"type":"binary-expr","locations":[{"start":{"line":148,"column":66},"end":{"line":148,"column":82}},{"start":{"line":148,"column":86},"end":{"line":148,"column":132}}]},"18":{"loc":{"start":{"line":150,"column":11},"end":{"line":150,"column":41}},"type":"binary-expr","locations":[{"start":{"line":150,"column":11},"end":{"line":150,"column":24}},{"start":{"line":150,"column":28},"end":{"line":150,"column":41}}]},"19":{"loc":{"start":{"line":162,"column":4},"end":{"line":164,"column":49}},"type":"binary-expr","locations":[{"start":{"line":162,"column":4},"end":{"line":162,"column":36}},{"start":{"line":163,"column":7},"end":{"line":163,"column":40}},{"start":{"line":164,"column":7},"end":{"line":164,"column":49}}]},"20":{"loc":{"start":{"line":169,"column":2},"end":{"line":169,"column":26}},"type":"if","locations":[{"start":{"line":169,"column":2},"end":{"line":169,"column":26}}]},"21":{"loc":{"start":{"line":171,"column":9},"end":{"line":171,"column":53}},"type":"cond-expr","locations":[{"start":{"line":171,"column":41},"end":{"line":171,"column":45}},{"start":{"line":171,"column":48},"end":{"line":171,"column":53}}]},"22":{"loc":{"start":{"line":176,"column":2},"end":{"line":176,"column":36}},"type":"default-arg","locations":[{"start":{"line":176,"column":26},"end":{"line":176,"column":36}}]},"23":{"loc":{"start":{"line":178,"column":2},"end":{"line":180,"column":3}},"type":"if","locations":[{"start":{"line":178,"column":2},"end":{"line":180,"column":3}}]},"24":{"loc":{"start":{"line":183,"column":2},"end":{"line":185,"column":3}},"type":"if","locations":[{"start":{"line":183,"column":2},"end":{"line":185,"column":3}}]},"25":{"loc":{"start":{"line":183,"column":6},"end":{"line":183,"column":44}},"type":"binary-expr","locations":[{"start":{"line":183,"column":6},"end":{"line":183,"column":14}},{"start":{"line":183,"column":18},"end":{"line":183,"column":44}}]},"26":{"loc":{"start":{"line":188,"column":2},"end":{"line":190,"column":3}},"type":"if","locations":[{"start":{"line":188,"column":2},"end":{"line":190,"column":3}}]},"27":{"loc":{"start":{"line":188,"column":6},"end":{"line":188,"column":40}},"type":"binary-expr","locations":[{"start":{"line":188,"column":6},"end":{"line":188,"column":12}},{"start":{"line":188,"column":16},"end":{"line":188,"column":40}}]},"28":{"loc":{"start":{"line":197,"column":2},"end":{"line":197,"column":36}},"type":"default-arg","locations":[{"start":{"line":197,"column":26},"end":{"line":197,"column":36}}]},"29":{"loc":{"start":{"line":201,"column":4},"end":{"line":201,"column":56}},"type":"if","locations":[{"start":{"line":201,"column":4},"end":{"line":201,"column":56}}]},"30":{"loc":{"start":{"line":215,"column":2},"end":{"line":217,"column":3}},"type":"if","locations":[{"start":{"line":215,"column":2},"end":{"line":217,"column":3}}]},"31":{"loc":{"start":{"line":219,"column":2},"end":{"line":221,"column":3}},"type":"if","locations":[{"start":{"line":219,"column":2},"end":{"line":221,"column":3}}]},"32":{"loc":{"start":{"line":223,"column":2},"end":{"line":225,"column":3}},"type":"if","locations":[{"start":{"line":223,"column":2},"end":{"line":225,"column":3}}]},"33":{"loc":{"start":{"line":237,"column":2},"end":{"line":243,"column":3}},"type":"if","locations":[{"start":{"line":237,"column":2},"end":{"line":243,"column":3}}]},"34":{"loc":{"start":{"line":238,"column":4},"end":{"line":240,"column":5}},"type":"if","locations":[{"start":{"line":238,"column":4},"end":{"line":240,"column":5}}]},"35":{"loc":{"start":{"line":275,"column":16},"end":{"line":275,"column":56}},"type":"binary-expr","locations":[{"start":{"line":275,"column":16},"end":{"line":275,"column":32}},{"start":{"line":275,"column":36},"end":{"line":275,"column":56}}]}},"s":{"0":1,"1":1,"2":1,"3":1,"4":1,"5":1,"6":1,"7":1,"8":1,"9":1,"10":1,"11":1,"12":2,"13":2,"14":1,"15":1,"16":4,"17":4,"18":4,"19":2,"20":2,"21":2,"22":1,"23":1,"24":3,"25":1,"26":4,"27":4,"28":1,"29":3,"30":1,"31":2,"32":2,"33":2,"34":2,"35":0,"36":1,"37":6,"38":7,"39":0,"40":7,"41":7,"42":4,"43":0,"44":4,"45":4,"46":1,"47":3,"48":3,"49":1,"50":2,"51":2,"52":2,"53":2,"54":1,"55":1,"56":3,"57":0,"58":3,"59":0,"60":3,"61":2,"62":1,"63":2,"64":2,"65":1,"66":1,"67":0,"68":1,"69":0,"70":0,"71":0},"f":{"0":2,"1":4,"2":3,"3":4,"4":1,"5":6,"6":7,"7":4,"8":2,"9":2,"10":3,"11":2,"12":0,"13":0,"14":0},"b":{"0":[2,0],"1":[1],"2":[2,1],"3":[2],"4":[4,3],"5":[1],"6":[1,2],"7":[1,1],"8":[1,2],"9":[1,1],"10":[1],"11":[1,0],"12":[1],"13":[1,0],"14":[2],"15":[2,2,0],"16":[2,2],"17":[2,2],"18":[2,2],"19":[6,5,4],"20":[0],"21":[0,7],"22":[0],"23":[0],"24":[1],"25":[4,4],"26":[1],"27":[3,3],"28":[0],"29":[1],"30":[0],"31":[0],"32":[2],"33":[1],"34":[1],"35":[0,0]}}
,"E:\\Apps\\Tudojang\\servicios\\academico\\bibliotecaService.ts": {"path":"E:\\Apps\\Tudojang\\servicios\\academico\\bibliotecaService.ts","statementMap":{"0":{"start":{"line":5,"column":0},"end":{"line":5,"column":null}},"1":{"start":{"line":13,"column":0},"end":{"line":13,"column":65}},"2":{"start":{"line":22,"column":39},"end":{"line":22,"column":41}},"3":{"start":{"line":24,"column":33},"end":{"line":26,"column":1}},"4":{"start":{"line":25,"column":2},"end":{"line":25,"column":20}},"5":{"start":{"line":24,"column":13},"end":{"line":24,"column":33}},"6":{"start":{"line":28,"column":31},"end":{"line":28,"column":49}},"7":{"start":{"line":28,"column":37},"end":{"line":28,"column":49}},"8":{"start":{"line":28,"column":13},"end":{"line":28,"column":31}},"9":{"start":{"line":33,"column":38},"end":{"line":204,"column":1}},"10":{"start":{"line":35,"column":22},"end":{"line":35,"column":41}},"11":{"start":{"line":35,"column":28},"end":{"line":35,"column":41}},"12":{"start":{"line":36,"column":26},"end":{"line":36,"column":122}},"13":{"start":{"line":36,"column":32},"end":{"line":36,"column":122}},"14":{"start":{"line":41,"column":26},"end":{"line":83,"column":3}},"15":{"start":{"line":48,"column":4},"end":{"line":65,"column":5}},"16":{"start":{"line":49,"column":17},"end":{"line":49,"column":79}},"17":{"start":{"line":50,"column":40},"end":{"line":62,"column":8}},"18":{"start":{"line":63,"column":6},"end":{"line":63,"column":33}},"19":{"start":{"line":64,"column":6},"end":{"line":64,"column":21}},"20":{"start":{"line":67,"column":19},"end":{"line":67,"column":82}},"21":{"start":{"line":68,"column":38},"end":{"line":80,"column":6}},"22":{"start":{"line":81,"column":4},"end":{"line":81,"column":34}},"23":{"start":{"line":82,"column":4},"end":{"line":82,"column":19}},"24":{"start":{"line":88,"column":22},"end":{"line":121,"column":3}},"25":{"start":{"line":93,"column":4},"end":{"line":105,"column":5}},"26":{"start":{"line":94,"column":22},"end":{"line":94,"column":91}},"27":{"start":{"line":94,"column":45},"end":{"line":94,"column":90}},"28":{"start":{"line":95,"column":6},"end":{"line":97,"column":7}},"29":{"start":{"line":96,"column":8},"end":{"line":96,"column":49}},"30":{"start":{"line":98,"column":6},"end":{"line":100,"column":7}},"31":{"start":{"line":99,"column":8},"end":{"line":99,"column":108}},"32":{"start":{"line":101,"column":6},"end":{"line":101,"column":28}},"33":{"start":{"line":102,"column":6},"end":{"line":102,"column":35}},"34":{"start":{"line":103,"column":6},"end":{"line":103,"column":55}},"35":{"start":{"line":104,"column":6},"end":{"line":104,"column":13}},"36":{"start":{"line":107,"column":19},"end":{"line":107,"column":81}},"37":{"start":{"line":108,"column":17},"end":{"line":108,"column":37}},"38":{"start":{"line":109,"column":4},"end":{"line":111,"column":5}},"39":{"start":{"line":110,"column":6},"end":{"line":110,"column":47}},"40":{"start":{"line":112,"column":20},"end":{"line":112,"column":51}},"41":{"start":{"line":113,"column":4},"end":{"line":115,"column":5}},"42":{"start":{"line":114,"column":6},"end":{"line":114,"column":106}},"43":{"start":{"line":116,"column":4},"end":{"line":120,"column":7}},"44":{"start":{"line":126,"column":25},"end":{"line":161,"column":3}},"45":{"start":{"line":131,"column":4},"end":{"line":144,"column":5}},"46":{"start":{"line":132,"column":22},"end":{"line":132,"column":91}},"47":{"start":{"line":132,"column":45},"end":{"line":132,"column":90}},"48":{"start":{"line":133,"column":6},"end":{"line":135,"column":7}},"49":{"start":{"line":134,"column":8},"end":{"line":134,"column":49}},"50":{"start":{"line":136,"column":6},"end":{"line":138,"column":7}},"51":{"start":{"line":137,"column":8},"end":{"line":137,"column":107}},"52":{"start":{"line":139,"column":6},"end":{"line":139,"column":34}},"53":{"start":{"line":140,"column":6},"end":{"line":140,"column":40}},"54":{"start":{"line":141,"column":6},"end":{"line":141,"column":52}},"55":{"start":{"line":142,"column":6},"end":{"line":142,"column":55}},"56":{"start":{"line":143,"column":6},"end":{"line":143,"column":13}},"57":{"start":{"line":146,"column":19},"end":{"line":146,"column":81}},"58":{"start":{"line":147,"column":17},"end":{"line":147,"column":37}},"59":{"start":{"line":148,"column":4},"end":{"line":150,"column":5}},"60":{"start":{"line":149,"column":6},"end":{"line":149,"column":47}},"61":{"start":{"line":151,"column":20},"end":{"line":151,"column":51}},"62":{"start":{"line":152,"column":4},"end":{"line":154,"column":5}},"63":{"start":{"line":153,"column":6},"end":{"line":153,"column":105}},"64":{"start":{"line":155,"column":4},"end":{"line":160,"column":7}},"65":{"start":{"line":166,"column":25},"end":{"line":196,"column":3}},"66":{"start":{"line":170,"column":4},"end":{"line":181,"column":5}},"67":{"start":{"line":171,"column":22},"end":{"line":171,"column":91}},"68":{"start":{"line":171,"column":45},"end":{"line":171,"column":90}},"69":{"start":{"line":172,"column":6},"end":{"line":174,"column":7}},"70":{"start":{"line":173,"column":8},"end":{"line":173,"column":49}},"71":{"start":{"line":175,"column":6},"end":{"line":177,"column":7}},"72":{"start":{"line":176,"column":8},"end":{"line":176,"column":108}},"73":{"start":{"line":178,"column":6},"end":{"line":178,"column":35}},"74":{"start":{"line":179,"column":6},"end":{"line":179,"column":55}},"75":{"start":{"line":180,"column":6},"end":{"line":180,"column":13}},"76":{"start":{"line":183,"column":19},"end":{"line":183,"column":81}},"77":{"start":{"line":184,"column":17},"end":{"line":184,"column":37}},"78":{"start":{"line":185,"column":4},"end":{"line":187,"column":5}},"79":{"start":{"line":186,"column":6},"end":{"line":186,"column":47}},"80":{"start":{"line":188,"column":20},"end":{"line":188,"column":51}},"81":{"start":{"line":189,"column":4},"end":{"line":191,"column":5}},"82":{"start":{"line":190,"column":6},"end":{"line":190,"column":106}},"83":{"start":{"line":192,"column":4},"end":{"line":195,"column":7}},"84":{"start":{"line":198,"column":2},"end":{"line":203,"column":4}},"85":{"start":{"line":33,"column":13},"end":{"line":33,"column":38}},"86":{"start":{"line":206,"column":13},"end":{"line":206,"column":58}},"87":{"start":{"line":210,"column":2},"end":{"line":214,"column":22}}},"fnMap":{"0":{"name":"(anonymous_0)","decl":{"start":{"line":24,"column":33},"end":{"line":24,"column":36}},"loc":{"start":{"line":24,"column":38},"end":{"line":26,"column":1}}},"1":{"name":"(anonymous_1)","decl":{"start":{"line":28,"column":31},"end":{"line":28,"column":34}},"loc":{"start":{"line":28,"column":37},"end":{"line":28,"column":49}}},"2":{"name":"(anonymous_2)","decl":{"start":{"line":33,"column":38},"end":{"line":33,"column":39}},"loc":{"start":{"line":33,"column":75},"end":{"line":204,"column":1}}},"3":{"name":"(anonymous_3)","decl":{"start":{"line":35,"column":22},"end":{"line":35,"column":25}},"loc":{"start":{"line":35,"column":28},"end":{"line":35,"column":41}}},"4":{"name":"(anonymous_4)","decl":{"start":{"line":36,"column":26},"end":{"line":36,"column":29}},"loc":{"start":{"line":36,"column":32},"end":{"line":36,"column":122}}},"5":{"name":"(anonymous_5)","decl":{"start":{"line":41,"column":26},"end":{"line":41,"column":31}},"loc":{"start":{"line":47,"column":33},"end":{"line":83,"column":3}}},"6":{"name":"(anonymous_6)","decl":{"start":{"line":88,"column":22},"end":{"line":88,"column":27}},"loc":{"start":{"line":92,"column":21},"end":{"line":121,"column":3}}},"7":{"name":"(anonymous_7)","decl":{"start":{"line":94,"column":40},"end":{"line":94,"column":41}},"loc":{"start":{"line":94,"column":45},"end":{"line":94,"column":90}}},"8":{"name":"(anonymous_8)","decl":{"start":{"line":126,"column":25},"end":{"line":126,"column":30}},"loc":{"start":{"line":130,"column":21},"end":{"line":161,"column":3}}},"9":{"name":"(anonymous_9)","decl":{"start":{"line":132,"column":40},"end":{"line":132,"column":41}},"loc":{"start":{"line":132,"column":45},"end":{"line":132,"column":90}}},"10":{"name":"(anonymous_10)","decl":{"start":{"line":166,"column":25},"end":{"line":166,"column":30}},"loc":{"start":{"line":169,"column":21},"end":{"line":196,"column":3}}},"11":{"name":"(anonymous_11)","decl":{"start":{"line":171,"column":40},"end":{"line":171,"column":41}},"loc":{"start":{"line":171,"column":45},"end":{"line":171,"column":90}}}},"branchMap":{"0":{"loc":{"start":{"line":33,"column":39},"end":{"line":33,"column":71}},"type":"default-arg","locations":[{"start":{"line":33,"column":69},"end":{"line":33,"column":71}}]},"1":{"loc":{"start":{"line":35,"column":28},"end":{"line":35,"column":41}},"type":"binary-expr","locations":[{"start":{"line":35,"column":28},"end":{"line":35,"column":35}},{"start":{"line":35,"column":39},"end":{"line":35,"column":41}}]},"2":{"loc":{"start":{"line":36,"column":32},"end":{"line":36,"column":122}},"type":"cond-expr","locations":[{"start":{"line":36,"column":74},"end":{"line":36,"column":99}},{"start":{"line":36,"column":102},"end":{"line":36,"column":122}}]},"3":{"loc":{"start":{"line":48,"column":4},"end":{"line":65,"column":5}},"type":"if","locations":[{"start":{"line":48,"column":4},"end":{"line":65,"column":5}}]},"4":{"loc":{"start":{"line":93,"column":4},"end":{"line":105,"column":5}},"type":"if","locations":[{"start":{"line":93,"column":4},"end":{"line":105,"column":5}}]},"5":{"loc":{"start":{"line":94,"column":45},"end":{"line":94,"column":90}},"type":"binary-expr","locations":[{"start":{"line":94,"column":45},"end":{"line":94,"column":63}},{"start":{"line":94,"column":67},"end":{"line":94,"column":90}}]},"6":{"loc":{"start":{"line":95,"column":6},"end":{"line":97,"column":7}},"type":"if","locations":[{"start":{"line":95,"column":6},"end":{"line":97,"column":7}}]},"7":{"loc":{"start":{"line":98,"column":6},"end":{"line":100,"column":7}},"type":"if","locations":[{"start":{"line":98,"column":6},"end":{"line":100,"column":7}}]},"8":{"loc":{"start":{"line":98,"column":10},"end":{"line":98,"column":73}},"type":"binary-expr","locations":[{"start":{"line":98,"column":10},"end":{"line":98,"column":39}},{"start":{"line":98,"column":43},"end":{"line":98,"column":73}}]},"9":{"loc":{"start":{"line":109,"column":4},"end":{"line":111,"column":5}},"type":"if","locations":[{"start":{"line":109,"column":4},"end":{"line":111,"column":5}}]},"10":{"loc":{"start":{"line":113,"column":4},"end":{"line":115,"column":5}},"type":"if","locations":[{"start":{"line":113,"column":4},"end":{"line":115,"column":5}}]},"11":{"loc":{"start":{"line":113,"column":8},"end":{"line":113,"column":71}},"type":"binary-expr","locations":[{"start":{"line":113,"column":8},"end":{"line":113,"column":37}},{"start":{"line":113,"column":41},"end":{"line":113,"column":71}}]},"12":{"loc":{"start":{"line":131,"column":4},"end":{"line":144,"column":5}},"type":"if","locations":[{"start":{"line":131,"column":4},"end":{"line":144,"column":5}}]},"13":{"loc":{"start":{"line":132,"column":45},"end":{"line":132,"column":90}},"type":"binary-expr","locations":[{"start":{"line":132,"column":45},"end":{"line":132,"column":63}},{"start":{"line":132,"column":67},"end":{"line":132,"column":90}}]},"14":{"loc":{"start":{"line":133,"column":6},"end":{"line":135,"column":7}},"type":"if","locations":[{"start":{"line":133,"column":6},"end":{"line":135,"column":7}}]},"15":{"loc":{"start":{"line":136,"column":6},"end":{"line":138,"column":7}},"type":"if","locations":[{"start":{"line":136,"column":6},"end":{"line":138,"column":7}}]},"16":{"loc":{"start":{"line":148,"column":4},"end":{"line":150,"column":5}},"type":"if","locations":[{"start":{"line":148,"column":4},"end":{"line":150,"column":5}}]},"17":{"loc":{"start":{"line":152,"column":4},"end":{"line":154,"column":5}},"type":"if","locations":[{"start":{"line":152,"column":4},"end":{"line":154,"column":5}}]},"18":{"loc":{"start":{"line":170,"column":4},"end":{"line":181,"column":5}},"type":"if","locations":[{"start":{"line":170,"column":4},"end":{"line":181,"column":5}}]},"19":{"loc":{"start":{"line":171,"column":45},"end":{"line":171,"column":90}},"type":"binary-expr","locations":[{"start":{"line":171,"column":45},"end":{"line":171,"column":63}},{"start":{"line":171,"column":67},"end":{"line":171,"column":90}}]},"20":{"loc":{"start":{"line":172,"column":6},"end":{"line":174,"column":7}},"type":"if","locations":[{"start":{"line":172,"column":6},"end":{"line":174,"column":7}}]},"21":{"loc":{"start":{"line":175,"column":6},"end":{"line":177,"column":7}},"type":"if","locations":[{"start":{"line":175,"column":6},"end":{"line":177,"column":7}}]},"22":{"loc":{"start":{"line":185,"column":4},"end":{"line":187,"column":5}},"type":"if","locations":[{"start":{"line":185,"column":4},"end":{"line":187,"column":5}}]},"23":{"loc":{"start":{"line":189,"column":4},"end":{"line":191,"column":5}},"type":"if","locations":[{"start":{"line":189,"column":4},"end":{"line":191,"column":5}}]}},"s":{"0":1,"1":1,"2":1,"3":1,"4":13,"5":1,"6":1,"7":4,"8":1,"9":1,"10":1,"11":6,"12":1,"13":21,"14":1,"15":7,"16":6,"17":6,"18":6,"19":6,"20":1,"21":1,"22":1,"23":1,"24":1,"25":7,"26":4,"27":3,"28":4,"29":1,"30":3,"31":0,"32":3,"33":3,"34":3,"35":3,"36":3,"37":3,"38":3,"39":1,"40":2,"41":2,"42":1,"43":1,"44":1,"45":4,"46":3,"47":3,"48":3,"49":0,"50":3,"51":1,"52":2,"53":2,"54":2,"55":2,"56":2,"57":1,"58":1,"59":1,"60":0,"61":1,"62":1,"63":0,"64":1,"65":1,"66":3,"67":2,"68":2,"69":2,"70":0,"71":2,"72":1,"73":1,"74":1,"75":1,"76":1,"77":1,"78":1,"79":0,"80":1,"81":1,"82":0,"83":1,"84":1,"85":1,"86":1,"87":1},"f":{"0":13,"1":4,"2":1,"3":6,"4":21,"5":7,"6":7,"7":3,"8":4,"9":3,"10":3,"11":2},"b":{"0":[1],"1":[6,6],"2":[0,21],"3":[6],"4":[4],"5":[3,3],"6":[1],"7":[0],"8":[3,0],"9":[1],"10":[1],"11":[2,1],"12":[3],"13":[3,3],"14":[0],"15":[1],"16":[0],"17":[0],"18":[2],"19":[2,2],"20":[0],"21":[1],"22":[0],"23":[0]}}
,"E:\\Apps\\Tudojang\\servicios\\academico\\centroEstudiosRepository.ts": {"path":"E:\\Apps\\Tudojang\\servicios\\academico\\centroEstudiosRepository.ts","statementMap":{"0":{"start":{"line":23,"column":0},"end":{"line":23,"column":16}},"1":{"start":{"line":6,"column":0},"end":{"line":6,"column":86}},"2":{"start":{"line":7,"column":0},"end":{"line":7,"column":71}},"3":{"start":{"line":8,"column":0},"end":{"line":8,"column":83}},"4":{"start":{"line":16,"column":22},"end":{"line":16,"column":69}},"5":{"start":{"line":17,"column":4},"end":{"line":19,"column":6}},"6":{"start":{"line":14,"column":0},"end":{"line":14,"column":13}},"7":{"start":{"line":27,"column":2},"end":{"line":27,"column":85}},"8":{"start":{"line":30,"column":13},"end":{"line":30,"column":101}}},"fnMap":{"0":{"name":"(anonymous_0)","decl":{"start":{"line":15,"column":2},"end":{"line":15,"column":7}},"loc":{"start":{"line":15,"column":63},"end":{"line":20,"column":3}}},"1":{"name":"prepararAsignacionesCentroEstudios","decl":{"start":{"line":23,"column":16},"end":{"line":23,"column":50}},"loc":{"start":{"line":25,"column":51},"end":{"line":28,"column":1}}}},"branchMap":{"0":{"loc":{"start":{"line":25,"column":2},"end":{"line":25,"column":51}},"type":"default-arg","locations":[{"start":{"line":25,"column":33},"end":{"line":25,"column":51}}]}},"s":{"0":1,"1":1,"2":1,"3":1,"4":1,"5":1,"6":1,"7":2,"8":1},"f":{"0":1,"1":2},"b":{"0":[2]}}
,"E:\\Apps\\Tudojang\\servicios\\academico\\closeJornada.ts": {"path":"E:\\Apps\\Tudojang\\servicios\\academico\\closeJornada.ts","statementMap":{"0":{"start":{"line":19,"column":0},"end":{"line":19,"column":16}},"1":{"start":{"line":3,"column":0},"end":{"line":3,"column":49}},"2":{"start":{"line":4,"column":0},"end":{"line":4,"column":49}},"3":{"start":{"line":24,"column":25},"end":{"line":24,"column":47}},"4":{"start":{"line":25,"column":31},"end":{"line":25,"column":93}},"5":{"start":{"line":26,"column":38},"end":{"line":27,"column":null}},"6":{"start":{"line":27,"column":20},"end":{"line":27,"column":69}},"7":{"start":{"line":30,"column":2},"end":{"line":35,"column":4}}},"fnMap":{"0":{"name":"cerrarJornadaConPrograma","decl":{"start":{"line":19,"column":16},"end":{"line":19,"column":40}},"loc":{"start":{"line":23,"column":32},"end":{"line":36,"column":1}}},"1":{"name":"(anonymous_1)","decl":{"start":{"line":27,"column":4},"end":{"line":27,"column":5}},"loc":{"start":{"line":27,"column":20},"end":{"line":27,"column":69}}}},"branchMap":{},"s":{"0":1,"1":1,"2":1,"3":3,"4":2,"5":2,"6":3,"7":2},"f":{"0":3,"1":3},"b":{}}
,"E:\\Apps\\Tudojang\\servicios\\academico\\confirmJornada.ts": {"path":"E:\\Apps\\Tudojang\\servicios\\academico\\confirmJornada.ts","statementMap":{"0":{"start":{"line":41,"column":0},"end":{"line":41,"column":16}},"1":{"start":{"line":3,"column":0},"end":{"line":3,"column":53}},"2":{"start":{"line":32,"column":19},"end":{"line":32,"column":46}},"3":{"start":{"line":33,"column":2},"end":{"line":33,"column":22}},"4":{"start":{"line":37,"column":2},"end":{"line":37,"column":40}},"5":{"start":{"line":37,"column":27},"end":{"line":37,"column":40}},"6":{"start":{"line":38,"column":2},"end":{"line":38,"column":98}},"7":{"start":{"line":45,"column":46},"end":{"line":45,"column":48}},"8":{"start":{"line":47,"column":2},"end":{"line":49,"column":3}},"9":{"start":{"line":48,"column":4},"end":{"line":48,"column":36}},"10":{"start":{"line":51,"column":2},"end":{"line":53,"column":3}},"11":{"start":{"line":52,"column":4},"end":{"line":52,"column":50}},"12":{"start":{"line":55,"column":2},"end":{"line":57,"column":3}},"13":{"start":{"line":56,"column":4},"end":{"line":56,"column":43}},"14":{"start":{"line":59,"column":2},"end":{"line":61,"column":3}},"15":{"start":{"line":60,"column":4},"end":{"line":60,"column":45}},"16":{"start":{"line":63,"column":32},"end":{"line":70,"column":4}},"17":{"start":{"line":72,"column":2},"end":{"line":74,"column":3}},"18":{"start":{"line":73,"column":4},"end":{"line":73,"column":42}},"19":{"start":{"line":76,"column":2},"end":{"line":78,"column":3}},"20":{"start":{"line":76,"column":54},"end":{"line":76,"column":113}},"21":{"start":{"line":77,"column":4},"end":{"line":77,"column":45}},"22":{"start":{"line":80,"column":2},"end":{"line":82,"column":3}},"23":{"start":{"line":80,"column":49},"end":{"line":80,"column":108}},"24":{"start":{"line":81,"column":4},"end":{"line":81,"column":40}},"25":{"start":{"line":84,"column":2},"end":{"line":87,"column":4}}},"fnMap":{"0":{"name":"minutos","decl":{"start":{"line":31,"column":9},"end":{"line":31,"column":16}},"loc":{"start":{"line":31,"column":29},"end":{"line":34,"column":1}}},"1":{"name":"seCruzan","decl":{"start":{"line":36,"column":9},"end":{"line":36,"column":17}},"loc":{"start":{"line":36,"column":62},"end":{"line":39,"column":1}}},"2":{"name":"validarConfirmacionJornada","decl":{"start":{"line":41,"column":16},"end":{"line":41,"column":42}},"loc":{"start":{"line":43,"column":39},"end":{"line":88,"column":1}}},"3":{"name":"(anonymous_3)","decl":{"start":{"line":76,"column":39},"end":{"line":76,"column":40}},"loc":{"start":{"line":76,"column":54},"end":{"line":76,"column":113}}},"4":{"name":"(anonymous_4)","decl":{"start":{"line":80,"column":34},"end":{"line":80,"column":35}},"loc":{"start":{"line":80,"column":49},"end":{"line":80,"column":108}}}},"branchMap":{"0":{"loc":{"start":{"line":37,"column":2},"end":{"line":37,"column":40}},"type":"if","locations":[{"start":{"line":37,"column":2},"end":{"line":37,"column":40}}]},"1":{"loc":{"start":{"line":38,"column":9},"end":{"line":38,"column":97}},"type":"binary-expr","locations":[{"start":{"line":38,"column":9},"end":{"line":38,"column":51}},{"start":{"line":38,"column":55},"end":{"line":38,"column":97}}]},"2":{"loc":{"start":{"line":47,"column":2},"end":{"line":49,"column":3}},"type":"if","locations":[{"start":{"line":47,"column":2},"end":{"line":49,"column":3}}]},"3":{"loc":{"start":{"line":51,"column":2},"end":{"line":53,"column":3}},"type":"if","locations":[{"start":{"line":51,"column":2},"end":{"line":53,"column":3}}]},"4":{"loc":{"start":{"line":55,"column":2},"end":{"line":57,"column":3}},"type":"if","locations":[{"start":{"line":55,"column":2},"end":{"line":57,"column":3}}]},"5":{"loc":{"start":{"line":59,"column":2},"end":{"line":61,"column":3}},"type":"if","locations":[{"start":{"line":59,"column":2},"end":{"line":61,"column":3}}]},"6":{"loc":{"start":{"line":72,"column":2},"end":{"line":74,"column":3}},"type":"if","locations":[{"start":{"line":72,"column":2},"end":{"line":74,"column":3}}]},"7":{"loc":{"start":{"line":76,"column":2},"end":{"line":78,"column":3}},"type":"if","locations":[{"start":{"line":76,"column":2},"end":{"line":78,"column":3}}]},"8":{"loc":{"start":{"line":76,"column":54},"end":{"line":76,"column":113}},"type":"binary-expr","locations":[{"start":{"line":76,"column":54},"end":{"line":76,"column":81}},{"start":{"line":76,"column":85},"end":{"line":76,"column":113}}]},"9":{"loc":{"start":{"line":80,"column":2},"end":{"line":82,"column":3}},"type":"if","locations":[{"start":{"line":80,"column":2},"end":{"line":82,"column":3}}]},"10":{"loc":{"start":{"line":80,"column":49},"end":{"line":80,"column":108}},"type":"binary-expr","locations":[{"start":{"line":80,"column":49},"end":{"line":80,"column":76}},{"start":{"line":80,"column":80},"end":{"line":80,"column":108}}]}},"s":{"0":1,"1":1,"2":8,"3":8,"4":2,"5":0,"6":2,"7":6,"8":6,"9":1,"10":6,"11":1,"12":6,"13":1,"14":6,"15":1,"16":6,"17":6,"18":1,"19":6,"20":1,"21":1,"22":6,"23":1,"24":1,"25":6},"f":{"0":8,"1":2,"2":6,"3":1,"4":1},"b":{"0":[0],"1":[2,2],"2":[1],"3":[1],"4":[1],"5":[1],"6":[1],"7":[1],"8":[1,1],"9":[1],"10":[1,1]}}
,"E:\\Apps\\Tudojang\\servicios\\academico\\espacioService.ts": {"path":"E:\\Apps\\Tudojang\\servicios\\academico\\espacioService.ts","statementMap":{"0":{"start":{"line":52,"column":0},"end":{"line":52,"column":16}},"1":{"start":{"line":68,"column":0},"end":{"line":68,"column":16}},"2":{"start":{"line":81,"column":0},"end":{"line":81,"column":16}},"3":{"start":{"line":29,"column":16},"end":{"line":29,"column":105}},"4":{"start":{"line":29,"column":37},"end":{"line":29,"column":105}},"5":{"start":{"line":32,"column":19},"end":{"line":32,"column":46}},"6":{"start":{"line":33,"column":2},"end":{"line":35,"column":3}},"7":{"start":{"line":34,"column":4},"end":{"line":34,"column":46}},"8":{"start":{"line":36,"column":2},"end":{"line":36,"column":22}},"9":{"start":{"line":40,"column":18},"end":{"line":40,"column":34}},"10":{"start":{"line":41,"column":15},"end":{"line":41,"column":28}},"11":{"start":{"line":42,"column":18},"end":{"line":42,"column":34}},"12":{"start":{"line":43,"column":15},"end":{"line":43,"column":28}},"13":{"start":{"line":45,"column":2},"end":{"line":47,"column":3}},"14":{"start":{"line":46,"column":4},"end":{"line":46,"column":92}},"15":{"start":{"line":49,"column":2},"end":{"line":49,"column":42}},"16":{"start":{"line":53,"column":16},"end":{"line":53,"column":40}},"17":{"start":{"line":55,"column":2},"end":{"line":65,"column":4}},"18":{"start":{"line":72,"column":2},"end":{"line":78,"column":4}},"19":{"start":{"line":82,"column":21},"end":{"line":93,"column":4}},"20":{"start":{"line":83,"column":4},"end":{"line":83,"column":62}},"21":{"start":{"line":83,"column":49},"end":{"line":83,"column":62}},"22":{"start":{"line":84,"column":4},"end":{"line":84,"column":54}},"23":{"start":{"line":84,"column":41},"end":{"line":84,"column":54}},"24":{"start":{"line":85,"column":4},"end":{"line":85,"column":76}},"25":{"start":{"line":85,"column":63},"end":{"line":85,"column":76}},"26":{"start":{"line":87,"column":4},"end":{"line":92,"column":6}},"27":{"start":{"line":95,"column":2},"end":{"line":98,"column":4}}},"fnMap":{"0":{"name":"(anonymous_0)","decl":{"start":{"line":29,"column":16},"end":{"line":29,"column":17}},"loc":{"start":{"line":29,"column":37},"end":{"line":29,"column":105}}},"1":{"name":"minutos","decl":{"start":{"line":31,"column":9},"end":{"line":31,"column":16}},"loc":{"start":{"line":31,"column":29},"end":{"line":37,"column":1}}},"2":{"name":"haySolapamiento","decl":{"start":{"line":39,"column":9},"end":{"line":39,"column":24}},"loc":{"start":{"line":39,"column":85},"end":{"line":50,"column":1}}},"3":{"name":"createEspacio","decl":{"start":{"line":52,"column":16},"end":{"line":52,"column":29}},"loc":{"start":{"line":52,"column":54},"end":{"line":66,"column":1}}},"4":{"name":"updateEspacio","decl":{"start":{"line":68,"column":16},"end":{"line":68,"column":29}},"loc":{"start":{"line":70,"column":33},"end":{"line":79,"column":1}}},"5":{"name":"getDisponibilidad","decl":{"start":{"line":81,"column":16},"end":{"line":81,"column":33}},"loc":{"start":{"line":81,"column":64},"end":{"line":99,"column":1}}},"6":{"name":"(anonymous_6)","decl":{"start":{"line":82,"column":45},"end":{"line":82,"column":46}},"loc":{"start":{"line":82,"column":57},"end":{"line":93,"column":3}}}},"branchMap":{"0":{"loc":{"start":{"line":33,"column":2},"end":{"line":35,"column":3}},"type":"if","locations":[{"start":{"line":33,"column":2},"end":{"line":35,"column":3}}]},"1":{"loc":{"start":{"line":33,"column":6},"end":{"line":33,"column":50}},"type":"binary-expr","locations":[{"start":{"line":33,"column":6},"end":{"line":33,"column":26}},{"start":{"line":33,"column":30},"end":{"line":33,"column":50}}]},"2":{"loc":{"start":{"line":45,"column":2},"end":{"line":47,"column":3}},"type":"if","locations":[{"start":{"line":45,"column":2},"end":{"line":47,"column":3}}]},"3":{"loc":{"start":{"line":45,"column":6},"end":{"line":45,"column":40}},"type":"binary-expr","locations":[{"start":{"line":45,"column":6},"end":{"line":45,"column":21}},{"start":{"line":45,"column":25},"end":{"line":45,"column":40}}]},"4":{"loc":{"start":{"line":49,"column":9},"end":{"line":49,"column":41}},"type":"binary-expr","locations":[{"start":{"line":49,"column":9},"end":{"line":49,"column":23}},{"start":{"line":49,"column":27},"end":{"line":49,"column":41}}]},"5":{"loc":{"start":{"line":83,"column":4},"end":{"line":83,"column":62}},"type":"if","locations":[{"start":{"line":83,"column":4},"end":{"line":83,"column":62}}]},"6":{"loc":{"start":{"line":84,"column":4},"end":{"line":84,"column":54}},"type":"if","locations":[{"start":{"line":84,"column":4},"end":{"line":84,"column":54}}]},"7":{"loc":{"start":{"line":85,"column":4},"end":{"line":85,"column":76}},"type":"if","locations":[{"start":{"line":85,"column":4},"end":{"line":85,"column":76}}]}},"s":{"0":2,"1":2,"2":2,"3":2,"4":2,"5":12,"6":12,"7":0,"8":12,"9":3,"10":3,"11":3,"12":3,"13":3,"14":0,"15":3,"16":2,"17":2,"18":1,"19":9,"20":5,"21":1,"22":4,"23":0,"24":4,"25":1,"26":3,"27":9},"f":{"0":2,"1":12,"2":3,"3":2,"4":1,"5":9,"6":5},"b":{"0":[0],"1":[12,12],"2":[0],"3":[3,3],"4":[3,2],"5":[1],"6":[0],"7":[1]}}
,"E:\\Apps\\Tudojang\\servicios\\academico\\invitacionService.ts": {"path":"E:\\Apps\\Tudojang\\servicios\\academico\\invitacionService.ts","statementMap":{"0":{"start":{"line":1,"column":0},"end":{"line":1,"column":null}},"1":{"start":{"line":8,"column":0},"end":{"line":8,"column":65}},"2":{"start":{"line":9,"column":0},"end":{"line":9,"column":65}},"3":{"start":{"line":27,"column":43},"end":{"line":27,"column":45}},"4":{"start":{"line":29,"column":36},"end":{"line":31,"column":1}},"5":{"start":{"line":30,"column":2},"end":{"line":30,"column":23}},"6":{"start":{"line":29,"column":13},"end":{"line":29,"column":36}},"7":{"start":{"line":33,"column":34},"end":{"line":33,"column":55}},"8":{"start":{"line":33,"column":40},"end":{"line":33,"column":55}},"9":{"start":{"line":33,"column":13},"end":{"line":33,"column":34}},"10":{"start":{"line":35,"column":32},"end":{"line":78,"column":1}},"11":{"start":{"line":40,"column":22},"end":{"line":40,"column":48}},"12":{"start":{"line":42,"column":2},"end":{"line":60,"column":3}},"13":{"start":{"line":43,"column":18},"end":{"line":43,"column":28}},"14":{"start":{"line":44,"column":19},"end":{"line":44,"column":29}},"15":{"start":{"line":45,"column":4},"end":{"line":45,"column":41}},"16":{"start":{"line":47,"column":39},"end":{"line":57,"column":6}},"17":{"start":{"line":58,"column":4},"end":{"line":58,"column":34}},"18":{"start":{"line":59,"column":4},"end":{"line":59,"column":19}},"19":{"start":{"line":62,"column":23},"end":{"line":65,"column":33}},"20":{"start":{"line":67,"column":19},"end":{"line":67,"column":76}},"21":{"start":{"line":68,"column":27},"end":{"line":68,"column":40}},"22":{"start":{"line":70,"column":17},"end":{"line":70,"column":75}},"23":{"start":{"line":71,"column":15},"end":{"line":71,"column":35}},"24":{"start":{"line":73,"column":2},"end":{"line":75,"column":3}},"25":{"start":{"line":74,"column":4},"end":{"line":74,"column":84}},"26":{"start":{"line":77,"column":2},"end":{"line":77,"column":62}},"27":{"start":{"line":35,"column":13},"end":{"line":35,"column":32}},"28":{"start":{"line":80,"column":31},"end":{"line":88,"column":1}},"29":{"start":{"line":81,"column":2},"end":{"line":83,"column":3}},"30":{"start":{"line":82,"column":4},"end":{"line":82,"column":68}},"31":{"start":{"line":82,"column":41},"end":{"line":82,"column":66}},"32":{"start":{"line":85,"column":17},"end":{"line":85,"column":68}},"33":{"start":{"line":86,"column":15},"end":{"line":86,"column":36}},"34":{"start":{"line":87,"column":2},"end":{"line":87,"column":96}},"35":{"start":{"line":87,"column":35},"end":{"line":87,"column":94}},"36":{"start":{"line":80,"column":13},"end":{"line":80,"column":31}},"37":{"start":{"line":90,"column":32},"end":{"line":117,"column":1}},"38":{"start":{"line":91,"column":2},"end":{"line":98,"column":3}},"39":{"start":{"line":92,"column":16},"end":{"line":92,"column":91}},"40":{"start":{"line":92,"column":42},"end":{"line":92,"column":90}},"41":{"start":{"line":93,"column":4},"end":{"line":93,"column":58}},"42":{"start":{"line":93,"column":14},"end":{"line":93,"column":58}},"43":{"start":{"line":94,"column":4},"end":{"line":94,"column":44}},"44":{"start":{"line":95,"column":19},"end":{"line":95,"column":62}},"45":{"start":{"line":96,"column":4},"end":{"line":96,"column":40}},"46":{"start":{"line":97,"column":4},"end":{"line":97,"column":11}},"47":{"start":{"line":100,"column":17},"end":{"line":100,"column":75}},"48":{"start":{"line":101,"column":15},"end":{"line":101,"column":35}},"49":{"start":{"line":103,"column":2},"end":{"line":105,"column":3}},"50":{"start":{"line":104,"column":4},"end":{"line":104,"column":48}},"51":{"start":{"line":107,"column":18},"end":{"line":107,"column":62}},"52":{"start":{"line":109,"column":23},"end":{"line":112,"column":33}},"53":{"start":{"line":114,"column":2},"end":{"line":114,"column":75}},"54":{"start":{"line":116,"column":2},"end":{"line":116,"column":50}},"55":{"start":{"line":90,"column":13},"end":{"line":90,"column":32}}},"fnMap":{"0":{"name":"(anonymous_0)","decl":{"start":{"line":29,"column":36},"end":{"line":29,"column":39}},"loc":{"start":{"line":29,"column":41},"end":{"line":31,"column":1}}},"1":{"name":"(anonymous_1)","decl":{"start":{"line":33,"column":34},"end":{"line":33,"column":37}},"loc":{"start":{"line":33,"column":40},"end":{"line":33,"column":55}}},"2":{"name":"(anonymous_2)","decl":{"start":{"line":35,"column":32},"end":{"line":35,"column":37}},"loc":{"start":{"line":39,"column":32},"end":{"line":78,"column":1}}},"3":{"name":"(anonymous_3)","decl":{"start":{"line":80,"column":31},"end":{"line":80,"column":36}},"loc":{"start":{"line":80,"column":88},"end":{"line":88,"column":1}}},"4":{"name":"(anonymous_4)","decl":{"start":{"line":82,"column":34},"end":{"line":82,"column":37}},"loc":{"start":{"line":82,"column":41},"end":{"line":82,"column":66}}},"5":{"name":"(anonymous_5)","decl":{"start":{"line":87,"column":23},"end":{"line":87,"column":30}},"loc":{"start":{"line":87,"column":35},"end":{"line":87,"column":94}}},"6":{"name":"(anonymous_6)","decl":{"start":{"line":90,"column":32},"end":{"line":90,"column":37}},"loc":{"start":{"line":90,"column":96},"end":{"line":117,"column":1}}},"7":{"name":"(anonymous_7)","decl":{"start":{"line":92,"column":37},"end":{"line":92,"column":38}},"loc":{"start":{"line":92,"column":42},"end":{"line":92,"column":90}}}},"branchMap":{"0":{"loc":{"start":{"line":42,"column":2},"end":{"line":60,"column":3}},"type":"if","locations":[{"start":{"line":42,"column":2},"end":{"line":60,"column":3}}]},"1":{"loc":{"start":{"line":73,"column":2},"end":{"line":75,"column":3}},"type":"if","locations":[{"start":{"line":73,"column":2},"end":{"line":75,"column":3}}]},"2":{"loc":{"start":{"line":81,"column":2},"end":{"line":83,"column":3}},"type":"if","locations":[{"start":{"line":81,"column":2},"end":{"line":83,"column":3}}]},"3":{"loc":{"start":{"line":91,"column":2},"end":{"line":98,"column":3}},"type":"if","locations":[{"start":{"line":91,"column":2},"end":{"line":98,"column":3}}]},"4":{"loc":{"start":{"line":92,"column":42},"end":{"line":92,"column":90}},"type":"binary-expr","locations":[{"start":{"line":92,"column":42},"end":{"line":92,"column":63}},{"start":{"line":92,"column":67},"end":{"line":92,"column":90}}]},"5":{"loc":{"start":{"line":93,"column":4},"end":{"line":93,"column":58}},"type":"if","locations":[{"start":{"line":93,"column":4},"end":{"line":93,"column":58}}]},"6":{"loc":{"start":{"line":103,"column":2},"end":{"line":105,"column":3}},"type":"if","locations":[{"start":{"line":103,"column":2},"end":{"line":105,"column":3}}]}},"s":{"0":1,"1":1,"2":1,"3":1,"4":1,"5":6,"6":1,"7":1,"8":1,"9":1,"10":1,"11":5,"12":5,"13":4,"14":4,"15":4,"16":4,"17":4,"18":4,"19":1,"20":1,"21":1,"22":1,"23":1,"24":1,"25":0,"26":1,"27":1,"28":1,"29":3,"30":2,"31":4,"32":1,"33":1,"34":1,"35":1,"36":1,"37":1,"38":2,"39":1,"40":1,"41":1,"42":0,"43":1,"44":1,"45":1,"46":1,"47":1,"48":1,"49":1,"50":0,"51":1,"52":1,"53":1,"54":1,"55":1},"f":{"0":6,"1":1,"2":5,"3":3,"4":4,"5":1,"6":2,"7":1},"b":{"0":[4],"1":[0],"2":[2],"3":[1],"4":[1,1],"5":[0],"6":[0]}}
,"E:\\Apps\\Tudojang\\servicios\\academico\\jornadaService.ts": {"path":"E:\\Apps\\Tudojang\\servicios\\academico\\jornadaService.ts","statementMap":{"0":{"start":{"line":61,"column":0},"end":{"line":61,"column":16}},"1":{"start":{"line":86,"column":0},"end":{"line":86,"column":16}},"2":{"start":{"line":90,"column":0},"end":{"line":90,"column":16}},"3":{"start":{"line":94,"column":0},"end":{"line":94,"column":16}},"4":{"start":{"line":105,"column":0},"end":{"line":105,"column":16}},"5":{"start":{"line":117,"column":0},"end":{"line":117,"column":16}},"6":{"start":{"line":124,"column":0},"end":{"line":124,"column":16}},"7":{"start":{"line":135,"column":0},"end":{"line":135,"column":16}},"8":{"start":{"line":33,"column":16},"end":{"line":33,"column":105}},"9":{"start":{"line":33,"column":37},"end":{"line":33,"column":105}},"10":{"start":{"line":35,"column":71},"end":{"line":46,"column":2}},"11":{"start":{"line":49,"column":21},"end":{"line":49,"column":65}},"12":{"start":{"line":50,"column":2},"end":{"line":52,"column":3}},"13":{"start":{"line":51,"column":4},"end":{"line":51,"column":75}},"14":{"start":{"line":54,"column":2},"end":{"line":58,"column":4}},"15":{"start":{"line":62,"column":16},"end":{"line":62,"column":40}},"16":{"start":{"line":64,"column":2},"end":{"line":83,"column":4}},"17":{"start":{"line":87,"column":2},"end":{"line":87,"column":45}},"18":{"start":{"line":91,"column":2},"end":{"line":91,"column":43}},"19":{"start":{"line":98,"column":2},"end":{"line":102,"column":4}},"20":{"start":{"line":106,"column":2},"end":{"line":108,"column":3}},"21":{"start":{"line":107,"column":4},"end":{"line":107,"column":81}},"22":{"start":{"line":110,"column":2},"end":{"line":112,"column":3}},"23":{"start":{"line":111,"column":4},"end":{"line":111,"column":80}},"24":{"start":{"line":114,"column":2},"end":{"line":114,"column":42}},"25":{"start":{"line":118,"column":2},"end":{"line":121,"column":4}},"26":{"start":{"line":128,"column":2},"end":{"line":128,"column":39}},"27":{"start":{"line":132,"column":2},"end":{"line":132,"column":42}},"28":{"start":{"line":143,"column":2},"end":{"line":143,"column":32}},"29":{"start":{"line":143,"column":22},"end":{"line":143,"column":32}},"30":{"start":{"line":145,"column":17},"end":{"line":145,"column":57}},"31":{"start":{"line":146,"column":14},"end":{"line":146,"column":51}},"32":{"start":{"line":147,"column":41},"end":{"line":147,"column":43}},"33":{"start":{"line":149,"column":2},"end":{"line":166,"column":3}},"34":{"start":{"line":149,"column":22},"end":{"line":149,"column":38}},"35":{"start":{"line":150,"column":4},"end":{"line":150,"column":58}},"36":{"start":{"line":150,"column":49},"end":{"line":150,"column":58}},"37":{"start":{"line":152,"column":4},"end":{"line":165,"column":8}},"38":{"start":{"line":168,"column":2},"end":{"line":168,"column":18}}},"fnMap":{"0":{"name":"(anonymous_0)","decl":{"start":{"line":33,"column":16},"end":{"line":33,"column":17}},"loc":{"start":{"line":33,"column":37},"end":{"line":33,"column":105}}},"1":{"name":"transicionar","decl":{"start":{"line":48,"column":9},"end":{"line":48,"column":21}},"loc":{"start":{"line":48,"column":72},"end":{"line":59,"column":1}}},"2":{"name":"createJornada","decl":{"start":{"line":61,"column":16},"end":{"line":61,"column":29}},"loc":{"start":{"line":61,"column":54},"end":{"line":84,"column":1}}},"3":{"name":"confirmarJornada","decl":{"start":{"line":86,"column":16},"end":{"line":86,"column":32}},"loc":{"start":{"line":86,"column":60},"end":{"line":88,"column":1}}},"4":{"name":"iniciarJornada","decl":{"start":{"line":90,"column":16},"end":{"line":90,"column":30}},"loc":{"start":{"line":90,"column":58},"end":{"line":92,"column":1}}},"5":{"name":"marcarPendienteCierre","decl":{"start":{"line":94,"column":16},"end":{"line":94,"column":37}},"loc":{"start":{"line":96,"column":29},"end":{"line":103,"column":1}}},"6":{"name":"cerrarJornada","decl":{"start":{"line":105,"column":16},"end":{"line":105,"column":29}},"loc":{"start":{"line":105,"column":57},"end":{"line":115,"column":1}}},"7":{"name":"cancelarJornada","decl":{"start":{"line":117,"column":16},"end":{"line":117,"column":31}},"loc":{"start":{"line":117,"column":86},"end":{"line":122,"column":1}}},"8":{"name":"rechazarTransicionInvalida","decl":{"start":{"line":124,"column":16},"end":{"line":124,"column":42}},"loc":{"start":{"line":126,"column":23},"end":{"line":129,"column":1}}},"9":{"name":"formatoFecha","decl":{"start":{"line":131,"column":9},"end":{"line":131,"column":21}},"loc":{"start":{"line":131,"column":33},"end":{"line":133,"column":1}}},"10":{"name":"generateJornadasFromBloque","decl":{"start":{"line":135,"column":16},"end":{"line":135,"column":42}},"loc":{"start":{"line":142,"column":33},"end":{"line":169,"column":1}}}},"branchMap":{"0":{"loc":{"start":{"line":49,"column":21},"end":{"line":49,"column":65}},"type":"binary-expr","locations":[{"start":{"line":49,"column":21},"end":{"line":49,"column":59}},{"start":{"line":49,"column":63},"end":{"line":49,"column":65}}]},"1":{"loc":{"start":{"line":50,"column":2},"end":{"line":52,"column":3}},"type":"if","locations":[{"start":{"line":50,"column":2},"end":{"line":52,"column":3}}]},"2":{"loc":{"start":{"line":106,"column":2},"end":{"line":108,"column":3}},"type":"if","locations":[{"start":{"line":106,"column":2},"end":{"line":108,"column":3}}]},"3":{"loc":{"start":{"line":110,"column":2},"end":{"line":112,"column":3}},"type":"if","locations":[{"start":{"line":110,"column":2},"end":{"line":112,"column":3}}]},"4":{"loc":{"start":{"line":143,"column":2},"end":{"line":143,"column":32}},"type":"if","locations":[{"start":{"line":143,"column":2},"end":{"line":143,"column":32}}]},"5":{"loc":{"start":{"line":150,"column":4},"end":{"line":150,"column":58}},"type":"if","locations":[{"start":{"line":150,"column":4},"end":{"line":150,"column":58}}]}},"s":{"0":2,"1":2,"2":2,"3":2,"4":2,"5":2,"6":2,"7":2,"8":2,"9":13,"10":2,"11":24,"12":24,"13":1,"14":23,"15":13,"16":13,"17":7,"18":6,"19":6,"20":6,"21":2,"22":4,"23":1,"24":3,"25":1,"26":1,"27":4,"28":2,"29":1,"30":1,"31":1,"32":1,"33":1,"34":1,"35":30,"36":26,"37":4,"38":1},"f":{"0":13,"1":24,"2":13,"3":7,"4":6,"5":6,"6":6,"7":1,"8":1,"9":4,"10":2},"b":{"0":[24,0],"1":[1],"2":[2],"3":[1],"4":[1],"5":[26]}}
,"E:\\Apps\\Tudojang\\servicios\\academico\\programaService.ts": {"path":"E:\\Apps\\Tudojang\\servicios\\academico\\programaService.ts","statementMap":{"0":{"start":{"line":55,"column":0},"end":{"line":55,"column":16}},"1":{"start":{"line":71,"column":0},"end":{"line":71,"column":16}},"2":{"start":{"line":81,"column":0},"end":{"line":81,"column":16}},"3":{"start":{"line":108,"column":0},"end":{"line":108,"column":16}},"4":{"start":{"line":21,"column":16},"end":{"line":21,"column":105}},"5":{"start":{"line":21,"column":37},"end":{"line":21,"column":105}},"6":{"start":{"line":24,"column":2},"end":{"line":29,"column":8}},"7":{"start":{"line":25,"column":20},"end":{"line":25,"column":37}},"8":{"start":{"line":26,"column":22},"end":{"line":29,"column":6}},"9":{"start":{"line":28,"column":54},"end":{"line":28,"column":71}},"10":{"start":{"line":33,"column":2},"end":{"line":33,"column":82}},"11":{"start":{"line":33,"column":64},"end":{"line":33,"column":80}},"12":{"start":{"line":37,"column":2},"end":{"line":39,"column":3}},"13":{"start":{"line":38,"column":4},"end":{"line":38,"column":72}},"14":{"start":{"line":41,"column":34},"end":{"line":41,"column":99}},"15":{"start":{"line":41,"column":69},"end":{"line":41,"column":98}},"16":{"start":{"line":42,"column":2},"end":{"line":44,"column":3}},"17":{"start":{"line":43,"column":4},"end":{"line":43,"column":84}},"18":{"start":{"line":48,"column":2},"end":{"line":48,"column":31}},"19":{"start":{"line":48,"column":19},"end":{"line":48,"column":31}},"20":{"start":{"line":49,"column":17},"end":{"line":50,"column":null}},"21":{"start":{"line":50,"column":4},"end":{"line":50,"column":65}},"22":{"start":{"line":50,"column":38},"end":{"line":50,"column":64}},"23":{"start":{"line":52,"column":2},"end":{"line":52,"column":28}},"24":{"start":{"line":56,"column":16},"end":{"line":56,"column":40}},"25":{"start":{"line":58,"column":2},"end":{"line":68,"column":4}},"26":{"start":{"line":72,"column":2},"end":{"line":72,"column":38}},"27":{"start":{"line":74,"column":2},"end":{"line":78,"column":4}},"28":{"start":{"line":85,"column":2},"end":{"line":87,"column":3}},"29":{"start":{"line":86,"column":4},"end":{"line":86,"column":68}},"30":{"start":{"line":89,"column":25},"end":{"line":89,"column":71}},"31":{"start":{"line":90,"column":16},"end":{"line":90,"column":40}},"32":{"start":{"line":92,"column":2},"end":{"line":105,"column":4}},"33":{"start":{"line":113,"column":2},"end":{"line":115,"column":3}},"34":{"start":{"line":114,"column":4},"end":{"line":114,"column":21}},"35":{"start":{"line":117,"column":22},"end":{"line":120,"column":5}},"36":{"start":{"line":121,"column":28},"end":{"line":122,"column":59}},"37":{"start":{"line":122,"column":24},"end":{"line":122,"column":58}},"38":{"start":{"line":124,"column":2},"end":{"line":131,"column":4}}},"fnMap":{"0":{"name":"(anonymous_0)","decl":{"start":{"line":21,"column":16},"end":{"line":21,"column":17}},"loc":{"start":{"line":21,"column":37},"end":{"line":21,"column":105}}},"1":{"name":"ordenarUnidades","decl":{"start":{"line":23,"column":9},"end":{"line":23,"column":24}},"loc":{"start":{"line":23,"column":51},"end":{"line":30,"column":1}}},"2":{"name":"(anonymous_2)","decl":{"start":{"line":25,"column":10},"end":{"line":25,"column":11}},"loc":{"start":{"line":25,"column":20},"end":{"line":25,"column":37}}},"3":{"name":"(anonymous_3)","decl":{"start":{"line":26,"column":9},"end":{"line":26,"column":10}},"loc":{"start":{"line":26,"column":22},"end":{"line":29,"column":6}}},"4":{"name":"(anonymous_4)","decl":{"start":{"line":28,"column":44},"end":{"line":28,"column":45}},"loc":{"start":{"line":28,"column":54},"end":{"line":28,"column":71}}},"5":{"name":"obtenerObjetivosOrdenados","decl":{"start":{"line":32,"column":9},"end":{"line":32,"column":34}},"loc":{"start":{"line":32,"column":62},"end":{"line":34,"column":1}}},"6":{"name":"(anonymous_6)","decl":{"start":{"line":33,"column":52},"end":{"line":33,"column":53}},"loc":{"start":{"line":33,"column":64},"end":{"line":33,"column":80}}},"7":{"name":"validarProgramaPublicable","decl":{"start":{"line":36,"column":9},"end":{"line":36,"column":34}},"loc":{"start":{"line":36,"column":62},"end":{"line":45,"column":1}}},"8":{"name":"(anonymous_8)","decl":{"start":{"line":41,"column":57},"end":{"line":41,"column":58}},"loc":{"start":{"line":41,"column":69},"end":{"line":41,"column":98}}},"9":{"name":"encontrarUnidadDeObjetivo","decl":{"start":{"line":47,"column":9},"end":{"line":47,"column":34}},"loc":{"start":{"line":47,"column":89},"end":{"line":53,"column":1}}},"10":{"name":"(anonymous_10)","decl":{"start":{"line":49,"column":57},"end":{"line":49,"column":58}},"loc":{"start":{"line":50,"column":4},"end":{"line":50,"column":65}}},"11":{"name":"(anonymous_11)","decl":{"start":{"line":50,"column":24},"end":{"line":50,"column":25}},"loc":{"start":{"line":50,"column":38},"end":{"line":50,"column":64}}},"12":{"name":"createPrograma","decl":{"start":{"line":55,"column":16},"end":{"line":55,"column":30}},"loc":{"start":{"line":55,"column":56},"end":{"line":69,"column":1}}},"13":{"name":"publishPrograma","decl":{"start":{"line":71,"column":16},"end":{"line":71,"column":31}},"loc":{"start":{"line":71,"column":59},"end":{"line":79,"column":1}}},"14":{"name":"assignProgramaToGrupo","decl":{"start":{"line":81,"column":16},"end":{"line":81,"column":37}},"loc":{"start":{"line":83,"column":29},"end":{"line":106,"column":1}}},"15":{"name":"advanceCiclo","decl":{"start":{"line":108,"column":16},"end":{"line":108,"column":28}},"loc":{"start":{"line":111,"column":31},"end":{"line":132,"column":1}}},"16":{"name":"(anonymous_16)","decl":{"start":{"line":122,"column":10},"end":{"line":122,"column":11}},"loc":{"start":{"line":122,"column":24},"end":{"line":122,"column":58}}}},"branchMap":{"0":{"loc":{"start":{"line":37,"column":2},"end":{"line":39,"column":3}},"type":"if","locations":[{"start":{"line":37,"column":2},"end":{"line":39,"column":3}}]},"1":{"loc":{"start":{"line":42,"column":2},"end":{"line":44,"column":3}},"type":"if","locations":[{"start":{"line":42,"column":2},"end":{"line":44,"column":3}}]},"2":{"loc":{"start":{"line":48,"column":2},"end":{"line":48,"column":31}},"type":"if","locations":[{"start":{"line":48,"column":2},"end":{"line":48,"column":31}}]},"3":{"loc":{"start":{"line":52,"column":9},"end":{"line":52,"column":27}},"type":"binary-expr","locations":[{"start":{"line":52,"column":9},"end":{"line":52,"column":19}},{"start":{"line":52,"column":23},"end":{"line":52,"column":27}}]},"4":{"loc":{"start":{"line":85,"column":2},"end":{"line":87,"column":3}},"type":"if","locations":[{"start":{"line":85,"column":2},"end":{"line":87,"column":3}}]},"5":{"loc":{"start":{"line":89,"column":25},"end":{"line":89,"column":71}},"type":"binary-expr","locations":[{"start":{"line":89,"column":25},"end":{"line":89,"column":63}},{"start":{"line":89,"column":67},"end":{"line":89,"column":71}}]},"6":{"loc":{"start":{"line":98,"column":12},"end":{"line":98,"column":52}},"type":"cond-expr","locations":[{"start":{"line":98,"column":29},"end":{"line":98,"column":37}},{"start":{"line":98,"column":40},"end":{"line":98,"column":52}}]},"7":{"loc":{"start":{"line":100,"column":56},"end":{"line":100,"column":82}},"type":"binary-expr","locations":[{"start":{"line":100,"column":56},"end":{"line":100,"column":74}},{"start":{"line":100,"column":78},"end":{"line":100,"column":82}}]},"8":{"loc":{"start":{"line":101,"column":22},"end":{"line":101,"column":48}},"type":"binary-expr","locations":[{"start":{"line":101,"column":22},"end":{"line":101,"column":40}},{"start":{"line":101,"column":44},"end":{"line":101,"column":48}}]},"9":{"loc":{"start":{"line":113,"column":2},"end":{"line":115,"column":3}},"type":"if","locations":[{"start":{"line":113,"column":2},"end":{"line":115,"column":3}}]},"10":{"loc":{"start":{"line":113,"column":6},"end":{"line":113,"column":75}},"type":"binary-expr","locations":[{"start":{"line":113,"column":6},"end":{"line":113,"column":38}},{"start":{"line":113,"column":42},"end":{"line":113,"column":75}}]},"11":{"loc":{"start":{"line":126,"column":12},"end":{"line":126,"column":63}},"type":"cond-expr","locations":[{"start":{"line":126,"column":32},"end":{"line":126,"column":48}},{"start":{"line":126,"column":51},"end":{"line":126,"column":63}}]},"12":{"loc":{"start":{"line":127,"column":56},"end":{"line":127,"column":85}},"type":"binary-expr","locations":[{"start":{"line":127,"column":56},"end":{"line":127,"column":77}},{"start":{"line":127,"column":81},"end":{"line":127,"column":85}}]},"13":{"loc":{"start":{"line":128,"column":22},"end":{"line":128,"column":51}},"type":"binary-expr","locations":[{"start":{"line":128,"column":22},"end":{"line":128,"column":43}},{"start":{"line":128,"column":47},"end":{"line":128,"column":51}}]}},"s":{"0":2,"1":2,"2":2,"3":2,"4":2,"5":14,"6":28,"7":17,"8":45,"9":28,"10":11,"11":17,"12":7,"13":1,"14":6,"15":11,"16":6,"17":0,"18":11,"19":1,"20":10,"21":10,"22":13,"23":10,"24":7,"25":7,"26":7,"27":6,"28":7,"29":0,"30":7,"31":7,"32":7,"33":5,"34":1,"35":4,"36":4,"37":9,"38":4},"f":{"0":14,"1":28,"2":17,"3":45,"4":28,"5":11,"6":17,"7":7,"8":11,"9":11,"10":10,"11":13,"12":7,"13":7,"14":7,"15":5,"16":9},"b":{"0":[1],"1":[0],"2":[1],"3":[10,0],"4":[0],"5":[7,0],"6":[7,0],"7":[7,0],"8":[7,0],"9":[1],"10":[5,4],"11":[3,1],"12":[4,1],"13":[4,1]}}
,"E:\\Apps\\Tudojang\\servicios\\academico\\progresoRepository.ts": {"path":"E:\\Apps\\Tudojang\\servicios\\academico\\progresoRepository.ts","statementMap":{"0":{"start":{"line":137,"column":0},"end":{"line":137,"column":16}},"1":{"start":{"line":3,"column":0},"end":{"line":3,"column":null}},"2":{"start":{"line":19,"column":2},"end":{"line":19,"column":78}},"3":{"start":{"line":23,"column":2},"end":{"line":26,"column":4}},"4":{"start":{"line":24,"column":85},"end":{"line":24,"column":90}},"5":{"start":{"line":25,"column":87},"end":{"line":25,"column":92}},"6":{"start":{"line":30,"column":31},"end":{"line":30,"column":50}},"7":{"start":{"line":33,"column":4},"end":{"line":33,"column":71}},"8":{"start":{"line":37,"column":4},"end":{"line":37,"column":53}},"9":{"start":{"line":41,"column":16},"end":{"line":41,"column":84}},"10":{"start":{"line":42,"column":4},"end":{"line":42,"column":26}},"11":{"start":{"line":42,"column":14},"end":{"line":42,"column":26}},"12":{"start":{"line":44,"column":4},"end":{"line":48,"column":5}},"13":{"start":{"line":45,"column":6},"end":{"line":45,"column":53}},"14":{"start":{"line":47,"column":6},"end":{"line":47,"column":18}},"15":{"start":{"line":52,"column":4},"end":{"line":55,"column":6}},"16":{"start":{"line":59,"column":4},"end":{"line":59,"column":64}},"17":{"start":{"line":29,"column":0},"end":{"line":29,"column":13}},"18":{"start":{"line":72,"column":31},"end":{"line":72,"column":68}},"19":{"start":{"line":75,"column":17},"end":{"line":75,"column":85}},"20":{"start":{"line":76,"column":4},"end":{"line":76,"column":36}},"21":{"start":{"line":76,"column":24},"end":{"line":76,"column":36}},"22":{"start":{"line":78,"column":21},"end":{"line":78,"column":53}},"23":{"start":{"line":79,"column":4},"end":{"line":79,"column":94}},"24":{"start":{"line":79,"column":82},"end":{"line":79,"column":94}},"25":{"start":{"line":81,"column":4},"end":{"line":81,"column":20}},"26":{"start":{"line":85,"column":4},"end":{"line":89,"column":6}},"27":{"start":{"line":93,"column":17},"end":{"line":93,"column":85}},"28":{"start":{"line":94,"column":4},"end":{"line":94,"column":36}},"29":{"start":{"line":94,"column":24},"end":{"line":94,"column":36}},"30":{"start":{"line":96,"column":17},"end":{"line":96,"column":105}},"31":{"start":{"line":97,"column":4},"end":{"line":97,"column":86}},"32":{"start":{"line":97,"column":74},"end":{"line":97,"column":86}},"33":{"start":{"line":99,"column":4},"end":{"line":99,"column":40}},"34":{"start":{"line":103,"column":4},"end":{"line":112,"column":6}},"35":{"start":{"line":116,"column":4},"end":{"line":124,"column":6}},"36":{"start":{"line":71,"column":0},"end":{"line":71,"column":13}},"37":{"start":{"line":138,"column":2},"end":{"line":143,"column":3}},"38":{"start":{"line":139,"column":4},"end":{"line":142,"column":7}},"39":{"start":{"line":145,"column":2},"end":{"line":145,"column":54}},"40":{"start":{"line":148,"column":13},"end":{"line":148,"column":84}}},"fnMap":{"0":{"name":"crearClaveProgressSync","decl":{"start":{"line":18,"column":9},"end":{"line":18,"column":31}},"loc":{"start":{"line":18,"column":70},"end":{"line":20,"column":1}}},"1":{"name":"normalizarProgresoSync","decl":{"start":{"line":22,"column":9},"end":{"line":22,"column":31}},"loc":{"start":{"line":22,"column":87},"end":{"line":27,"column":1}}},"2":{"name":"(anonymous_2)","decl":{"start":{"line":24,"column":75},"end":{"line":24,"column":76}},"loc":{"start":{"line":24,"column":85},"end":{"line":24,"column":90}}},"3":{"name":"(anonymous_3)","decl":{"start":{"line":25,"column":77},"end":{"line":25,"column":78}},"loc":{"start":{"line":25,"column":87},"end":{"line":25,"column":92}}},"4":{"name":"(anonymous_4)","decl":{"start":{"line":30,"column":2},"end":{"line":30,"column":31}},"loc":{"start":{"line":30,"column":69},"end":{"line":30,"column":73}}},"5":{"name":"(anonymous_5)","decl":{"start":{"line":32,"column":2},"end":{"line":32,"column":10}},"loc":{"start":{"line":32,"column":49},"end":{"line":34,"column":3}}},"6":{"name":"(anonymous_6)","decl":{"start":{"line":36,"column":2},"end":{"line":36,"column":13}},"loc":{"start":{"line":36,"column":41},"end":{"line":38,"column":3}}},"7":{"name":"(anonymous_7)","decl":{"start":{"line":40,"column":2},"end":{"line":40,"column":10}},"loc":{"start":{"line":40,"column":49},"end":{"line":49,"column":3}}},"8":{"name":"(anonymous_8)","decl":{"start":{"line":51,"column":2},"end":{"line":51,"column":13}},"loc":{"start":{"line":51,"column":81},"end":{"line":56,"column":3}}},"9":{"name":"(anonymous_9)","decl":{"start":{"line":58,"column":2},"end":{"line":58,"column":22}},"loc":{"start":{"line":58,"column":63},"end":{"line":60,"column":3}}},"10":{"name":"(anonymous_10)","decl":{"start":{"line":72,"column":2},"end":{"line":72,"column":31}},"loc":{"start":{"line":72,"column":68},"end":{"line":72,"column":72}}},"11":{"name":"(anonymous_11)","decl":{"start":{"line":74,"column":2},"end":{"line":74,"column":7}},"loc":{"start":{"line":74,"column":55},"end":{"line":82,"column":3}}},"12":{"name":"(anonymous_12)","decl":{"start":{"line":84,"column":2},"end":{"line":84,"column":7}},"loc":{"start":{"line":84,"column":47},"end":{"line":90,"column":3}}},"13":{"name":"(anonymous_13)","decl":{"start":{"line":92,"column":2},"end":{"line":92,"column":7}},"loc":{"start":{"line":92,"column":55},"end":{"line":100,"column":3}}},"14":{"name":"(anonymous_14)","decl":{"start":{"line":102,"column":2},"end":{"line":102,"column":7}},"loc":{"start":{"line":102,"column":87},"end":{"line":113,"column":3}}},"15":{"name":"(anonymous_15)","decl":{"start":{"line":115,"column":10},"end":{"line":115,"column":25}},"loc":{"start":{"line":115,"column":64},"end":{"line":125,"column":3}}},"16":{"name":"crearProgresoRepository","decl":{"start":{"line":137,"column":16},"end":{"line":137,"column":39}},"loc":{"start":{"line":137,"column":84},"end":{"line":146,"column":1}}}},"branchMap":{"0":{"loc":{"start":{"line":24,"column":38},"end":{"line":24,"column":67}},"type":"binary-expr","locations":[{"start":{"line":24,"column":38},"end":{"line":24,"column":61}},{"start":{"line":24,"column":65},"end":{"line":24,"column":67}}]},"1":{"loc":{"start":{"line":25,"column":39},"end":{"line":25,"column":69}},"type":"binary-expr","locations":[{"start":{"line":25,"column":39},"end":{"line":25,"column":63}},{"start":{"line":25,"column":67},"end":{"line":25,"column":69}}]},"2":{"loc":{"start":{"line":30,"column":31},"end":{"line":30,"column":69}},"type":"default-arg","locations":[{"start":{"line":30,"column":50},"end":{"line":30,"column":69}}]},"3":{"loc":{"start":{"line":42,"column":4},"end":{"line":42,"column":26}},"type":"if","locations":[{"start":{"line":42,"column":4},"end":{"line":42,"column":26}}]},"4":{"loc":{"start":{"line":76,"column":4},"end":{"line":76,"column":36}},"type":"if","locations":[{"start":{"line":76,"column":4},"end":{"line":76,"column":36}}]},"5":{"loc":{"start":{"line":79,"column":4},"end":{"line":79,"column":94}},"type":"if","locations":[{"start":{"line":79,"column":4},"end":{"line":79,"column":94}}]},"6":{"loc":{"start":{"line":79,"column":8},"end":{"line":79,"column":80}},"type":"binary-expr","locations":[{"start":{"line":79,"column":8},"end":{"line":79,"column":38}},{"start":{"line":79,"column":42},"end":{"line":79,"column":80}}]},"7":{"loc":{"start":{"line":94,"column":4},"end":{"line":94,"column":36}},"type":"if","locations":[{"start":{"line":94,"column":4},"end":{"line":94,"column":36}}]},"8":{"loc":{"start":{"line":97,"column":4},"end":{"line":97,"column":86}},"type":"if","locations":[{"start":{"line":97,"column":4},"end":{"line":97,"column":86}}]},"9":{"loc":{"start":{"line":97,"column":8},"end":{"line":97,"column":72}},"type":"binary-expr","locations":[{"start":{"line":97,"column":8},"end":{"line":97,"column":34}},{"start":{"line":97,"column":38},"end":{"line":97,"column":72}}]},"10":{"loc":{"start":{"line":137,"column":40},"end":{"line":137,"column":84}},"type":"default-arg","locations":[{"start":{"line":137,"column":82},"end":{"line":137,"column":84}}]},"11":{"loc":{"start":{"line":138,"column":2},"end":{"line":143,"column":3}},"type":"if","locations":[{"start":{"line":138,"column":2},"end":{"line":143,"column":3}}]},"12":{"loc":{"start":{"line":138,"column":6},"end":{"line":138,"column":83}},"type":"binary-expr","locations":[{"start":{"line":138,"column":6},"end":{"line":138,"column":34}},{"start":{"line":138,"column":38},"end":{"line":138,"column":58}},{"start":{"line":138,"column":62},"end":{"line":138,"column":83}}]}},"s":{"0":2,"1":2,"2":2,"3":4,"4":4,"5":4,"6":7,"7":1,"8":2,"9":1,"10":1,"11":0,"12":1,"13":1,"14":0,"15":1,"16":3,"17":2,"18":6,"19":2,"20":2,"21":0,"22":2,"23":2,"24":1,"25":1,"26":1,"27":1,"28":1,"29":0,"30":1,"31":1,"32":0,"33":1,"34":1,"35":5,"36":2,"37":3,"38":1,"39":2,"40":2},"f":{"0":2,"1":4,"2":4,"3":4,"4":7,"5":1,"6":2,"7":1,"8":1,"9":3,"10":6,"11":2,"12":1,"13":1,"14":1,"15":5,"16":3},"b":{"0":[4,0],"1":[4,0],"2":[4],"3":[0],"4":[0],"5":[1],"6":[2,1],"7":[0],"8":[0],"9":[1,1],"10":[0],"11":[1],"12":[3,2,1]}}
,"E:\\Apps\\Tudojang\\servicios\\academico\\vinculoService.ts": {"path":"E:\\Apps\\Tudojang\\servicios\\academico\\vinculoService.ts","statementMap":{"0":{"start":{"line":1,"column":0},"end":{"line":1,"column":null}},"1":{"start":{"line":10,"column":0},"end":{"line":10,"column":65}},"2":{"start":{"line":21,"column":45},"end":{"line":21,"column":47}},"3":{"start":{"line":23,"column":33},"end":{"line":25,"column":1}},"4":{"start":{"line":24,"column":2},"end":{"line":24,"column":20}},"5":{"start":{"line":23,"column":13},"end":{"line":23,"column":33}},"6":{"start":{"line":27,"column":31},"end":{"line":27,"column":49}},"7":{"start":{"line":27,"column":37},"end":{"line":27,"column":49}},"8":{"start":{"line":27,"column":13},"end":{"line":27,"column":31}},"9":{"start":{"line":29,"column":35},"end":{"line":64,"column":1}},"10":{"start":{"line":34,"column":22},"end":{"line":34,"column":53}},"11":{"start":{"line":35,"column":13},"end":{"line":35,"column":45}},"12":{"start":{"line":37,"column":2},"end":{"line":51,"column":3}},"13":{"start":{"line":39,"column":21},"end":{"line":39,"column":83}},"14":{"start":{"line":39,"column":44},"end":{"line":39,"column":82}},"15":{"start":{"line":40,"column":4},"end":{"line":40,"column":37}},"16":{"start":{"line":40,"column":18},"end":{"line":40,"column":37}},"17":{"start":{"line":42,"column":44},"end":{"line":48,"column":6}},"18":{"start":{"line":49,"column":4},"end":{"line":49,"column":31}},"19":{"start":{"line":50,"column":4},"end":{"line":50,"column":14}},"20":{"start":{"line":53,"column":17},"end":{"line":53,"column":61}},"21":{"start":{"line":54,"column":46},"end":{"line":60,"column":4}},"22":{"start":{"line":62,"column":2},"end":{"line":62,"column":36}},"23":{"start":{"line":63,"column":2},"end":{"line":63,"column":12}},"24":{"start":{"line":29,"column":13},"end":{"line":29,"column":35}},"25":{"start":{"line":66,"column":37},"end":{"line":81,"column":1}},"26":{"start":{"line":71,"column":22},"end":{"line":71,"column":53}},"27":{"start":{"line":72,"column":13},"end":{"line":72,"column":45}},"28":{"start":{"line":74,"column":2},"end":{"line":77,"column":3}},"29":{"start":{"line":75,"column":4},"end":{"line":75,"column":87}},"30":{"start":{"line":75,"column":44},"end":{"line":75,"column":85}},"31":{"start":{"line":76,"column":4},"end":{"line":76,"column":11}},"32":{"start":{"line":79,"column":17},"end":{"line":79,"column":61}},"33":{"start":{"line":80,"column":2},"end":{"line":80,"column":26}},"34":{"start":{"line":66,"column":13},"end":{"line":66,"column":37}},"35":{"start":{"line":83,"column":37},"end":{"line":100,"column":1}},"36":{"start":{"line":87,"column":22},"end":{"line":87,"column":53}},"37":{"start":{"line":89,"column":2},"end":{"line":93,"column":3}},"38":{"start":{"line":90,"column":4},"end":{"line":92,"column":32}},"39":{"start":{"line":91,"column":19},"end":{"line":91,"column":74}},"40":{"start":{"line":92,"column":16},"end":{"line":92,"column":30}},"41":{"start":{"line":95,"column":17},"end":{"line":95,"column":64}},"42":{"start":{"line":96,"column":12},"end":{"line":96,"column":65}},"43":{"start":{"line":97,"column":15},"end":{"line":97,"column":31}},"44":{"start":{"line":99,"column":2},"end":{"line":99,"column":91}},"45":{"start":{"line":99,"column":35},"end":{"line":99,"column":89}},"46":{"start":{"line":83,"column":13},"end":{"line":83,"column":37}},"47":{"start":{"line":102,"column":28},"end":{"line":110,"column":1}},"48":{"start":{"line":103,"column":2},"end":{"line":105,"column":3}},"49":{"start":{"line":104,"column":4},"end":{"line":104,"column":61}},"50":{"start":{"line":104,"column":36},"end":{"line":104,"column":59}},"51":{"start":{"line":107,"column":17},"end":{"line":107,"column":64}},"52":{"start":{"line":108,"column":15},"end":{"line":108,"column":36}},"53":{"start":{"line":109,"column":2},"end":{"line":109,"column":76}},"54":{"start":{"line":109,"column":34},"end":{"line":109,"column":74}},"55":{"start":{"line":102,"column":13},"end":{"line":102,"column":28}}},"fnMap":{"0":{"name":"(anonymous_0)","decl":{"start":{"line":23,"column":33},"end":{"line":23,"column":36}},"loc":{"start":{"line":23,"column":38},"end":{"line":25,"column":1}}},"1":{"name":"(anonymous_1)","decl":{"start":{"line":27,"column":31},"end":{"line":27,"column":34}},"loc":{"start":{"line":27,"column":37},"end":{"line":27,"column":49}}},"2":{"name":"(anonymous_2)","decl":{"start":{"line":29,"column":35},"end":{"line":29,"column":40}},"loc":{"start":{"line":33,"column":21},"end":{"line":64,"column":1}}},"3":{"name":"(anonymous_3)","decl":{"start":{"line":39,"column":39},"end":{"line":39,"column":40}},"loc":{"start":{"line":39,"column":44},"end":{"line":39,"column":82}}},"4":{"name":"(anonymous_4)","decl":{"start":{"line":66,"column":37},"end":{"line":66,"column":42}},"loc":{"start":{"line":70,"column":19},"end":{"line":81,"column":1}}},"5":{"name":"(anonymous_5)","decl":{"start":{"line":75,"column":39},"end":{"line":75,"column":40}},"loc":{"start":{"line":75,"column":44},"end":{"line":75,"column":85}}},"6":{"name":"(anonymous_6)","decl":{"start":{"line":83,"column":37},"end":{"line":83,"column":42}},"loc":{"start":{"line":86,"column":23},"end":{"line":100,"column":1}}},"7":{"name":"(anonymous_7)","decl":{"start":{"line":91,"column":14},"end":{"line":91,"column":15}},"loc":{"start":{"line":91,"column":19},"end":{"line":91,"column":74}}},"8":{"name":"(anonymous_8)","decl":{"start":{"line":92,"column":11},"end":{"line":92,"column":12}},"loc":{"start":{"line":92,"column":16},"end":{"line":92,"column":30}}},"9":{"name":"(anonymous_9)","decl":{"start":{"line":99,"column":23},"end":{"line":99,"column":30}},"loc":{"start":{"line":99,"column":35},"end":{"line":99,"column":89}}},"10":{"name":"(anonymous_10)","decl":{"start":{"line":102,"column":28},"end":{"line":102,"column":33}},"loc":{"start":{"line":102,"column":90},"end":{"line":110,"column":1}}},"11":{"name":"(anonymous_11)","decl":{"start":{"line":104,"column":31},"end":{"line":104,"column":32}},"loc":{"start":{"line":104,"column":36},"end":{"line":104,"column":59}}},"12":{"name":"(anonymous_12)","decl":{"start":{"line":109,"column":23},"end":{"line":109,"column":30}},"loc":{"start":{"line":109,"column":34},"end":{"line":109,"column":74}}}},"branchMap":{"0":{"loc":{"start":{"line":37,"column":2},"end":{"line":51,"column":3}},"type":"if","locations":[{"start":{"line":37,"column":2},"end":{"line":51,"column":3}}]},"1":{"loc":{"start":{"line":39,"column":44},"end":{"line":39,"column":82}},"type":"binary-expr","locations":[{"start":{"line":39,"column":44},"end":{"line":39,"column":55}},{"start":{"line":39,"column":59},"end":{"line":39,"column":82}}]},"2":{"loc":{"start":{"line":40,"column":4},"end":{"line":40,"column":37}},"type":"if","locations":[{"start":{"line":40,"column":4},"end":{"line":40,"column":37}}]},"3":{"loc":{"start":{"line":74,"column":2},"end":{"line":77,"column":3}},"type":"if","locations":[{"start":{"line":74,"column":2},"end":{"line":77,"column":3}}]},"4":{"loc":{"start":{"line":75,"column":46},"end":{"line":75,"column":84}},"type":"binary-expr","locations":[{"start":{"line":75,"column":46},"end":{"line":75,"column":57}},{"start":{"line":75,"column":61},"end":{"line":75,"column":84}}]},"5":{"loc":{"start":{"line":89,"column":2},"end":{"line":93,"column":3}},"type":"if","locations":[{"start":{"line":89,"column":2},"end":{"line":93,"column":3}}]},"6":{"loc":{"start":{"line":91,"column":19},"end":{"line":91,"column":74}},"type":"binary-expr","locations":[{"start":{"line":91,"column":19},"end":{"line":91,"column":47}},{"start":{"line":91,"column":51},"end":{"line":91,"column":74}}]},"7":{"loc":{"start":{"line":103,"column":2},"end":{"line":105,"column":3}},"type":"if","locations":[{"start":{"line":103,"column":2},"end":{"line":105,"column":3}}]}},"s":{"0":1,"1":1,"2":1,"3":1,"4":8,"5":1,"6":1,"7":3,"8":1,"9":1,"10":8,"11":8,"12":8,"13":7,"14":4,"15":7,"16":0,"17":7,"18":7,"19":7,"20":1,"21":1,"22":1,"23":1,"24":1,"25":1,"26":2,"27":2,"28":2,"29":1,"30":1,"31":1,"32":1,"33":1,"34":1,"35":1,"36":2,"37":2,"38":1,"39":3,"40":2,"41":1,"42":1,"43":1,"44":1,"45":2,"46":1,"47":1,"48":2,"49":1,"50":2,"51":1,"52":1,"53":1,"54":1,"55":1},"f":{"0":8,"1":3,"2":8,"3":4,"4":2,"5":1,"6":2,"7":3,"8":2,"9":2,"10":2,"11":2,"12":1},"b":{"0":[7],"1":[4,0],"2":[0],"3":[1],"4":[1,1],"5":[1],"6":[3,3],"7":[1]}}
}
