{"total": {"lines":{"total":1421,"covered":1347,"skipped":0,"pct":94.79},"statements":{"total":1720,"covered":1601,"skipped":0,"pct":93.08},"functions":{"total":360,"covered":310,"skipped":0,"pct":86.11},"branches":{"total":623,"covered":559,"skipped":0,"pct":89.72},"branchesTrue":{"total":0,"covered":0,"skipped":0,"pct":100}}
,"E:\\Apps\\Tudojang\\constantes.ts": {"lines":{"total":10,"covered":10,"skipped":0,"pct":100},"functions":{"total":0,"covered":0,"skipped":0,"pct":100},"statements":{"total":10,"covered":10,"skipped":0,"pct":100},"branches":{"total":0,"covered":0,"skipped":0,"pct":100}}
,"E:\\Apps\\Tudojang\\tipos.ts": {"lines":{"total":89,"covered":89,"skipped":0,"pct":100},"functions":{"total":15,"covered":15,"skipped":0,"pct":100},"statements":{"total":89,"covered":89,"skipped":0,"pct":100},"branches":{"total":30,"covered":30,"skipped":0,"pct":100}}
,"E:\\Apps\\Tudojang\\components\\AsistenteVirtual.tsx": {"lines":{"total":71,"covered":71,"skipped":0,"pct":100},"functions":{"total":19,"covered":19,"skipped":0,"pct":100},"statements":{"total":79,"covered":78,"skipped":0,"pct":98.73},"branches":{"total":55,"covered":54,"skipped":0,"pct":98.18}}
,"E:\\Apps\\Tudojang\\components\\AutosavePrompt.tsx": {"lines":{"total":5,"covered":5,"skipped":0,"pct":100},"functions":{"total":1,"covered":1,"skipped":0,"pct":100},"statements":{"total":5,"covered":5,"skipped":0,"pct":100},"branches":{"total":0,"covered":0,"skipped":0,"pct":100}}
,"E:\\Apps\\Tudojang\\components\\BotonVolverArriba.tsx": {"lines":{"total":17,"covered":17,"skipped":0,"pct":100},"functions":{"total":5,"covered":5,"skipped":0,"pct":100},"statements":{"total":19,"covered":19,"skipped":0,"pct":100},"branches":{"total":5,"covered":5,"skipped":0,"pct":100}}
,"E:\\Apps\\Tudojang\\components\\ClientItem.tsx": {"lines":{"total":10,"covered":10,"skipped":0,"pct":100},"functions":{"total":2,"covered":2,"skipped":0,"pct":100},"statements":{"total":10,"covered":10,"skipped":0,"pct":100},"branches":{"total":12,"covered":12,"skipped":0,"pct":100}}
,"E:\\Apps\\Tudojang\\components\\ComprobantesPago.tsx": {"lines":{"total":60,"covered":60,"skipped":0,"pct":100},"functions":{"total":11,"covered":11,"skipped":0,"pct":100},"statements":{"total":64,"covered":64,"skipped":0,"pct":100},"branches":{"total":21,"covered":21,"skipped":0,"pct":100}}
,"E:\\Apps\\Tudojang\\components\\EmptyState.tsx": {"lines":{"total":4,"covered":4,"skipped":0,"pct":100},"functions":{"total":1,"covered":1,"skipped":0,"pct":100},"statements":{"total":4,"covered":4,"skipped":0,"pct":100},"branches":{"total":2,"covered":2,"skipped":0,"pct":100}}
,"E:\\Apps\\Tudojang\\components\\ErrorState.tsx": {"lines":{"total":5,"covered":5,"skipped":0,"pct":100},"functions":{"total":1,"covered":1,"skipped":0,"pct":100},"statements":{"total":5,"covered":5,"skipped":0,"pct":100},"branches":{"total":2,"covered":2,"skipped":0,"pct":100}}
,"E:\\Apps\\Tudojang\\components\\EstadoPagoBadge.tsx": {"lines":{"total":6,"covered":6,"skipped":0,"pct":100},"functions":{"total":1,"covered":1,"skipped":0,"pct":100},"statements":{"total":6,"covered":6,"skipped":0,"pct":100},"branches":{"total":3,"covered":3,"skipped":0,"pct":100}}
,"E:\\Apps\\Tudojang\\components\\FilaEstudiante.tsx": {"lines":{"total":47,"covered":47,"skipped":0,"pct":100},"functions":{"total":16,"covered":16,"skipped":0,"pct":100},"statements":{"total":48,"covered":48,"skipped":0,"pct":100},"branches":{"total":18,"covered":18,"skipped":0,"pct":100}}
,"E:\\Apps\\Tudojang\\components\\FilaUsuario.tsx": {"lines":{"total":15,"covered":15,"skipped":0,"pct":100},"functions":{"total":5,"covered":5,"skipped":0,"pct":100},"statements":{"total":16,"covered":16,"skipped":0,"pct":100},"branches":{"total":7,"covered":7,"skipped":0,"pct":100}}
,"E:\\Apps\\Tudojang\\components\\FiltrosEstudiantes.tsx": {"lines":{"total":15,"covered":15,"skipped":0,"pct":100},"functions":{"total":10,"covered":10,"skipped":0,"pct":100},"statements":{"total":15,"covered":15,"skipped":0,"pct":100},"branches":{"total":0,"covered":0,"skipped":0,"pct":100}}
,"E:\\Apps\\Tudojang\\components\\FormInputError.tsx": {"lines":{"total":6,"covered":6,"skipped":0,"pct":100},"functions":{"total":1,"covered":1,"skipped":0,"pct":100},"statements":{"total":7,"covered":7,"skipped":0,"pct":100},"branches":{"total":1,"covered":1,"skipped":0,"pct":100}}
,"E:\\Apps\\Tudojang\\components\\FormularioUsuario.tsx": {"lines":{"total":52,"covered":52,"skipped":0,"pct":100},"functions":{"total":24,"covered":24,"skipped":0,"pct":100},"statements":{"total":59,"covered":59,"skipped":0,"pct":100},"branches":{"total":62,"covered":62,"skipped":0,"pct":100}}
,"E:\\Apps\\Tudojang\\components\\HeatmapOverlay.tsx": {"lines":{"total":35,"covered":35,"skipped":0,"pct":100},"functions":{"total":6,"covered":6,"skipped":0,"pct":100},"statements":{"total":39,"covered":39,"skipped":0,"pct":100},"branches":{"total":9,"covered":9,"skipped":0,"pct":100}}
,"E:\\Apps\\Tudojang\\components\\Iconos.tsx": {"lines":{"total":70,"covered":59,"skipped":0,"pct":84.28},"functions":{"total":51,"covered":17,"skipped":0,"pct":33.33},"statements":{"total":157,"covered":123,"skipped":0,"pct":78.34},"branches":{"total":1,"covered":0,"skipped":0,"pct":0}}
,"E:\\Apps\\Tudojang\\components\\Loader.tsx": {"lines":{"total":4,"covered":4,"skipped":0,"pct":100},"functions":{"total":1,"covered":1,"skipped":0,"pct":100},"statements":{"total":4,"covered":4,"skipped":0,"pct":100},"branches":{"total":1,"covered":1,"skipped":0,"pct":100}}
,"E:\\Apps\\Tudojang\\components\\LogoOficialSVG.tsx": {"lines":{"total":3,"covered":3,"skipped":0,"pct":100},"functions":{"total":1,"covered":1,"skipped":0,"pct":100},"statements":{"total":4,"covered":4,"skipped":0,"pct":100},"branches":{"total":0,"covered":0,"skipped":0,"pct":100}}
,"E:\\Apps\\Tudojang\\components\\ModalImportacionMasiva.tsx": {"lines":{"total":113,"covered":113,"skipped":0,"pct":100},"functions":{"total":23,"covered":23,"skipped":0,"pct":100},"statements":{"total":129,"covered":129,"skipped":0,"pct":100},"branches":{"total":78,"covered":78,"skipped":0,"pct":100}}
,"E:\\Apps\\Tudojang\\components\\ModalVerFirma.tsx": {"lines":{"total":16,"covered":13,"skipped":0,"pct":81.25},"functions":{"total":7,"covered":4,"skipped":0,"pct":57.14},"statements":{"total":19,"covered":15,"skipped":0,"pct":78.94},"branches":{"total":8,"covered":6,"skipped":0,"pct":75}}
,"E:\\Apps\\Tudojang\\components\\NotificacionToast.tsx": {"lines":{"total":15,"covered":15,"skipped":0,"pct":100},"functions":{"total":6,"covered":6,"skipped":0,"pct":100},"statements":{"total":19,"covered":19,"skipped":0,"pct":100},"branches":{"total":1,"covered":1,"skipped":0,"pct":100}}
,"E:\\Apps\\Tudojang\\components\\TablaEstudiantes.tsx": {"lines":{"total":8,"covered":8,"skipped":0,"pct":100},"functions":{"total":3,"covered":3,"skipped":0,"pct":100},"statements":{"total":8,"covered":8,"skipped":0,"pct":100},"branches":{"total":0,"covered":0,"skipped":0,"pct":100}}
,"E:\\Apps\\Tudojang\\components\\TablaUsuarios.tsx": {"lines":{"total":8,"covered":8,"skipped":0,"pct":100},"functions":{"total":3,"covered":3,"skipped":0,"pct":100},"statements":{"total":8,"covered":8,"skipped":0,"pct":100},"branches":{"total":4,"covered":4,"skipped":0,"pct":100}}
,"E:\\Apps\\Tudojang\\components\\TarjetaHistorial.tsx": {"lines":{"total":9,"covered":9,"skipped":0,"pct":100},"functions":{"total":3,"covered":3,"skipped":0,"pct":100},"statements":{"total":9,"covered":9,"skipped":0,"pct":100},"branches":{"total":10,"covered":10,"skipped":0,"pct":100}}
,"E:\\Apps\\Tudojang\\components\\ToggleSwitch.tsx": {"lines":{"total":8,"covered":8,"skipped":0,"pct":100},"functions":{"total":2,"covered":2,"skipped":0,"pct":100},"statements":{"total":8,"covered":8,"skipped":0,"pct":100},"branches":{"total":8,"covered":8,"skipped":0,"pct":100}}
,"E:\\Apps\\Tudojang\\hooks\\useEstadoPago.ts": {"lines":{"total":5,"covered":5,"skipped":0,"pct":100},"functions":{"total":1,"covered":1,"skipped":0,"pct":100},"statements":{"total":6,"covered":6,"skipped":0,"pct":100},"branches":{"total":4,"covered":4,"skipped":0,"pct":100}}
,"E:\\Apps\\Tudojang\\services\\usuariosService.ts": {"lines":{"total":34,"covered":34,"skipped":0,"pct":100},"functions":{"total":16,"covered":16,"skipped":0,"pct":100},"statements":{"total":52,"covered":52,"skipped":0,"pct":100},"branches":{"total":23,"covered":23,"skipped":0,"pct":100}}
,"E:\\Apps\\Tudojang\\servicios\\asistenciaApi.ts": {"lines":{"total":48,"covered":48,"skipped":0,"pct":100},"functions":{"total":8,"covered":8,"skipped":0,"pct":100},"statements":{"total":61,"covered":61,"skipped":0,"pct":100},"branches":{"total":11,"covered":11,"skipped":0,"pct":100}}
,"E:\\Apps\\Tudojang\\servicios\\censoApi.ts": {"lines":{"total":53,"covered":51,"skipped":0,"pct":96.22},"functions":{"total":11,"covered":11,"skipped":0,"pct":100},"statements":{"total":71,"covered":62,"skipped":0,"pct":87.32},"branches":{"total":33,"covered":14,"skipped":0,"pct":42.42}}
,"E:\\Apps\\Tudojang\\servicios\\configuracionApi.ts": {"lines":{"total":71,"covered":15,"skipped":0,"pct":21.12},"functions":{"total":13,"covered":0,"skipped":0,"pct":0},"statements":{"total":94,"covered":25,"skipped":0,"pct":26.59},"branches":{"total":40,"covered":0,"skipped":0,"pct":0}}
,"E:\\Apps\\Tudojang\\servicios\\estudiantesApi.ts": {"lines":{"total":85,"covered":83,"skipped":0,"pct":97.64},"functions":{"total":15,"covered":15,"skipped":0,"pct":100},"statements":{"total":104,"covered":102,"skipped":0,"pct":98.07},"branches":{"total":18,"covered":17,"skipped":0,"pct":94.44}}
,"E:\\Apps\\Tudojang\\servicios\\eventosApi.ts": {"lines":{"total":84,"covered":84,"skipped":0,"pct":100},"functions":{"total":14,"covered":14,"skipped":0,"pct":100},"statements":{"total":94,"covered":94,"skipped":0,"pct":100},"branches":{"total":20,"covered":20,"skipped":0,"pct":100}}
,"E:\\Apps\\Tudojang\\servicios\\leadsEventosApi.ts": {"lines":{"total":8,"covered":8,"skipped":0,"pct":100},"functions":{"total":1,"covered":1,"skipped":0,"pct":100},"statements":{"total":9,"covered":9,"skipped":0,"pct":100},"branches":{"total":1,"covered":1,"skipped":0,"pct":100}}
,"E:\\Apps\\Tudojang\\servicios\\pagosApi.ts": {"lines":{"total":128,"covered":128,"skipped":0,"pct":100},"functions":{"total":14,"covered":14,"skipped":0,"pct":100},"statements":{"total":141,"covered":141,"skipped":0,"pct":100},"branches":{"total":33,"covered":33,"skipped":0,"pct":100}}
,"E:\\Apps\\Tudojang\\servicios\\pagosEstudiantesApi.ts": {"lines":{"total":32,"covered":32,"skipped":0,"pct":100},"functions":{"total":4,"covered":4,"skipped":0,"pct":100},"statements":{"total":36,"covered":36,"skipped":0,"pct":100},"branches":{"total":9,"covered":9,"skipped":0,"pct":100}}
,"E:\\Apps\\Tudojang\\servicios\\usuariosApi.ts": {"lines":{"total":87,"covered":87,"skipped":0,"pct":100},"functions":{"total":24,"covered":24,"skipped":0,"pct":100},"statements":{"total":114,"covered":114,"skipped":0,"pct":100},"branches":{"total":27,"covered":27,"skipped":0,"pct":100}}
,"E:\\Apps\\Tudojang\\utils\\finanzas.ts": {"lines":{"total":5,"covered":5,"skipped":0,"pct":100},"functions":{"total":2,"covered":2,"skipped":0,"pct":100},"statements":{"total":7,"covered":7,"skipped":0,"pct":100},"branches":{"total":2,"covered":2,"skipped":0,"pct":100}}
,"E:\\Apps\\Tudojang\\vistas\\Estudiantes.tsx": {"lines":{"total":80,"covered":80,"skipped":0,"pct":100},"functions":{"total":19,"covered":19,"skipped":0,"pct":100},"statements":{"total":91,"covered":91,"skipped":0,"pct":100},"branches":{"total":64,"covered":64,"skipped":0,"pct":100}}
}
