{"E:\\Apps\\Tudojang\\servicios\\academico\\agendaAcademicaService.ts": {"path":"E:\\Apps\\Tudojang\\servicios\\academico\\agendaAcademicaService.ts","statementMap":{"0":{"start":{"line":34,"column":0},"end":{"line":34,"column":16}},"1":{"start":{"line":75,"column":0},"end":{"line":75,"column":7}},"2":{"start":{"line":4,"column":0},"end":{"line":4,"column":80}},"3":{"start":{"line":5,"column":0},"end":{"line":5,"column":66}},"4":{"start":{"line":27,"column":28},"end":{"line":27,"column":102}},"5":{"start":{"line":30,"column":16},"end":{"line":30,"column":49}},"6":{"start":{"line":31,"column":2},"end":{"line":31,"column":48}},"7":{"start":{"line":39,"column":17},"end":{"line":39,"column":56}},"8":{"start":{"line":41,"column":2},"end":{"line":44,"column":3}},"9":{"start":{"line":42,"column":18},"end":{"line":42,"column":58}},"10":{"start":{"line":43,"column":4},"end":{"line":43,"column":63}},"11":{"start":{"line":46,"column":2},"end":{"line":72,"column":70}},"12":{"start":{"line":48,"column":24},"end":{"line":48,"column":87}},"13":{"start":{"line":48,"column":56},"end":{"line":48,"column":86}},"14":{"start":{"line":49,"column":22},"end":{"line":49,"column":83}},"15":{"start":{"line":49,"column":52},"end":{"line":49,"column":82}},"16":{"start":{"line":50,"column":6},"end":{"line":50,"column":44}},"17":{"start":{"line":50,"column":32},"end":{"line":50,"column":44}},"18":{"start":{"line":52,"column":22},"end":{"line":52,"column":103}},"19":{"start":{"line":52,"column":48},"end":{"line":52,"column":71}},"20":{"start":{"line":53,"column":31},"end":{"line":55,"column":47}},"21":{"start":{"line":54,"column":32},"end":{"line":54,"column":67}},"22":{"start":{"line":55,"column":29},"end":{"line":55,"column":46}},"23":{"start":{"line":57,"column":6},"end":{"line":70,"column":8}},"24":{"start":{"line":72,"column":54},"end":{"line":72,"column":68}},"25":{"start":{"line":79,"column":2},"end":{"line":79,"column":27}},"26":{"start":{"line":79,"column":17},"end":{"line":79,"column":27}},"27":{"start":{"line":81,"column":35},"end":{"line":84,"column":4}},"28":{"start":{"line":86,"column":17},"end":{"line":86,"column":54}},"29":{"start":{"line":87,"column":2},"end":{"line":87,"column":69}}},"fnMap":{"0":{"name":"obtenerNombreDia","decl":{"start":{"line":29,"column":9},"end":{"line":29,"column":25}},"loc":{"start":{"line":29,"column":42},"end":{"line":32,"column":1}}},"1":{"name":"agruparClasesAcademicas","decl":{"start":{"line":34,"column":16},"end":{"line":34,"column":39}},"loc":{"start":{"line":37,"column":67},"end":{"line":73,"column":1}}},"2":{"name":"(anonymous_2)","decl":{"start":{"line":47,"column":9},"end":{"line":47,"column":10}},"loc":{"start":{"line":47,"column":34},"end":{"line":71,"column":5}}},"3":{"name":"(anonymous_3)","decl":{"start":{"line":48,"column":46},"end":{"line":48,"column":47}},"loc":{"start":{"line":48,"column":56},"end":{"line":48,"column":86}}},"4":{"name":"(anonymous_4)","decl":{"start":{"line":49,"column":39},"end":{"line":49,"column":40}},"loc":{"start":{"line":49,"column":52},"end":{"line":49,"column":82}}},"5":{"name":"(anonymous_5)","decl":{"start":{"line":52,"column":35},"end":{"line":52,"column":36}},"loc":{"start":{"line":52,"column":48},"end":{"line":52,"column":71}}},"6":{"name":"(anonymous_6)","decl":{"start":{"line":54,"column":16},"end":{"line":54,"column":17}},"loc":{"start":{"line":54,"column":32},"end":{"line":54,"column":67}}},"7":{"name":"(anonymous_7)","decl":{"start":{"line":55,"column":13},"end":{"line":55,"column":14}},"loc":{"start":{"line":55,"column":29},"end":{"line":55,"column":46}}},"8":{"name":"(anonymous_8)","decl":{"start":{"line":72,"column":12},"end":{"line":72,"column":13}},"loc":{"start":{"line":72,"column":54},"end":{"line":72,"column":68}}},"9":{"name":"obtenerClasesAcademicasDelTenant","decl":{"start":{"line":75,"column":22},"end":{"line":75,"column":54}},"loc":{"start":{"line":77,"column":51},"end":{"line":88,"column":1}}}},"branchMap":{"0":{"loc":{"start":{"line":37,"column":12},"end":{"line":37,"column":32}},"type":"default-arg","locations":[{"start":{"line":37,"column":30},"end":{"line":37,"column":32}}]},"1":{"loc":{"start":{"line":42,"column":18},"end":{"line":42,"column":58}},"type":"binary-expr","locations":[{"start":{"line":42,"column":18},"end":{"line":42,"column":44}},{"start":{"line":42,"column":48},"end":{"line":42,"column":58}}]},"2":{"loc":{"start":{"line":43,"column":27},"end":{"line":43,"column":50}},"type":"binary-expr","locations":[{"start":{"line":43,"column":27},"end":{"line":43,"column":44}},{"start":{"line":43,"column":48},"end":{"line":43,"column":50}}]},"3":{"loc":{"start":{"line":50,"column":6},"end":{"line":50,"column":44}},"type":"if","locations":[{"start":{"line":50,"column":6},"end":{"line":50,"column":44}}]},"4":{"loc":{"start":{"line":52,"column":22},"end":{"line":52,"column":103}},"type":"binary-expr","locations":[{"start":{"line":52,"column":22},"end":{"line":52,"column":72}},{"start":{"line":52,"column":76},"end":{"line":52,"column":103}}]},"5":{"loc":{"start":{"line":66,"column":24},"end":{"line":66,"column":81}},"type":"binary-expr","locations":[{"start":{"line":66,"column":24},"end":{"line":66,"column":59}},{"start":{"line":66,"column":63},"end":{"line":66,"column":81}}]},"6":{"loc":{"start":{"line":77,"column":2},"end":{"line":77,"column":51}},"type":"default-arg","locations":[{"start":{"line":77,"column":34},"end":{"line":77,"column":51}}]},"7":{"loc":{"start":{"line":79,"column":2},"end":{"line":79,"column":27}},"type":"if","locations":[{"start":{"line":79,"column":2},"end":{"line":79,"column":27}}]}},"s":{"0":1,"1":1,"2":1,"3":1,"4":1,"5":6,"6":6,"7":8,"8":8,"9":15,"10":15,"11":8,"12":8,"13":7,"14":8,"15":15,"16":8,"17":2,"18":6,"19":7,"20":6,"21":2,"22":1,"23":6,"24":8,"25":2,"26":1,"27":1,"28":1,"29":1},"f":{"0":6,"1":8,"2":8,"3":7,"4":15,"5":7,"6":2,"7":1,"8":8,"9":2},"b":{"0":[8],"1":[15,1],"2":[15,8],"3":[2],"4":[6,2],"5":[6,6],"6":[1],"7":[1]}}
,"E:\\Apps\\Tudojang\\servicios\\academico\\jornadaService.ts": {"path":"E:\\Apps\\Tudojang\\servicios\\academico\\jornadaService.ts","statementMap":{"0":{"start":{"line":61,"column":0},"end":{"line":61,"column":16}},"1":{"start":{"line":91,"column":0},"end":{"line":91,"column":16}},"2":{"start":{"line":95,"column":0},"end":{"line":95,"column":16}},"3":{"start":{"line":99,"column":0},"end":{"line":99,"column":16}},"4":{"start":{"line":110,"column":0},"end":{"line":110,"column":16}},"5":{"start":{"line":122,"column":0},"end":{"line":122,"column":16}},"6":{"start":{"line":129,"column":0},"end":{"line":129,"column":16}},"7":{"start":{"line":137,"column":0},"end":{"line":137,"column":16}},"8":{"start":{"line":148,"column":0},"end":{"line":148,"column":16}},"9":{"start":{"line":33,"column":16},"end":{"line":33,"column":105}},"10":{"start":{"line":33,"column":37},"end":{"line":33,"column":105}},"11":{"start":{"line":35,"column":71},"end":{"line":46,"column":2}},"12":{"start":{"line":49,"column":21},"end":{"line":49,"column":65}},"13":{"start":{"line":50,"column":2},"end":{"line":52,"column":3}},"14":{"start":{"line":51,"column":4},"end":{"line":51,"column":75}},"15":{"start":{"line":54,"column":2},"end":{"line":58,"column":4}},"16":{"start":{"line":62,"column":16},"end":{"line":62,"column":40}},"17":{"start":{"line":64,"column":38},"end":{"line":82,"column":4}},"18":{"start":{"line":84,"column":2},"end":{"line":86,"column":3}},"19":{"start":{"line":85,"column":4},"end":{"line":85,"column":58}},"20":{"start":{"line":88,"column":2},"end":{"line":88,"column":17}},"21":{"start":{"line":92,"column":2},"end":{"line":92,"column":45}},"22":{"start":{"line":96,"column":2},"end":{"line":96,"column":43}},"23":{"start":{"line":103,"column":2},"end":{"line":107,"column":4}},"24":{"start":{"line":111,"column":2},"end":{"line":113,"column":3}},"25":{"start":{"line":112,"column":4},"end":{"line":112,"column":81}},"26":{"start":{"line":115,"column":2},"end":{"line":117,"column":3}},"27":{"start":{"line":116,"column":4},"end":{"line":116,"column":80}},"28":{"start":{"line":119,"column":2},"end":{"line":119,"column":42}},"29":{"start":{"line":123,"column":2},"end":{"line":126,"column":4}},"30":{"start":{"line":133,"column":26},"end":{"line":133,"column":52}},"31":{"start":{"line":134,"column":2},"end":{"line":134,"column":83}},"32":{"start":{"line":141,"column":2},"end":{"line":141,"column":39}},"33":{"start":{"line":145,"column":2},"end":{"line":145,"column":42}},"34":{"start":{"line":156,"column":2},"end":{"line":156,"column":32}},"35":{"start":{"line":156,"column":22},"end":{"line":156,"column":32}},"36":{"start":{"line":158,"column":17},"end":{"line":158,"column":57}},"37":{"start":{"line":159,"column":14},"end":{"line":159,"column":51}},"38":{"start":{"line":160,"column":41},"end":{"line":160,"column":43}},"39":{"start":{"line":162,"column":2},"end":{"line":179,"column":3}},"40":{"start":{"line":162,"column":22},"end":{"line":162,"column":38}},"41":{"start":{"line":163,"column":4},"end":{"line":163,"column":58}},"42":{"start":{"line":163,"column":49},"end":{"line":163,"column":58}},"43":{"start":{"line":165,"column":4},"end":{"line":178,"column":8}},"44":{"start":{"line":181,"column":2},"end":{"line":181,"column":18}}},"fnMap":{"0":{"name":"(anonymous_0)","decl":{"start":{"line":33,"column":16},"end":{"line":33,"column":17}},"loc":{"start":{"line":33,"column":37},"end":{"line":33,"column":105}}},"1":{"name":"transicionar","decl":{"start":{"line":48,"column":9},"end":{"line":48,"column":21}},"loc":{"start":{"line":48,"column":72},"end":{"line":59,"column":1}}},"2":{"name":"createJornada","decl":{"start":{"line":61,"column":16},"end":{"line":61,"column":29}},"loc":{"start":{"line":61,"column":54},"end":{"line":89,"column":1}}},"3":{"name":"confirmarJornada","decl":{"start":{"line":91,"column":16},"end":{"line":91,"column":32}},"loc":{"start":{"line":91,"column":60},"end":{"line":93,"column":1}}},"4":{"name":"iniciarJornada","decl":{"start":{"line":95,"column":16},"end":{"line":95,"column":30}},"loc":{"start":{"line":95,"column":58},"end":{"line":97,"column":1}}},"5":{"name":"marcarPendienteCierre","decl":{"start":{"line":99,"column":16},"end":{"line":99,"column":37}},"loc":{"start":{"line":101,"column":29},"end":{"line":108,"column":1}}},"6":{"name":"cerrarJornada","decl":{"start":{"line":110,"column":16},"end":{"line":110,"column":29}},"loc":{"start":{"line":110,"column":57},"end":{"line":120,"column":1}}},"7":{"name":"cancelarJornada","decl":{"start":{"line":122,"column":16},"end":{"line":122,"column":31}},"loc":{"start":{"line":122,"column":86},"end":{"line":127,"column":1}}},"8":{"name":"reprogramarJornada","decl":{"start":{"line":129,"column":16},"end":{"line":129,"column":34}},"loc":{"start":{"line":131,"column":65},"end":{"line":135,"column":1}}},"9":{"name":"rechazarTransicionInvalida","decl":{"start":{"line":137,"column":16},"end":{"line":137,"column":42}},"loc":{"start":{"line":139,"column":23},"end":{"line":142,"column":1}}},"10":{"name":"formatoFecha","decl":{"start":{"line":144,"column":9},"end":{"line":144,"column":21}},"loc":{"start":{"line":144,"column":33},"end":{"line":146,"column":1}}},"11":{"name":"generateJornadasFromBloque","decl":{"start":{"line":148,"column":16},"end":{"line":148,"column":42}},"loc":{"start":{"line":155,"column":33},"end":{"line":182,"column":1}}}},"branchMap":{"0":{"loc":{"start":{"line":49,"column":21},"end":{"line":49,"column":65}},"type":"binary-expr","locations":[{"start":{"line":49,"column":21},"end":{"line":49,"column":59}},{"start":{"line":49,"column":63},"end":{"line":49,"column":65}}]},"1":{"loc":{"start":{"line":50,"column":2},"end":{"line":52,"column":3}},"type":"if","locations":[{"start":{"line":50,"column":2},"end":{"line":52,"column":3}}]},"2":{"loc":{"start":{"line":84,"column":2},"end":{"line":86,"column":3}},"type":"if","locations":[{"start":{"line":84,"column":2},"end":{"line":86,"column":3}}]},"3":{"loc":{"start":{"line":111,"column":2},"end":{"line":113,"column":3}},"type":"if","locations":[{"start":{"line":111,"column":2},"end":{"line":113,"column":3}}]},"4":{"loc":{"start":{"line":115,"column":2},"end":{"line":117,"column":3}},"type":"if","locations":[{"start":{"line":115,"column":2},"end":{"line":117,"column":3}}]},"5":{"loc":{"start":{"line":156,"column":2},"end":{"line":156,"column":32}},"type":"if","locations":[{"start":{"line":156,"column":2},"end":{"line":156,"column":32}}]},"6":{"loc":{"start":{"line":163,"column":4},"end":{"line":163,"column":58}},"type":"if","locations":[{"start":{"line":163,"column":4},"end":{"line":163,"column":58}}]}},"s":{"0":2,"1":2,"2":2,"3":2,"4":2,"5":2,"6":2,"7":2,"8":2,"9":2,"10":13,"11":2,"12":25,"13":25,"14":3,"15":22,"16":13,"17":13,"18":13,"19":4,"20":13,"21":6,"22":3,"23":5,"24":5,"25":2,"26":3,"27":1,"28":2,"29":2,"30":3,"31":3,"32":2,"33":4,"34":2,"35":1,"36":1,"37":1,"38":1,"39":1,"40":1,"41":30,"42":26,"43":4,"44":1},"f":{"0":13,"1":25,"2":13,"3":6,"4":3,"5":5,"6":5,"7":2,"8":3,"9":2,"10":4,"11":2},"b":{"0":[25,0],"1":[3],"2":[4],"3":[2],"4":[1],"5":[1],"6":[26]}}
,"E:\\Apps\\Tudojang\\vistas\\Horarios.tsx": {"path":"E:\\Apps\\Tudojang\\vistas\\Horarios.tsx","statementMap":{"0":{"start":{"line":3,"column":0},"end":{"line":3,"column":60}},"1":{"start":{"line":4,"column":0},"end":{"line":4,"column":117}},"2":{"start":{"line":5,"column":0},"end":{"line":5,"column":49}},"3":{"start":{"line":6,"column":0},"end":{"line":6,"column":65}},"4":{"start":{"line":7,"column":0},"end":{"line":7,"column":123}},"5":{"start":{"line":8,"column":0},"end":{"line":8,"column":54}},"6":{"start":{"line":9,"column":0},"end":{"line":9,"column":64}},"7":{"start":{"line":10,"column":0},"end":{"line":10,"column":53}},"8":{"start":{"line":11,"column":0},"end":{"line":11,"column":72}},"9":{"start":{"line":12,"column":0},"end":{"line":12,"column":124}},"10":{"start":{"line":14,"column":13},"end":{"line":14,"column":87}},"11":{"start":{"line":16,"column":32},"end":{"line":285,"column":1}},"12":{"start":{"line":17,"column":79},"end":{"line":17,"column":93}},"13":{"start":{"line":18,"column":30},"end":{"line":18,"column":40}},"14":{"start":{"line":19,"column":25},"end":{"line":19,"column":40}},"15":{"start":{"line":20,"column":24},"end":{"line":20,"column":33}},"16":{"start":{"line":21,"column":36},"end":{"line":21,"column":53}},"17":{"start":{"line":23,"column":40},"end":{"line":23,"column":57}},"18":{"start":{"line":24,"column":52},"end":{"line":24,"column":69}},"19":{"start":{"line":25,"column":44},"end":{"line":25,"column":59}},"20":{"start":{"line":26,"column":40},"end":{"line":26,"column":85}},"21":{"start":{"line":27,"column":52},"end":{"line":27,"column":88}},"22":{"start":{"line":29,"column":20},"end":{"line":29,"column":95}},"23":{"start":{"line":30,"column":25},"end":{"line":30,"column":100}},"24":{"start":{"line":31,"column":31},"end":{"line":31,"column":93}},"25":{"start":{"line":31,"column":45},"end":{"line":31,"column":80}},"26":{"start":{"line":34,"column":4},"end":{"line":38,"column":7}},"27":{"start":{"line":35,"column":8},"end":{"line":37,"column":9}},"28":{"start":{"line":36,"column":12},"end":{"line":36,"column":44}},"29":{"start":{"line":40,"column":4},"end":{"line":51,"column":28}},"30":{"start":{"line":41,"column":21},"end":{"line":41,"column":25}},"31":{"start":{"line":42,"column":8},"end":{"line":42,"column":39}},"32":{"start":{"line":42,"column":32},"end":{"line":42,"column":39}},"33":{"start":{"line":44,"column":8},"end":{"line":46,"column":11}},"34":{"start":{"line":45,"column":12},"end":{"line":45,"column":52}},"35":{"start":{"line":45,"column":24},"end":{"line":45,"column":52}},"36":{"start":{"line":48,"column":8},"end":{"line":50,"column":10}},"37":{"start":{"line":49,"column":12},"end":{"line":49,"column":27}},"38":{"start":{"line":53,"column":27},"end":{"line":59,"column":54}},"39":{"start":{"line":54,"column":8},"end":{"line":58,"column":11}},"40":{"start":{"line":55,"column":31},"end":{"line":55,"column":85}},"41":{"start":{"line":56,"column":37},"end":{"line":56,"column":109}},"42":{"start":{"line":57,"column":12},"end":{"line":57,"column":50}},"43":{"start":{"line":61,"column":19},"end":{"line":61,"column":75}},"44":{"start":{"line":61,"column":33},"end":{"line":61,"column":70}},"45":{"start":{"line":63,"column":38},"end":{"line":71,"column":64}},"46":{"start":{"line":64,"column":8},"end":{"line":70,"column":11}},"47":{"start":{"line":65,"column":31},"end":{"line":65,"column":84}},"48":{"start":{"line":66,"column":37},"end":{"line":66,"column":108}},"49":{"start":{"line":67,"column":45},"end":{"line":67,"column":108}},"50":{"start":{"line":68,"column":32},"end":{"line":68,"column":87}},"51":{"start":{"line":69,"column":12},"end":{"line":69,"column":66}},"52":{"start":{"line":73,"column":28},"end":{"line":75,"column":null}},"53":{"start":{"line":74,"column":14},"end":{"line":74,"column":63}},"54":{"start":{"line":78,"column":32},"end":{"line":114,"column":5}},"55":{"start":{"line":79,"column":23},"end":{"line":79,"column":70}},"56":{"start":{"line":79,"column":43},"end":{"line":79,"column":69}},"57":{"start":{"line":82,"column":8},"end":{"line":101,"column":9}},"58":{"start":{"line":83,"column":12},"end":{"line":100,"column":13}},"59":{"start":{"line":85,"column":46},"end":{"line":85,"column":70}},"60":{"start":{"line":86,"column":16},"end":{"line":94,"column":26}},"61":{"start":{"line":96,"column":16},"end":{"line":96,"column":49}},"62":{"start":{"line":98,"column":16},"end":{"line":98,"column":91}},"63":{"start":{"line":99,"column":16},"end":{"line":99,"column":23}},"64":{"start":{"line":103,"column":8},"end":{"line":103,"column":30}},"65":{"start":{"line":103,"column":23},"end":{"line":103,"column":30}},"66":{"start":{"line":105,"column":30},"end":{"line":105,"column":91}},"67":{"start":{"line":106,"column":22},"end":{"line":106,"column":70}},"68":{"start":{"line":106,"column":51},"end":{"line":106,"column":69}},"69":{"start":{"line":108,"column":8},"end":{"line":109,"column":40}},"70":{"start":{"line":108,"column":24},"end":{"line":108,"column":54}},"71":{"start":{"line":109,"column":13},"end":{"line":109,"column":40}},"72":{"start":{"line":111,"column":8},"end":{"line":111,"column":82}},"73":{"start":{"line":112,"column":8},"end":{"line":112,"column":31}},"74":{"start":{"line":113,"column":8},"end":{"line":113,"column":76}},"75":{"start":{"line":116,"column":33},"end":{"line":123,"column":5}},"76":{"start":{"line":117,"column":8},"end":{"line":117,"column":93}},"77":{"start":{"line":117,"column":86},"end":{"line":117,"column":93}},"78":{"start":{"line":118,"column":25},"end":{"line":118,"column":72}},"79":{"start":{"line":118,"column":45},"end":{"line":118,"column":71}},"80":{"start":{"line":119,"column":8},"end":{"line":119,"column":59}},"81":{"start":{"line":119,"column":52},"end":{"line":119,"column":59}},"82":{"start":{"line":121,"column":30},"end":{"line":121,"column":86}},"83":{"start":{"line":121,"column":67},"end":{"line":121,"column":85}},"84":{"start":{"line":122,"column":8},"end":{"line":122,"column":82}},"85":{"start":{"line":125,"column":32},"end":{"line":127,"column":5}},"86":{"start":{"line":126,"column":8},"end":{"line":126,"column":84}},"87":{"start":{"line":126,"column":34},"end":{"line":126,"column":45}},"88":{"start":{"line":129,"column":26},"end":{"line":131,"column":5}},"89":{"start":{"line":130,"column":8},"end":{"line":130,"column":82}},"90":{"start":{"line":130,"column":39},"end":{"line":130,"column":50}},"91":{"start":{"line":133,"column":4},"end":{"line":284,"column":6}},"92":{"start":{"line":146,"column":45},"end":{"line":146,"column":74}},"93":{"start":{"line":150,"column":52},"end":{"line":150,"column":71}},"94":{"start":{"line":159,"column":49},"end":{"line":159,"column":84}},"95":{"start":{"line":164,"column":36},"end":{"line":164,"column":55}},"96":{"start":{"line":175,"column":20},"end":{"line":175,"column":35}},"97":{"start":{"line":182,"column":45},"end":{"line":182,"column":58}},"98":{"start":{"line":183,"column":48},"end":{"line":183,"column":88}},"99":{"start":{"line":185,"column":56},"end":{"line":185,"column":97}},"100":{"start":{"line":186,"column":60},"end":{"line":186,"column":120}},"101":{"start":{"line":187,"column":56},"end":{"line":187,"column":87}},"102":{"start":{"line":188,"column":59},"end":{"line":188,"column":93}},"103":{"start":{"line":189,"column":58},"end":{"line":189,"column":87}},"104":{"start":{"line":190,"column":36},"end":{"line":233,"column":38}},"105":{"start":{"line":200,"column":85},"end":{"line":200,"column":119}},"106":{"start":{"line":200,"column":120},"end":{"line":200,"column":142}},"107":{"start":{"line":201,"column":83},"end":{"line":201,"column":123}},"108":{"start":{"line":238,"column":53},"end":{"line":238,"column":88}},"109":{"start":{"line":238,"column":89},"end":{"line":238,"column":111}},"110":{"start":{"line":275,"column":32},"end":{"line":275,"column":54}},"111":{"start":{"line":287,"column":0},"end":{"line":287,"column":29}}},"fnMap":{"0":{"name":"(anonymous_10)","decl":{"start":{"line":16,"column":32},"end":{"line":16,"column":35}},"loc":{"start":{"line":16,"column":37},"end":{"line":285,"column":1}}},"1":{"name":"(anonymous_11)","decl":{"start":{"line":31,"column":39},"end":{"line":31,"column":42}},"loc":{"start":{"line":31,"column":45},"end":{"line":31,"column":80}}},"2":{"name":"(anonymous_12)","decl":{"start":{"line":34,"column":13},"end":{"line":34,"column":16}},"loc":{"start":{"line":34,"column":18},"end":{"line":38,"column":5}}},"3":{"name":"(anonymous_13)","decl":{"start":{"line":40,"column":14},"end":{"line":40,"column":17}},"loc":{"start":{"line":40,"column":19},"end":{"line":51,"column":5}}},"4":{"name":"(anonymous_14)","decl":{"start":{"line":44,"column":64},"end":{"line":44,"column":65}},"loc":{"start":{"line":44,"column":75},"end":{"line":46,"column":9}}},"5":{"name":"(anonymous_15)","decl":{"start":{"line":48,"column":15},"end":{"line":48,"column":18}},"loc":{"start":{"line":48,"column":20},"end":{"line":50,"column":9}}},"6":{"name":"(anonymous_16)","decl":{"start":{"line":53,"column":35},"end":{"line":53,"column":38}},"loc":{"start":{"line":53,"column":40},"end":{"line":59,"column":5}}},"7":{"name":"(anonymous_17)","decl":{"start":{"line":54,"column":37},"end":{"line":54,"column":43}},"loc":{"start":{"line":54,"column":46},"end":{"line":58,"column":9}}},"8":{"name":"(anonymous_18)","decl":{"start":{"line":61,"column":27},"end":{"line":61,"column":30}},"loc":{"start":{"line":61,"column":33},"end":{"line":61,"column":70}}},"9":{"name":"(anonymous_19)","decl":{"start":{"line":63,"column":46},"end":{"line":63,"column":49}},"loc":{"start":{"line":63,"column":51},"end":{"line":71,"column":5}}},"10":{"name":"(anonymous_20)","decl":{"start":{"line":64,"column":39},"end":{"line":64,"column":44}},"loc":{"start":{"line":64,"column":47},"end":{"line":70,"column":9}}},"11":{"name":"(anonymous_21)","decl":{"start":{"line":74,"column":8},"end":{"line":74,"column":11}},"loc":{"start":{"line":74,"column":14},"end":{"line":74,"column":63}}},"12":{"name":"(anonymous_22)","decl":{"start":{"line":78,"column":32},"end":{"line":78,"column":37}},"loc":{"start":{"line":78,"column":64},"end":{"line":114,"column":5}}},"13":{"name":"(anonymous_23)","decl":{"start":{"line":79,"column":38},"end":{"line":79,"column":39}},"loc":{"start":{"line":79,"column":43},"end":{"line":79,"column":69}}},"14":{"name":"(anonymous_24)","decl":{"start":{"line":85,"column":46},"end":{"line":85,"column":59}},"loc":{"start":{"line":85,"column":46},"end":{"line":85,"column":70}}},"15":{"name":"(anonymous_25)","decl":{"start":{"line":106,"column":46},"end":{"line":106,"column":47}},"loc":{"start":{"line":106,"column":51},"end":{"line":106,"column":69}}},"16":{"name":"(anonymous_26)","decl":{"start":{"line":116,"column":33},"end":{"line":116,"column":38}},"loc":{"start":{"line":116,"column":65},"end":{"line":123,"column":5}}},"17":{"name":"(anonymous_27)","decl":{"start":{"line":118,"column":40},"end":{"line":118,"column":41}},"loc":{"start":{"line":118,"column":45},"end":{"line":118,"column":71}}},"18":{"name":"(anonymous_28)","decl":{"start":{"line":121,"column":62},"end":{"line":121,"column":63}},"loc":{"start":{"line":121,"column":67},"end":{"line":121,"column":85}}},"19":{"name":"(anonymous_29)","decl":{"start":{"line":125,"column":32},"end":{"line":125,"column":33}},"loc":{"start":{"line":125,"column":47},"end":{"line":127,"column":5}}},"20":{"name":"(anonymous_30)","decl":{"start":{"line":126,"column":29},"end":{"line":126,"column":30}},"loc":{"start":{"line":126,"column":34},"end":{"line":126,"column":45}}},"21":{"name":"(anonymous_31)","decl":{"start":{"line":129,"column":26},"end":{"line":129,"column":27}},"loc":{"start":{"line":129,"column":41},"end":{"line":131,"column":5}}},"22":{"name":"(anonymous_32)","decl":{"start":{"line":130,"column":34},"end":{"line":130,"column":35}},"loc":{"start":{"line":130,"column":39},"end":{"line":130,"column":50}}},"23":{"name":"(anonymous_33)","decl":{"start":{"line":146,"column":38},"end":{"line":146,"column":39}},"loc":{"start":{"line":146,"column":45},"end":{"line":146,"column":74}}},"24":{"name":"(anonymous_34)","decl":{"start":{"line":150,"column":47},"end":{"line":150,"column":48}},"loc":{"start":{"line":150,"column":52},"end":{"line":150,"column":71}}},"25":{"name":"(anonymous_35)","decl":{"start":{"line":159,"column":42},"end":{"line":159,"column":43}},"loc":{"start":{"line":159,"column":49},"end":{"line":159,"column":84}}},"26":{"name":"(anonymous_36)","decl":{"start":{"line":163,"column":56},"end":{"line":163,"column":57}},"loc":{"start":{"line":164,"column":36},"end":{"line":164,"column":55}}},"27":{"name":"(anonymous_37)","decl":{"start":{"line":174,"column":26},"end":{"line":174,"column":29}},"loc":{"start":{"line":175,"column":20},"end":{"line":175,"column":35}}},"28":{"name":"(anonymous_38)","decl":{"start":{"line":182,"column":40},"end":{"line":182,"column":41}},"loc":{"start":{"line":182,"column":45},"end":{"line":182,"column":58}}},"29":{"name":"(anonymous_39)","decl":{"start":{"line":183,"column":38},"end":{"line":183,"column":39}},"loc":{"start":{"line":183,"column":48},"end":{"line":183,"column":88}}},"30":{"name":"(anonymous_40)","decl":{"start":{"line":184,"column":37},"end":{"line":184,"column":38}},"loc":{"start":{"line":184,"column":41},"end":{"line":234,"column":33}}},"31":{"name":"(anonymous_41)","decl":{"start":{"line":200,"column":77},"end":{"line":200,"column":80}},"loc":{"start":{"line":200,"column":82},"end":{"line":200,"column":144}}},"32":{"name":"(anonymous_42)","decl":{"start":{"line":201,"column":77},"end":{"line":201,"column":80}},"loc":{"start":{"line":201,"column":83},"end":{"line":201,"column":123}}},"33":{"name":"(anonymous_43)","decl":{"start":{"line":238,"column":45},"end":{"line":238,"column":48}},"loc":{"start":{"line":238,"column":50},"end":{"line":238,"column":113}}},"34":{"name":"(anonymous_44)","decl":{"start":{"line":275,"column":26},"end":{"line":275,"column":29}},"loc":{"start":{"line":275,"column":32},"end":{"line":275,"column":54}}}},"branchMap":{"0":{"loc":{"start":{"line":29,"column":20},"end":{"line":29,"column":95}},"type":"binary-expr","locations":[{"start":{"line":29,"column":20},"end":{"line":29,"column":53}},{"start":{"line":29,"column":57},"end":{"line":29,"column":95}}]},"1":{"loc":{"start":{"line":30,"column":25},"end":{"line":30,"column":100}},"type":"binary-expr","locations":[{"start":{"line":30,"column":25},"end":{"line":30,"column":59}},{"start":{"line":30,"column":63},"end":{"line":30,"column":100}}]},"2":{"loc":{"start":{"line":35,"column":8},"end":{"line":37,"column":9}},"type":"if","locations":[{"start":{"line":35,"column":8},"end":{"line":37,"column":9}}]},"3":{"loc":{"start":{"line":35,"column":12},"end":{"line":35,"column":39}},"type":"binary-expr","locations":[{"start":{"line":35,"column":12},"end":{"line":35,"column":24}},{"start":{"line":35,"column":28},"end":{"line":35,"column":39}}]},"4":{"loc":{"start":{"line":42,"column":8},"end":{"line":42,"column":39}},"type":"if","locations":[{"start":{"line":42,"column":8},"end":{"line":42,"column":39}}]},"5":{"loc":{"start":{"line":45,"column":12},"end":{"line":45,"column":52}},"type":"if","locations":[{"start":{"line":45,"column":12},"end":{"line":45,"column":52}}]},"6":{"loc":{"start":{"line":55,"column":31},"end":{"line":55,"column":85}},"type":"binary-expr","locations":[{"start":{"line":55,"column":31},"end":{"line":55,"column":53}},{"start":{"line":55,"column":57},"end":{"line":55,"column":85}}]},"7":{"loc":{"start":{"line":56,"column":37},"end":{"line":56,"column":109}},"type":"binary-expr","locations":[{"start":{"line":56,"column":37},"end":{"line":56,"column":65}},{"start":{"line":56,"column":69},"end":{"line":56,"column":109}}]},"8":{"loc":{"start":{"line":57,"column":19},"end":{"line":57,"column":49}},"type":"binary-expr","locations":[{"start":{"line":57,"column":19},"end":{"line":57,"column":29}},{"start":{"line":57,"column":33},"end":{"line":57,"column":49}}]},"9":{"loc":{"start":{"line":65,"column":31},"end":{"line":65,"column":84}},"type":"binary-expr","locations":[{"start":{"line":65,"column":31},"end":{"line":65,"column":53}},{"start":{"line":65,"column":57},"end":{"line":65,"column":84}}]},"10":{"loc":{"start":{"line":66,"column":37},"end":{"line":66,"column":108}},"type":"binary-expr","locations":[{"start":{"line":66,"column":37},"end":{"line":66,"column":65}},{"start":{"line":66,"column":69},"end":{"line":66,"column":108}}]},"11":{"loc":{"start":{"line":67,"column":45},"end":{"line":67,"column":108}},"type":"binary-expr","locations":[{"start":{"line":67,"column":45},"end":{"line":67,"column":73}},{"start":{"line":67,"column":77},"end":{"line":67,"column":108}}]},"12":{"loc":{"start":{"line":68,"column":32},"end":{"line":68,"column":87}},"type":"binary-expr","locations":[{"start":{"line":68,"column":32},"end":{"line":68,"column":56}},{"start":{"line":68,"column":60},"end":{"line":68,"column":87}}]},"13":{"loc":{"start":{"line":69,"column":19},"end":{"line":69,"column":65}},"type":"binary-expr","locations":[{"start":{"line":69,"column":19},"end":{"line":69,"column":29}},{"start":{"line":69,"column":33},"end":{"line":69,"column":49}},{"start":{"line":69,"column":53},"end":{"line":69,"column":65}}]},"14":{"loc":{"start":{"line":82,"column":8},"end":{"line":101,"column":9}},"type":"if","locations":[{"start":{"line":82,"column":8},"end":{"line":101,"column":9}}]},"15":{"loc":{"start":{"line":82,"column":12},"end":{"line":82,"column":62}},"type":"binary-expr","locations":[{"start":{"line":82,"column":12},"end":{"line":82,"column":21}},{"start":{"line":82,"column":25},"end":{"line":82,"column":62}}]},"16":{"loc":{"start":{"line":103,"column":8},"end":{"line":103,"column":30}},"type":"if","locations":[{"start":{"line":103,"column":8},"end":{"line":103,"column":30}}]},"17":{"loc":{"start":{"line":105,"column":30},"end":{"line":105,"column":91}},"type":"cond-expr","locations":[{"start":{"line":105,"column":57},"end":{"line":105,"column":86}},{"start":{"line":105,"column":89},"end":{"line":105,"column":91}}]},"18":{"loc":{"start":{"line":108,"column":8},"end":{"line":109,"column":40}},"type":"if","locations":[{"start":{"line":108,"column":8},"end":{"line":109,"column":40}},{"start":{"line":109,"column":13},"end":{"line":109,"column":40}}]},"19":{"loc":{"start":{"line":117,"column":8},"end":{"line":117,"column":93}},"type":"if","locations":[{"start":{"line":117,"column":8},"end":{"line":117,"column":93}}]},"20":{"loc":{"start":{"line":119,"column":8},"end":{"line":119,"column":59}},"type":"if","locations":[{"start":{"line":119,"column":8},"end":{"line":119,"column":59}}]},"21":{"loc":{"start":{"line":119,"column":12},"end":{"line":119,"column":50}},"type":"binary-expr","locations":[{"start":{"line":119,"column":12},"end":{"line":119,"column":21}},{"start":{"line":119,"column":25},"end":{"line":119,"column":50}}]},"22":{"loc":{"start":{"line":126,"column":15},"end":{"line":126,"column":83}},"type":"binary-expr","locations":[{"start":{"line":126,"column":15},"end":{"line":126,"column":61}},{"start":{"line":126,"column":65},"end":{"line":126,"column":83}}]},"23":{"loc":{"start":{"line":130,"column":15},"end":{"line":130,"column":81}},"type":"binary-expr","locations":[{"start":{"line":130,"column":15},"end":{"line":130,"column":59}},{"start":{"line":130,"column":63},"end":{"line":130,"column":81}}]},"24":{"loc":{"start":{"line":154,"column":21},"end":{"line":167,"column":null}},"type":"binary-expr","locations":[{"start":{"line":154,"column":21},"end":{"line":154,"column":28}},{"start":{"line":155,"column":24},"end":{"line":166,"column":null}}]},"25":{"loc":{"start":{"line":185,"column":56},"end":{"line":185,"column":97}},"type":"binary-expr","locations":[{"start":{"line":185,"column":56},"end":{"line":185,"column":69}},{"start":{"line":185,"column":73},"end":{"line":185,"column":97}}]},"26":{"loc":{"start":{"line":186,"column":60},"end":{"line":186,"column":120}},"type":"cond-expr","locations":[{"start":{"line":186,"column":75},"end":{"line":186,"column":108}},{"start":{"line":186,"column":111},"end":{"line":186,"column":120}}]},"27":{"loc":{"start":{"line":189,"column":58},"end":{"line":189,"column":87}},"type":"binary-expr","locations":[{"start":{"line":189,"column":58},"end":{"line":189,"column":69}},{"start":{"line":189,"column":73},"end":{"line":189,"column":87}}]},"28":{"loc":{"start":{"line":191,"column":244},"end":{"line":191,"column":288}},"type":"cond-expr","locations":[{"start":{"line":191,"column":260},"end":{"line":191,"column":283}},{"start":{"line":191,"column":286},"end":{"line":191,"column":288}}]},"29":{"loc":{"start":{"line":198,"column":53},"end":{"line":202,"column":null}},"type":"binary-expr","locations":[{"start":{"line":198,"column":53},"end":{"line":198,"column":60}},{"start":{"line":198,"column":64},"end":{"line":198,"column":76}},{"start":{"line":199,"column":56},"end":{"line":201,"column":null}}]},"30":{"loc":{"start":{"line":208,"column":49},"end":{"line":215,"column":null}},"type":"binary-expr","locations":[{"start":{"line":208,"column":49},"end":{"line":208,"column":62}},{"start":{"line":209,"column":52},"end":{"line":214,"column":null}}]},"31":{"loc":{"start":{"line":210,"column":56},"end":{"line":212,"column":null}},"type":"cond-expr","locations":[{"start":{"line":211,"column":62},"end":{"line":211,"column":111}},{"start":{"line":212,"column":62},"end":{"line":212,"column":null}}]},"32":{"loc":{"start":{"line":214,"column":57},"end":{"line":214,"column":99}},"type":"cond-expr","locations":[{"start":{"line":214,"column":71},"end":{"line":214,"column":82}},{"start":{"line":214,"column":85},"end":{"line":214,"column":99}}]},"33":{"loc":{"start":{"line":219,"column":49},"end":{"line":224,"column":null}},"type":"binary-expr","locations":[{"start":{"line":219,"column":49},"end":{"line":219,"column":60}},{"start":{"line":220,"column":52},"end":{"line":223,"column":null}}]},"34":{"loc":{"start":{"line":221,"column":58},"end":{"line":223,"column":85}},"type":"cond-expr","locations":[{"start":{"line":222,"column":62},"end":{"line":222,"column":132}},{"start":{"line":223,"column":62},"end":{"line":223,"column":85}}]},"35":{"loc":{"start":{"line":236,"column":29},"end":{"line":242,"column":null}},"type":"binary-expr","locations":[{"start":{"line":236,"column":29},"end":{"line":236,"column":36}},{"start":{"line":237,"column":32},"end":{"line":241,"column":null}}]}},"s":{"0":1,"1":1,"2":1,"3":1,"4":1,"5":1,"6":1,"7":1,"8":1,"9":1,"10":1,"11":1,"12":8,"13":8,"14":8,"15":8,"16":8,"17":8,"18":8,"19":8,"20":8,"21":8,"22":8,"23":8,"24":8,"25":8,"26":8,"27":4,"28":0,"29":8,"30":4,"31":4,"32":0,"33":4,"34":4,"35":4,"36":4,"37":4,"38":8,"39":8,"40":8,"41":8,"42":8,"43":8,"44":4,"45":8,"46":8,"47":5,"48":5,"49":5,"50":5,"51":5,"52":8,"53":8,"54":8,"55":0,"56":0,"57":0,"58":0,"59":0,"60":0,"61":0,"62":0,"63":0,"64":0,"65":0,"66":0,"67":0,"68":0,"69":0,"70":0,"71":0,"72":0,"73":0,"74":0,"75":8,"76":0,"77":0,"78":0,"79":0,"80":0,"81":0,"82":0,"83":0,"84":0,"85":8,"86":12,"87":12,"88":8,"89":12,"90":12,"91":8,"92":0,"93":8,"94":0,"95":0,"96":56,"97":84,"98":4,"99":12,"100":12,"101":12,"102":12,"103":12,"104":12,"105":0,"106":0,"107":0,"108":0,"109":0,"110":0,"111":1},"f":{"0":8,"1":8,"2":4,"3":4,"4":4,"5":4,"6":8,"7":8,"8":4,"9":8,"10":5,"11":8,"12":0,"13":0,"14":0,"15":0,"16":0,"17":0,"18":0,"19":12,"20":12,"21":12,"22":12,"23":0,"24":8,"25":0,"26":0,"27":56,"28":84,"29":4,"30":12,"31":0,"32":0,"33":0,"34":0},"b":{"0":[8,0],"1":[8,8],"2":[0],"3":[4,0],"4":[0],"5":[4],"6":[8,0],"7":[8,0],"8":[8,8],"9":[5,0],"10":[5,0],"11":[5,3],"12":[5,3],"13":[5,5,5],"14":[0],"15":[0,0],"16":[0],"17":[0,0],"18":[0,0],"19":[0],"20":[0],"21":[0,0],"22":[12,0],"23":[12,0],"24":[8,8],"25":[12,4],"26":[4,8],"27":[12,11],"28":[2,10],"29":[12,12,8],"30":[12,2],"31":[1,1],"32":[1,1],"33":[12,4],"34":[1,3],"35":[56,56]}}
,"E:\\Apps\\Tudojang\\vistas\\admin\\MisClasesView.tsx": {"path":"E:\\Apps\\Tudojang\\vistas\\admin\\MisClasesView.tsx","statementMap":{"0":{"start":{"line":1,"column":0},"end":{"line":1,"column":26}},"1":{"start":{"line":3,"column":0},"end":{"line":3,"column":104}},"2":{"start":{"line":4,"column":0},"end":{"line":4,"column":90}},"3":{"start":{"line":5,"column":0},"end":{"line":5,"column":null}},"4":{"start":{"line":30,"column":2},"end":{"line":46,"column":3}},"5":{"start":{"line":32,"column":6},"end":{"line":32,"column":61}},"6":{"start":{"line":34,"column":6},"end":{"line":38,"column":8}},"7":{"start":{"line":40,"column":6},"end":{"line":43,"column":8}},"8":{"start":{"line":45,"column":6},"end":{"line":45,"column":16}},"9":{"start":{"line":49,"column":52},"end":{"line":354,"column":1}},"10":{"start":{"line":55,"column":34},"end":{"line":55,"column":74}},"11":{"start":{"line":56,"column":58},"end":{"line":56,"column":102}},"12":{"start":{"line":57,"column":28},"end":{"line":57,"column":46}},"13":{"start":{"line":60,"column":62},"end":{"line":60,"column":105}},"14":{"start":{"line":61,"column":80},"end":{"line":61,"column":123}},"15":{"start":{"line":63,"column":72},"end":{"line":63,"column":126}},"16":{"start":{"line":64,"column":54},"end":{"line":64,"column":96}},"17":{"start":{"line":65,"column":84},"end":{"line":65,"column":141}},"18":{"start":{"line":67,"column":17},"end":{"line":85,"column":40}},"19":{"start":{"line":68,"column":4},"end":{"line":84,"column":7}},"20":{"start":{"line":72,"column":26},"end":{"line":74,"column":55}},"21":{"start":{"line":73,"column":29},"end":{"line":73,"column":62}},"22":{"start":{"line":74,"column":24},"end":{"line":74,"column":54}},"23":{"start":{"line":75,"column":6},"end":{"line":75,"column":31}},"24":{"start":{"line":77,"column":49},"end":{"line":77,"column":51}},"25":{"start":{"line":78,"column":6},"end":{"line":82,"column":7}},"26":{"start":{"line":79,"column":8},"end":{"line":81,"column":50}},"27":{"start":{"line":80,"column":34},"end":{"line":80,"column":69}},"28":{"start":{"line":81,"column":31},"end":{"line":81,"column":48}},"29":{"start":{"line":83,"column":6},"end":{"line":83,"column":40}},"30":{"start":{"line":87,"column":2},"end":{"line":89,"column":15}},"31":{"start":{"line":88,"column":4},"end":{"line":88,"column":13}},"32":{"start":{"line":91,"column":23},"end":{"line":136,"column":3}},"33":{"start":{"line":92,"column":4},"end":{"line":92,"column":17}},"34":{"start":{"line":93,"column":4},"end":{"line":135,"column":5}},"35":{"start":{"line":95,"column":6},"end":{"line":117,"column":7}},"36":{"start":{"line":96,"column":32},"end":{"line":96,"column":80}},"37":{"start":{"line":97,"column":8},"end":{"line":100,"column":9}},"38":{"start":{"line":98,"column":10},"end":{"line":98,"column":87}},"39":{"start":{"line":99,"column":10},"end":{"line":99,"column":17}},"40":{"start":{"line":101,"column":8},"end":{"line":101,"column":48}},"41":{"start":{"line":102,"column":13},"end":{"line":117,"column":7}},"42":{"start":{"line":103,"column":8},"end":{"line":103,"column":46}},"43":{"start":{"line":104,"column":13},"end":{"line":117,"column":7}},"44":{"start":{"line":110,"column":26},"end":{"line":113,"column":10}},"45":{"start":{"line":114,"column":8},"end":{"line":114,"column":47}},"46":{"start":{"line":116,"column":8},"end":{"line":116,"column":15}},"47":{"start":{"line":119,"column":6},"end":{"line":119,"column":51}},"48":{"start":{"line":120,"column":6},"end":{"line":130,"column":7}},"49":{"start":{"line":121,"column":8},"end":{"line":127,"column":11}},"50":{"start":{"line":129,"column":8},"end":{"line":129,"column":83}},"51":{"start":{"line":132,"column":6},"end":{"line":132,"column":107}},"52":{"start":{"line":132,"column":32},"end":{"line":132,"column":105}},"53":{"start":{"line":132,"column":56},"end":{"line":132,"column":103}},"54":{"start":{"line":134,"column":6},"end":{"line":134,"column":87}},"55":{"start":{"line":138,"column":32},"end":{"line":140,"column":3}},"56":{"start":{"line":139,"column":4},"end":{"line":139,"column":83}},"57":{"start":{"line":139,"column":48},"end":{"line":139,"column":80}},"58":{"start":{"line":142,"column":28},"end":{"line":151,"column":3}},"59":{"start":{"line":143,"column":4},"end":{"line":149,"column":5}},"60":{"start":{"line":144,"column":6},"end":{"line":147,"column":10}},"61":{"start":{"line":144,"column":50},"end":{"line":147,"column":8}},"62":{"start":{"line":148,"column":6},"end":{"line":148,"column":13}},"63":{"start":{"line":150,"column":4},"end":{"line":150,"column":26}},"64":{"start":{"line":153,"column":24},"end":{"line":175,"column":3}},"65":{"start":{"line":154,"column":4},"end":{"line":154,"column":17}},"66":{"start":{"line":155,"column":4},"end":{"line":174,"column":5}},"67":{"start":{"line":156,"column":26},"end":{"line":156,"column":58}},"68":{"start":{"line":157,"column":6},"end":{"line":157,"column":51}},"69":{"start":{"line":158,"column":6},"end":{"line":168,"column":7}},"70":{"start":{"line":159,"column":8},"end":{"line":165,"column":11}},"71":{"start":{"line":167,"column":8},"end":{"line":167,"column":83}},"72":{"start":{"line":170,"column":6},"end":{"line":170,"column":107}},"73":{"start":{"line":170,"column":32},"end":{"line":170,"column":105}},"74":{"start":{"line":170,"column":56},"end":{"line":170,"column":103}},"75":{"start":{"line":171,"column":6},"end":{"line":171,"column":40}},"76":{"start":{"line":173,"column":6},"end":{"line":173,"column":85}},"77":{"start":{"line":177,"column":27},"end":{"line":206,"column":3}},"78":{"start":{"line":178,"column":4},"end":{"line":178,"column":17}},"79":{"start":{"line":179,"column":4},"end":{"line":205,"column":5}},"80":{"start":{"line":180,"column":44},"end":{"line":180,"column":70}},"81":{"start":{"line":181,"column":30},"end":{"line":181,"column":80}},"82":{"start":{"line":182,"column":6},"end":{"line":185,"column":7}},"83":{"start":{"line":183,"column":8},"end":{"line":183,"column":85}},"84":{"start":{"line":184,"column":8},"end":{"line":184,"column":15}},"85":{"start":{"line":187,"column":26},"end":{"line":187,"column":62}},"86":{"start":{"line":188,"column":6},"end":{"line":188,"column":51}},"87":{"start":{"line":189,"column":6},"end":{"line":199,"column":7}},"88":{"start":{"line":190,"column":8},"end":{"line":196,"column":11}},"89":{"start":{"line":198,"column":8},"end":{"line":198,"column":83}},"90":{"start":{"line":201,"column":6},"end":{"line":201,"column":107}},"91":{"start":{"line":201,"column":32},"end":{"line":201,"column":105}},"92":{"start":{"line":201,"column":56},"end":{"line":201,"column":103}},"93":{"start":{"line":202,"column":6},"end":{"line":202,"column":40}},"94":{"start":{"line":204,"column":6},"end":{"line":204,"column":88}},"95":{"start":{"line":208,"column":2},"end":{"line":353,"column":4}},"96":{"start":{"line":229,"column":31},"end":{"line":229,"column":69}},"97":{"start":{"line":230,"column":31},"end":{"line":230,"column":66}},"98":{"start":{"line":231,"column":38},"end":{"line":231,"column":85}},"99":{"start":{"line":232,"column":44},"end":{"line":236,"column":16}},"100":{"start":{"line":238,"column":14},"end":{"line":347,"column":16}},"101":{"start":{"line":252,"column":51},"end":{"line":255,"column":33}},"102":{"start":{"line":252,"column":90},"end":{"line":255,"column":32}},"103":{"start":{"line":263,"column":51},"end":{"line":266,"column":33}},"104":{"start":{"line":263,"column":99},"end":{"line":266,"column":32}},"105":{"start":{"line":276,"column":28},"end":{"line":277,"column":null}},"106":{"start":{"line":279,"column":45},"end":{"line":279,"column":85}},"107":{"start":{"line":293,"column":49},"end":{"line":296,"column":31}},"108":{"start":{"line":293,"column":84},"end":{"line":296,"column":30}},"109":{"start":{"line":300,"column":43},"end":{"line":300,"column":103}},"110":{"start":{"line":313,"column":49},"end":{"line":316,"column":31}},"111":{"start":{"line":313,"column":99},"end":{"line":316,"column":30}},"112":{"start":{"line":322,"column":49},"end":{"line":325,"column":31}},"113":{"start":{"line":322,"column":99},"end":{"line":325,"column":30}},"114":{"start":{"line":331,"column":49},"end":{"line":334,"column":31}},"115":{"start":{"line":331,"column":99},"end":{"line":334,"column":30}},"116":{"start":{"line":338,"column":43},"end":{"line":338,"column":91}},"117":{"start":{"line":356,"column":0},"end":{"line":356,"column":29}}},"fnMap":{"0":{"name":"accionesDisponibles","decl":{"start":{"line":29,"column":9},"end":{"line":29,"column":28}},"loc":{"start":{"line":29,"column":65},"end":{"line":47,"column":1}}},"1":{"name":"(anonymous_2)","decl":{"start":{"line":49,"column":52},"end":{"line":49,"column":53}},"loc":{"start":{"line":54,"column":5},"end":{"line":354,"column":1}}},"2":{"name":"(anonymous_3)","decl":{"start":{"line":67,"column":35},"end":{"line":67,"column":38}},"loc":{"start":{"line":67,"column":40},"end":{"line":85,"column":3}}},"3":{"name":"(anonymous_4)","decl":{"start":{"line":71,"column":12},"end":{"line":71,"column":13}},"loc":{"start":{"line":71,"column":49},"end":{"line":84,"column":5}}},"4":{"name":"(anonymous_5)","decl":{"start":{"line":73,"column":16},"end":{"line":73,"column":17}},"loc":{"start":{"line":73,"column":29},"end":{"line":73,"column":62}}},"5":{"name":"(anonymous_6)","decl":{"start":{"line":74,"column":14},"end":{"line":74,"column":15}},"loc":{"start":{"line":74,"column":24},"end":{"line":74,"column":54}}},"6":{"name":"(anonymous_7)","decl":{"start":{"line":80,"column":18},"end":{"line":80,"column":19}},"loc":{"start":{"line":80,"column":34},"end":{"line":80,"column":69}}},"7":{"name":"(anonymous_8)","decl":{"start":{"line":81,"column":15},"end":{"line":81,"column":16}},"loc":{"start":{"line":81,"column":31},"end":{"line":81,"column":48}}},"8":{"name":"(anonymous_9)","decl":{"start":{"line":87,"column":18},"end":{"line":87,"column":21}},"loc":{"start":{"line":87,"column":23},"end":{"line":89,"column":3}}},"9":{"name":"(anonymous_10)","decl":{"start":{"line":91,"column":23},"end":{"line":91,"column":28}},"loc":{"start":{"line":91,"column":61},"end":{"line":136,"column":3}}},"10":{"name":"(anonymous_11)","decl":{"start":{"line":132,"column":18},"end":{"line":132,"column":19}},"loc":{"start":{"line":132,"column":32},"end":{"line":132,"column":105}}},"11":{"name":"(anonymous_12)","decl":{"start":{"line":132,"column":45},"end":{"line":132,"column":46}},"loc":{"start":{"line":132,"column":56},"end":{"line":132,"column":103}}},"12":{"name":"(anonymous_13)","decl":{"start":{"line":138,"column":32},"end":{"line":138,"column":33}},"loc":{"start":{"line":138,"column":54},"end":{"line":140,"column":3}}},"13":{"name":"(anonymous_14)","decl":{"start":{"line":139,"column":35},"end":{"line":139,"column":36}},"loc":{"start":{"line":139,"column":48},"end":{"line":139,"column":80}}},"14":{"name":"(anonymous_15)","decl":{"start":{"line":142,"column":28},"end":{"line":142,"column":29}},"loc":{"start":{"line":142,"column":80},"end":{"line":151,"column":3}}},"15":{"name":"(anonymous_16)","decl":{"start":{"line":144,"column":37},"end":{"line":144,"column":38}},"loc":{"start":{"line":144,"column":50},"end":{"line":147,"column":8}}},"16":{"name":"(anonymous_17)","decl":{"start":{"line":153,"column":24},"end":{"line":153,"column":29}},"loc":{"start":{"line":153,"column":78},"end":{"line":175,"column":3}}},"17":{"name":"(anonymous_18)","decl":{"start":{"line":170,"column":18},"end":{"line":170,"column":19}},"loc":{"start":{"line":170,"column":32},"end":{"line":170,"column":105}}},"18":{"name":"(anonymous_19)","decl":{"start":{"line":170,"column":45},"end":{"line":170,"column":46}},"loc":{"start":{"line":170,"column":56},"end":{"line":170,"column":103}}},"19":{"name":"(anonymous_20)","decl":{"start":{"line":177,"column":27},"end":{"line":177,"column":32}},"loc":{"start":{"line":177,"column":97},"end":{"line":206,"column":3}}},"20":{"name":"(anonymous_21)","decl":{"start":{"line":201,"column":18},"end":{"line":201,"column":19}},"loc":{"start":{"line":201,"column":32},"end":{"line":201,"column":105}}},"21":{"name":"(anonymous_22)","decl":{"start":{"line":201,"column":45},"end":{"line":201,"column":46}},"loc":{"start":{"line":201,"column":56},"end":{"line":201,"column":103}}},"22":{"name":"(anonymous_23)","decl":{"start":{"line":228,"column":26},"end":{"line":228,"column":27}},"loc":{"start":{"line":228,"column":38},"end":{"line":348,"column":13}}},"23":{"name":"(anonymous_24)","decl":{"start":{"line":252,"column":40},"end":{"line":252,"column":41}},"loc":{"start":{"line":252,"column":51},"end":{"line":255,"column":33}}},"24":{"name":"(anonymous_25)","decl":{"start":{"line":252,"column":77},"end":{"line":252,"column":78}},"loc":{"start":{"line":252,"column":90},"end":{"line":255,"column":32}}},"25":{"name":"(anonymous_26)","decl":{"start":{"line":263,"column":40},"end":{"line":263,"column":41}},"loc":{"start":{"line":263,"column":51},"end":{"line":266,"column":33}}},"26":{"name":"(anonymous_27)","decl":{"start":{"line":263,"column":86},"end":{"line":263,"column":87}},"loc":{"start":{"line":263,"column":99},"end":{"line":266,"column":32}}},"27":{"name":"(anonymous_28)","decl":{"start":{"line":275,"column":40},"end":{"line":275,"column":41}},"loc":{"start":{"line":276,"column":28},"end":{"line":277,"column":null}}},"28":{"name":"(anonymous_29)","decl":{"start":{"line":279,"column":39},"end":{"line":279,"column":42}},"loc":{"start":{"line":279,"column":45},"end":{"line":279,"column":85}}},"29":{"name":"(anonymous_30)","decl":{"start":{"line":293,"column":38},"end":{"line":293,"column":39}},"loc":{"start":{"line":293,"column":49},"end":{"line":296,"column":31}}},"30":{"name":"(anonymous_31)","decl":{"start":{"line":293,"column":71},"end":{"line":293,"column":72}},"loc":{"start":{"line":293,"column":84},"end":{"line":296,"column":30}}},"31":{"name":"(anonymous_32)","decl":{"start":{"line":300,"column":37},"end":{"line":300,"column":40}},"loc":{"start":{"line":300,"column":43},"end":{"line":300,"column":103}}},"32":{"name":"(anonymous_33)","decl":{"start":{"line":313,"column":38},"end":{"line":313,"column":39}},"loc":{"start":{"line":313,"column":49},"end":{"line":316,"column":31}}},"33":{"name":"(anonymous_34)","decl":{"start":{"line":313,"column":86},"end":{"line":313,"column":87}},"loc":{"start":{"line":313,"column":99},"end":{"line":316,"column":30}}},"34":{"name":"(anonymous_35)","decl":{"start":{"line":322,"column":38},"end":{"line":322,"column":39}},"loc":{"start":{"line":322,"column":49},"end":{"line":325,"column":31}}},"35":{"name":"(anonymous_36)","decl":{"start":{"line":322,"column":86},"end":{"line":322,"column":87}},"loc":{"start":{"line":322,"column":99},"end":{"line":325,"column":30}}},"36":{"name":"(anonymous_37)","decl":{"start":{"line":331,"column":38},"end":{"line":331,"column":39}},"loc":{"start":{"line":331,"column":49},"end":{"line":334,"column":31}}},"37":{"name":"(anonymous_38)","decl":{"start":{"line":331,"column":86},"end":{"line":331,"column":87}},"loc":{"start":{"line":331,"column":99},"end":{"line":334,"column":30}}},"38":{"name":"(anonymous_39)","decl":{"start":{"line":338,"column":37},"end":{"line":338,"column":40}},"loc":{"start":{"line":338,"column":43},"end":{"line":338,"column":91}}}},"branchMap":{"0":{"loc":{"start":{"line":30,"column":2},"end":{"line":46,"column":3}},"type":"switch","locations":[{"start":{"line":31,"column":4},"end":{"line":32,"column":61}},{"start":{"line":33,"column":4},"end":{"line":38,"column":8}},{"start":{"line":39,"column":4},"end":{"line":43,"column":8}},{"start":{"line":44,"column":4},"end":{"line":45,"column":16}}]},"1":{"loc":{"start":{"line":52,"column":2},"end":{"line":52,"column":29}},"type":"default-arg","locations":[{"start":{"line":52,"column":14},"end":{"line":52,"column":29}}]},"2":{"loc":{"start":{"line":53,"column":2},"end":{"line":53,"column":32}},"type":"default-arg","locations":[{"start":{"line":53,"column":15},"end":{"line":53,"column":32}}]},"3":{"loc":{"start":{"line":95,"column":6},"end":{"line":117,"column":7}},"type":"if","locations":[{"start":{"line":95,"column":6},"end":{"line":117,"column":7}},{"start":{"line":102,"column":13},"end":{"line":117,"column":7}}]},"4":{"loc":{"start":{"line":97,"column":8},"end":{"line":100,"column":9}},"type":"if","locations":[{"start":{"line":97,"column":8},"end":{"line":100,"column":9}}]},"5":{"loc":{"start":{"line":102,"column":13},"end":{"line":117,"column":7}},"type":"if","locations":[{"start":{"line":102,"column":13},"end":{"line":117,"column":7}},{"start":{"line":104,"column":13},"end":{"line":117,"column":7}}]},"6":{"loc":{"start":{"line":104,"column":13},"end":{"line":117,"column":7}},"type":"if","locations":[{"start":{"line":104,"column":13},"end":{"line":117,"column":7}},{"start":{"line":115,"column":13},"end":{"line":117,"column":7}}]},"7":{"loc":{"start":{"line":112,"column":31},"end":{"line":112,"column":108}},"type":"cond-expr","locations":[{"start":{"line":112,"column":77},"end":{"line":112,"column":103}},{"start":{"line":112,"column":106},"end":{"line":112,"column":108}}]},"8":{"loc":{"start":{"line":125,"column":18},"end":{"line":125,"column":126}},"type":"cond-expr","locations":[{"start":{"line":125,"column":56},"end":{"line":125,"column":67}},{"start":{"line":125,"column":70},"end":{"line":125,"column":126}}]},"9":{"loc":{"start":{"line":125,"column":70},"end":{"line":125,"column":126}},"type":"cond-expr","locations":[{"start":{"line":125,"column":106},"end":{"line":125,"column":115}},{"start":{"line":125,"column":118},"end":{"line":125,"column":126}}]},"10":{"loc":{"start":{"line":132,"column":56},"end":{"line":132,"column":103}},"type":"cond-expr","locations":[{"start":{"line":132,"column":85},"end":{"line":132,"column":96}},{"start":{"line":132,"column":99},"end":{"line":132,"column":103}}]},"11":{"loc":{"start":{"line":134,"column":15},"end":{"line":134,"column":85}},"type":"cond-expr","locations":[{"start":{"line":134,"column":38},"end":{"line":134,"column":49}},{"start":{"line":134,"column":52},"end":{"line":134,"column":85}}]},"12":{"loc":{"start":{"line":143,"column":4},"end":{"line":149,"column":5}},"type":"if","locations":[{"start":{"line":143,"column":4},"end":{"line":149,"column":5}}]},"13":{"loc":{"start":{"line":143,"column":8},"end":{"line":143,"column":55}},"type":"binary-expr","locations":[{"start":{"line":143,"column":8},"end":{"line":143,"column":28}},{"start":{"line":143,"column":32},"end":{"line":143,"column":55}}]},"14":{"loc":{"start":{"line":146,"column":22},"end":{"line":146,"column":65}},"type":"cond-expr","locations":[{"start":{"line":146,"column":53},"end":{"line":146,"column":57}},{"start":{"line":146,"column":60},"end":{"line":146,"column":65}}]},"15":{"loc":{"start":{"line":170,"column":56},"end":{"line":170,"column":103}},"type":"cond-expr","locations":[{"start":{"line":170,"column":85},"end":{"line":170,"column":96}},{"start":{"line":170,"column":99},"end":{"line":170,"column":103}}]},"16":{"loc":{"start":{"line":173,"column":15},"end":{"line":173,"column":83}},"type":"cond-expr","locations":[{"start":{"line":173,"column":38},"end":{"line":173,"column":49}},{"start":{"line":173,"column":52},"end":{"line":173,"column":83}}]},"17":{"loc":{"start":{"line":182,"column":6},"end":{"line":185,"column":7}},"type":"if","locations":[{"start":{"line":182,"column":6},"end":{"line":185,"column":7}}]},"18":{"loc":{"start":{"line":201,"column":56},"end":{"line":201,"column":103}},"type":"cond-expr","locations":[{"start":{"line":201,"column":85},"end":{"line":201,"column":96}},{"start":{"line":201,"column":99},"end":{"line":201,"column":103}}]},"19":{"loc":{"start":{"line":204,"column":15},"end":{"line":204,"column":86}},"type":"cond-expr","locations":[{"start":{"line":204,"column":38},"end":{"line":204,"column":49}},{"start":{"line":204,"column":52},"end":{"line":204,"column":86}}]},"20":{"loc":{"start":{"line":212,"column":7},"end":{"line":212,"column":78}},"type":"binary-expr","locations":[{"start":{"line":212,"column":7},"end":{"line":212,"column":12}},{"start":{"line":212,"column":16},"end":{"line":212,"column":78}}]},"21":{"loc":{"start":{"line":214,"column":7},"end":{"line":350,"column":null}},"type":"cond-expr","locations":[{"start":{"line":215,"column":8},"end":{"line":215,"column":112}},{"start":{"line":217,"column":8},"end":{"line":349,"column":null}}]},"22":{"loc":{"start":{"line":229,"column":31},"end":{"line":229,"column":69}},"type":"binary-expr","locations":[{"start":{"line":229,"column":31},"end":{"line":229,"column":63}},{"start":{"line":229,"column":67},"end":{"line":229,"column":69}}]},"23":{"loc":{"start":{"line":231,"column":38},"end":{"line":231,"column":85}},"type":"binary-expr","locations":[{"start":{"line":231,"column":38},"end":{"line":231,"column":77}},{"start":{"line":231,"column":81},"end":{"line":231,"column":85}}]},"24":{"loc":{"start":{"line":232,"column":44},"end":{"line":236,"column":16}},"type":"binary-expr","locations":[{"start":{"line":232,"column":44},"end":{"line":232,"column":89}},{"start":{"line":232,"column":93},"end":{"line":236,"column":16}}]},"25":{"loc":{"start":{"line":243,"column":23},"end":{"line":243,"column":90}},"type":"cond-expr","locations":[{"start":{"line":243,"column":45},"end":{"line":243,"column":64}},{"start":{"line":243,"column":67},"end":{"line":243,"column":90}}]},"26":{"loc":{"start":{"line":246,"column":23},"end":{"line":270,"column":null}},"type":"binary-expr","locations":[{"start":{"line":246,"column":23},"end":{"line":246,"column":52}},{"start":{"line":247,"column":24},"end":{"line":269,"column":null}}]},"27":{"loc":{"start":{"line":273,"column":23},"end":{"line":284,"column":null}},"type":"binary-expr","locations":[{"start":{"line":273,"column":23},"end":{"line":273,"column":42}},{"start":{"line":274,"column":24},"end":{"line":283,"column":null}}]},"28":{"loc":{"start":{"line":287,"column":23},"end":{"line":304,"column":null}},"type":"binary-expr","locations":[{"start":{"line":287,"column":23},"end":{"line":287,"column":53}},{"start":{"line":288,"column":24},"end":{"line":303,"column":null}}]},"29":{"loc":{"start":{"line":292,"column":35},"end":{"line":292,"column":71}},"type":"binary-expr","locations":[{"start":{"line":292,"column":35},"end":{"line":292,"column":65}},{"start":{"line":292,"column":69},"end":{"line":292,"column":71}}]},"30":{"loc":{"start":{"line":300,"column":66},"end":{"line":300,"column":102}},"type":"binary-expr","locations":[{"start":{"line":300,"column":66},"end":{"line":300,"column":96}},{"start":{"line":300,"column":100},"end":{"line":300,"column":102}}]},"31":{"loc":{"start":{"line":307,"column":23},"end":{"line":342,"column":null}},"type":"binary-expr","locations":[{"start":{"line":307,"column":23},"end":{"line":307,"column":56}},{"start":{"line":308,"column":24},"end":{"line":341,"column":null}}]}},"s":{"0":1,"1":1,"2":1,"3":1,"4":47,"5":4,"6":35,"7":6,"8":2,"9":1,"10":56,"11":56,"12":56,"13":56,"14":56,"15":56,"16":56,"17":56,"18":56,"19":9,"20":9,"21":10,"22":0,"23":9,"24":9,"25":9,"26":9,"27":1,"28":1,"29":9,"30":56,"31":9,"32":56,"33":3,"34":3,"35":3,"36":1,"37":1,"38":0,"39":0,"40":1,"41":2,"42":0,"43":2,"44":2,"45":2,"46":0,"47":2,"48":2,"49":2,"50":0,"51":2,"52":2,"53":2,"54":1,"55":56,"56":2,"57":2,"58":56,"59":6,"60":3,"61":3,"62":3,"63":3,"64":56,"65":1,"66":1,"67":1,"68":1,"69":1,"70":1,"71":0,"72":1,"73":1,"74":1,"75":1,"76":0,"77":56,"78":2,"79":2,"80":2,"81":2,"82":2,"83":1,"84":1,"85":1,"86":1,"87":1,"88":1,"89":0,"90":1,"91":1,"92":1,"93":1,"94":0,"95":56,"96":47,"97":47,"98":47,"99":47,"100":47,"101":1,"102":1,"103":1,"104":1,"105":121,"106":6,"107":16,"108":16,"109":1,"110":2,"111":2,"112":2,"113":2,"114":2,"115":2,"116":2,"117":1},"f":{"0":47,"1":56,"2":9,"3":9,"4":10,"5":0,"6":1,"7":1,"8":9,"9":3,"10":2,"11":2,"12":2,"13":2,"14":6,"15":3,"16":1,"17":1,"18":1,"19":2,"20":1,"21":1,"22":47,"23":1,"24":1,"25":1,"26":1,"27":121,"28":6,"29":16,"30":16,"31":1,"32":2,"33":2,"34":2,"35":2,"36":2,"37":2,"38":2},"b":{"0":[4,35,6,2],"1":[56],"2":[0],"3":[1,2],"4":[0],"5":[0,2],"6":[2,0],"7":[1,1],"8":[1,1],"9":[0,1],"10":[2,0],"11":[1,0],"12":[3],"13":[6,5],"14":[0,3],"15":[1,0],"16":[0,0],"17":[1],"18":[1,0],"19":[0,0],"20":[56,2],"21":[9,47],"22":[47,0],"23":[47,18],"24":[47,37],"25":[1,46],"26":[47,6],"27":[47,45],"28":[47,18],"29":[18,1],"30":[1,0],"31":[47,11]}}
}
