TN:
SF:servicios\academico\agendaAcademicaService.ts
FN:29,obtenerNombreDia
FN:34,agruparClasesAcademicas
FN:47,(anonymous_2)
FN:48,(anonymous_3)
FN:49,(anonymous_4)
FN:52,(anonymous_5)
FN:54,(anonymous_6)
FN:55,(anonymous_7)
FN:72,(anonymous_8)
FN:75,obtenerClasesAcademicasDelTenant
FNF:10
FNH:10
FNDA:6,obtenerNombreDia
FNDA:8,agruparClasesAcademicas
FNDA:8,(anonymous_2)
FNDA:7,(anonymous_3)
FNDA:15,(anonymous_4)
FNDA:7,(anonymous_5)
FNDA:2,(anonymous_6)
FNDA:1,(anonymous_7)
FNDA:8,(anonymous_8)
FNDA:2,obtenerClasesAcademicasDelTenant
DA:4,1
DA:5,1
DA:27,1
DA:30,6
DA:31,6
DA:34,1
DA:39,8
DA:41,8
DA:42,15
DA:43,15
DA:46,8
DA:48,8
DA:49,15
DA:50,8
DA:52,7
DA:53,6
DA:54,2
DA:55,1
DA:57,6
DA:72,8
DA:75,1
DA:79,2
DA:81,1
DA:86,1
DA:87,1
LF:25
LH:25
BRDA:37,0,0,8
BRDA:42,1,0,15
BRDA:42,1,1,1
BRDA:43,2,0,15
BRDA:43,2,1,8
BRDA:50,3,0,2
BRDA:52,4,0,6
BRDA:52,4,1,2
BRDA:66,5,0,6
BRDA:66,5,1,6
BRDA:77,6,0,1
BRDA:79,7,0,1
BRF:12
BRH:12
end_of_record
TN:
SF:servicios\academico\jornadaService.ts
FN:33,(anonymous_0)
FN:48,transicionar
FN:61,createJornada
FN:91,confirmarJornada
FN:95,iniciarJornada
FN:99,marcarPendienteCierre
FN:110,cerrarJornada
FN:122,cancelarJornada
FN:129,reprogramarJornada
FN:137,rechazarTransicionInvalida
FN:144,formatoFecha
FN:148,generateJornadasFromBloque
FNF:12
FNH:12
FNDA:13,(anonymous_0)
FNDA:25,transicionar
FNDA:13,createJornada
FNDA:6,confirmarJornada
FNDA:3,iniciarJornada
FNDA:5,marcarPendienteCierre
FNDA:5,cerrarJornada
FNDA:2,cancelarJornada
FNDA:3,reprogramarJornada
FNDA:2,rechazarTransicionInvalida
FNDA:4,formatoFecha
FNDA:2,generateJornadasFromBloque
DA:33,13
DA:35,2
DA:49,25
DA:50,25
DA:51,3
DA:54,22
DA:61,2
DA:62,13
DA:64,13
DA:84,13
DA:85,4
DA:88,13
DA:91,2
DA:92,6
DA:95,2
DA:96,3
DA:99,2
DA:103,5
DA:110,2
DA:111,5
DA:112,2
DA:115,3
DA:116,1
DA:119,2
DA:122,2
DA:123,2
DA:129,2
DA:133,3
DA:134,3
DA:137,2
DA:141,2
DA:145,4
DA:148,2
DA:156,2
DA:158,1
DA:159,1
DA:160,1
DA:162,1
DA:163,30
DA:165,4
DA:181,1
LF:41
LH:41
BRDA:49,0,0,25
BRDA:49,0,1,0
BRDA:50,1,0,3
BRDA:84,2,0,4
BRDA:111,3,0,2
BRDA:115,4,0,1
BRDA:156,5,0,1
BRDA:163,6,0,26
BRF:8
BRH:7
end_of_record
TN:
SF:vistas\Horarios.tsx
FN:16,(anonymous_10)
FN:31,(anonymous_11)
FN:34,(anonymous_12)
FN:40,(anonymous_13)
FN:44,(anonymous_14)
FN:48,(anonymous_15)
FN:53,(anonymous_16)
FN:54,(anonymous_17)
FN:61,(anonymous_18)
FN:63,(anonymous_19)
FN:64,(anonymous_20)
FN:74,(anonymous_21)
FN:78,(anonymous_22)
FN:79,(anonymous_23)
FN:85,(anonymous_24)
FN:106,(anonymous_25)
FN:116,(anonymous_26)
FN:118,(anonymous_27)
FN:121,(anonymous_28)
FN:125,(anonymous_29)
FN:126,(anonymous_30)
FN:129,(anonymous_31)
FN:130,(anonymous_32)
FN:146,(anonymous_33)
FN:150,(anonymous_34)
FN:159,(anonymous_35)
FN:163,(anonymous_36)
FN:174,(anonymous_37)
FN:182,(anonymous_38)
FN:183,(anonymous_39)
FN:184,(anonymous_40)
FN:200,(anonymous_41)
FN:201,(anonymous_42)
FN:238,(anonymous_43)
FN:275,(anonymous_44)
FNF:35
FNH:21
FNDA:8,(anonymous_10)
FNDA:8,(anonymous_11)
FNDA:4,(anonymous_12)
FNDA:4,(anonymous_13)
FNDA:4,(anonymous_14)
FNDA:4,(anonymous_15)
FNDA:8,(anonymous_16)
FNDA:8,(anonymous_17)
FNDA:4,(anonymous_18)
FNDA:8,(anonymous_19)
FNDA:5,(anonymous_20)
FNDA:8,(anonymous_21)
FNDA:0,(anonymous_22)
FNDA:0,(anonymous_23)
FNDA:0,(anonymous_24)
FNDA:0,(anonymous_25)
FNDA:0,(anonymous_26)
FNDA:0,(anonymous_27)
FNDA:0,(anonymous_28)
FNDA:12,(anonymous_29)
FNDA:12,(anonymous_30)
FNDA:12,(anonymous_31)
FNDA:12,(anonymous_32)
FNDA:0,(anonymous_33)
FNDA:8,(anonymous_34)
FNDA:0,(anonymous_35)
FNDA:0,(anonymous_36)
FNDA:56,(anonymous_37)
FNDA:84,(anonymous_38)
FNDA:4,(anonymous_39)
FNDA:12,(anonymous_40)
FNDA:0,(anonymous_41)
FNDA:0,(anonymous_42)
FNDA:0,(anonymous_43)
FNDA:0,(anonymous_44)
DA:3,1
DA:4,1
DA:5,1
DA:6,1
DA:7,1
DA:8,1
DA:9,1
DA:10,1
DA:11,1
DA:12,1
DA:14,1
DA:16,1
DA:17,8
DA:18,8
DA:19,8
DA:20,8
DA:21,8
DA:23,8
DA:24,8
DA:25,8
DA:26,8
DA:27,8
DA:29,8
DA:30,8
DA:31,8
DA:34,8
DA:35,4
DA:36,0
DA:40,8
DA:41,4
DA:42,4
DA:44,4
DA:45,4
DA:48,4
DA:49,4
DA:53,8
DA:54,8
DA:55,8
DA:56,8
DA:57,8
DA:61,8
DA:63,8
DA:64,8
DA:65,5
DA:66,5
DA:67,5
DA:68,5
DA:69,5
DA:73,8
DA:74,8
DA:78,8
DA:79,0
DA:82,0
DA:83,0
DA:85,0
DA:86,0
DA:96,0
DA:98,0
DA:99,0
DA:103,0
DA:105,0
DA:106,0
DA:108,0
DA:109,0
DA:111,0
DA:112,0
DA:113,0
DA:116,8
DA:117,0
DA:118,0
DA:119,0
DA:121,0
DA:122,0
DA:125,8
DA:126,12
DA:129,8
DA:130,12
DA:133,8
DA:146,0
DA:150,8
DA:159,0
DA:164,0
DA:175,56
DA:182,84
DA:183,4
DA:185,12
DA:186,12
DA:187,12
DA:188,12
DA:189,12
DA:190,12
DA:200,0
DA:201,0
DA:238,0
DA:275,0
DA:287,1
LF:96
LH:67
BRDA:29,0,0,8
BRDA:29,0,1,0
BRDA:30,1,0,8
BRDA:30,1,1,8
BRDA:35,2,0,0
BRDA:35,3,0,4
BRDA:35,3,1,0
BRDA:42,4,0,0
BRDA:45,5,0,4
BRDA:55,6,0,8
BRDA:55,6,1,0
BRDA:56,7,0,8
BRDA:56,7,1,0
BRDA:57,8,0,8
BRDA:57,8,1,8
BRDA:65,9,0,5
BRDA:65,9,1,0
BRDA:66,10,0,5
BRDA:66,10,1,0
BRDA:67,11,0,5
BRDA:67,11,1,3
BRDA:68,12,0,5
BRDA:68,12,1,3
BRDA:69,13,0,5
BRDA:69,13,1,5
BRDA:69,13,2,5
BRDA:82,14,0,0
BRDA:82,15,0,0
BRDA:82,15,1,0
BRDA:103,16,0,0
BRDA:105,17,0,0
BRDA:105,17,1,0
BRDA:108,18,0,0
BRDA:108,18,1,0
BRDA:117,19,0,0
BRDA:119,20,0,0
BRDA:119,21,0,0
BRDA:119,21,1,0
BRDA:126,22,0,12
BRDA:126,22,1,0
BRDA:130,23,0,12
BRDA:130,23,1,0
BRDA:154,24,0,8
BRDA:154,24,1,8
BRDA:185,25,0,12
BRDA:185,25,1,4
BRDA:186,26,0,4
BRDA:186,26,1,8
BRDA:189,27,0,12
BRDA:189,27,1,11
BRDA:191,28,0,2
BRDA:191,28,1,10
BRDA:198,29,0,12
BRDA:198,29,1,12
BRDA:198,29,2,8
BRDA:208,30,0,12
BRDA:208,30,1,2
BRDA:210,31,0,1
BRDA:210,31,1,1
BRDA:214,32,0,1
BRDA:214,32,1,1
BRDA:219,33,0,12
BRDA:219,33,1,4
BRDA:221,34,0,1
BRDA:221,34,1,3
BRDA:236,35,0,56
BRDA:236,35,1,56
BRF:67
BRH:45
end_of_record
TN:
SF:vistas\admin\MisClasesView.tsx
FN:29,accionesDisponibles
FN:49,(anonymous_2)
FN:67,(anonymous_3)
FN:71,(anonymous_4)
FN:73,(anonymous_5)
FN:74,(anonymous_6)
FN:80,(anonymous_7)
FN:81,(anonymous_8)
FN:87,(anonymous_9)
FN:91,(anonymous_10)
FN:132,(anonymous_11)
FN:132,(anonymous_12)
FN:138,(anonymous_13)
FN:139,(anonymous_14)
FN:142,(anonymous_15)
FN:144,(anonymous_16)
FN:153,(anonymous_17)
FN:170,(anonymous_18)
FN:170,(anonymous_19)
FN:177,(anonymous_20)
FN:201,(anonymous_21)
FN:201,(anonymous_22)
FN:228,(anonymous_23)
FN:252,(anonymous_24)
FN:252,(anonymous_25)
FN:263,(anonymous_26)
FN:263,(anonymous_27)
FN:275,(anonymous_28)
FN:279,(anonymous_29)
FN:293,(anonymous_30)
FN:293,(anonymous_31)
FN:300,(anonymous_32)
FN:313,(anonymous_33)
FN:313,(anonymous_34)
FN:322,(anonymous_35)
FN:322,(anonymous_36)
FN:331,(anonymous_37)
FN:331,(anonymous_38)
FN:338,(anonymous_39)
FNF:39
FNH:38
FNDA:47,accionesDisponibles
FNDA:56,(anonymous_2)
FNDA:9,(anonymous_3)
FNDA:9,(anonymous_4)
FNDA:10,(anonymous_5)
FNDA:0,(anonymous_6)
FNDA:1,(anonymous_7)
FNDA:1,(anonymous_8)
FNDA:9,(anonymous_9)
FNDA:3,(anonymous_10)
FNDA:2,(anonymous_11)
FNDA:2,(anonymous_12)
FNDA:2,(anonymous_13)
FNDA:2,(anonymous_14)
FNDA:6,(anonymous_15)
FNDA:3,(anonymous_16)
FNDA:1,(anonymous_17)
FNDA:1,(anonymous_18)
FNDA:1,(anonymous_19)
FNDA:2,(anonymous_20)
FNDA:1,(anonymous_21)
FNDA:1,(anonymous_22)
FNDA:47,(anonymous_23)
FNDA:1,(anonymous_24)
FNDA:1,(anonymous_25)
FNDA:1,(anonymous_26)
FNDA:1,(anonymous_27)
FNDA:121,(anonymous_28)
FNDA:6,(anonymous_29)
FNDA:16,(anonymous_30)
FNDA:16,(anonymous_31)
FNDA:1,(anonymous_32)
FNDA:2,(anonymous_33)
FNDA:2,(anonymous_34)
FNDA:2,(anonymous_35)
FNDA:2,(anonymous_36)
FNDA:2,(anonymous_37)
FNDA:2,(anonymous_38)
FNDA:2,(anonymous_39)
DA:1,1
DA:3,1
DA:4,1
DA:5,1
DA:30,47
DA:32,4
DA:34,35
DA:40,6
DA:45,2
DA:49,1
DA:55,56
DA:56,56
DA:57,56
DA:60,56
DA:61,56
DA:63,56
DA:64,56
DA:65,56
DA:67,56
DA:68,9
DA:72,9
DA:73,10
DA:74,0
DA:75,9
DA:77,9
DA:78,9
DA:79,9
DA:80,1
DA:81,1
DA:83,9
DA:87,56
DA:88,9
DA:91,56
DA:92,3
DA:93,3
DA:95,3
DA:96,1
DA:97,1
DA:98,0
DA:99,0
DA:101,1
DA:102,2
DA:103,0
DA:104,2
DA:110,2
DA:114,2
DA:116,0
DA:119,2
DA:120,2
DA:121,2
DA:129,0
DA:132,2
DA:134,1
DA:138,56
DA:139,2
DA:142,56
DA:143,6
DA:144,3
DA:148,3
DA:150,3
DA:153,56
DA:154,1
DA:155,1
DA:156,1
DA:157,1
DA:158,1
DA:159,1
DA:167,0
DA:170,1
DA:171,1
DA:173,0
DA:177,56
DA:178,2
DA:179,2
DA:180,2
DA:181,2
DA:182,2
DA:183,1
DA:184,1
DA:187,1
DA:188,1
DA:189,1
DA:190,1
DA:198,0
DA:201,1
DA:202,1
DA:204,0
DA:208,56
DA:229,47
DA:230,47
DA:231,47
DA:232,47
DA:238,47
DA:252,1
DA:263,1
DA:276,121
DA:279,6
DA:293,16
DA:300,1
DA:313,2
DA:322,2
DA:331,2
DA:338,2
DA:356,1
LF:104
LH:94
BRDA:30,0,0,4
BRDA:30,0,1,35
BRDA:30,0,2,6
BRDA:30,0,3,2
BRDA:52,1,0,56
BRDA:53,2,0,0
BRDA:95,3,0,1
BRDA:95,3,1,2
BRDA:97,4,0,0
BRDA:102,5,0,0
BRDA:102,5,1,2
BRDA:104,6,0,2
BRDA:104,6,1,0
BRDA:112,7,0,1
BRDA:112,7,1,1
BRDA:125,8,0,1
BRDA:125,8,1,1
BRDA:125,9,0,0
BRDA:125,9,1,1
BRDA:132,10,0,2
BRDA:132,10,1,0
BRDA:134,11,0,1
BRDA:134,11,1,0
BRDA:143,12,0,3
BRDA:143,13,0,6
BRDA:143,13,1,5
BRDA:146,14,0,0
BRDA:146,14,1,3
BRDA:170,15,0,1
BRDA:170,15,1,0
BRDA:173,16,0,0
BRDA:173,16,1,0
BRDA:182,17,0,1
BRDA:201,18,0,1
BRDA:201,18,1,0
BRDA:204,19,0,0
BRDA:204,19,1,0
BRDA:212,20,0,56
BRDA:212,20,1,2
BRDA:214,21,0,9
BRDA:214,21,1,47
BRDA:229,22,0,47
BRDA:229,22,1,0
BRDA:231,23,0,47
BRDA:231,23,1,18
BRDA:232,24,0,47
BRDA:232,24,1,37
BRDA:243,25,0,1
BRDA:243,25,1,46
BRDA:246,26,0,47
BRDA:246,26,1,6
BRDA:273,27,0,47
BRDA:273,27,1,45
BRDA:287,28,0,47
BRDA:287,28,1,18
BRDA:292,29,0,18
BRDA:292,29,1,1
BRDA:300,30,0,1
BRDA:300,30,1,0
BRDA:307,31,0,47
BRDA:307,31,1,11
BRF:61
BRH:45
end_of_record
