TN:
SF:servicios\academico\asignacionService.ts
FN:103,obtenerFixtureCypress
FN:109,obtenerAsignacionesPorEstudiante
FN:124,(anonymous_2)
FN:135,aplicaAlEstudiante
FN:156,getAsignacionesByEstudiante
FN:161,(anonymous_5)
FN:168,fechaValida
FN:174,resolverEstadoTemporalAsignacion
FN:195,transicionarAsignacionesVencidas
FN:199,(anonymous_9)
FN:211,validateAsignacion
FN:230,publishAsignacion
FN:254,publicarAsignacion
FN:263,actualizarAsignacion
FN:271,eliminarAsignacion
FNF:15
FNH:12
FNDA:2,obtenerFixtureCypress
FNDA:4,obtenerAsignacionesPorEstudiante
FNDA:3,(anonymous_2)
FNDA:4,aplicaAlEstudiante
FNDA:1,getAsignacionesByEstudiante
FNDA:6,(anonymous_5)
FNDA:7,fechaValida
FNDA:4,resolverEstadoTemporalAsignacion
FNDA:2,transicionarAsignacionesVencidas
FNDA:2,(anonymous_9)
FNDA:3,validateAsignacion
FNDA:2,publishAsignacion
FNDA:0,publicarAsignacion
FNDA:0,actualizarAsignacion
FNDA:0,eliminarAsignacion
DA:19,1
DA:48,1
DA:50,1
DA:104,2
DA:105,2
DA:106,1
DA:109,1
DA:112,4
DA:113,4
DA:115,4
DA:116,2
DA:119,2
DA:120,2
DA:121,1
DA:124,3
DA:132,1
DA:136,4
DA:138,4
DA:139,1
DA:142,3
DA:143,1
DA:146,2
DA:147,2
DA:148,2
DA:150,2
DA:153,0
DA:156,1
DA:161,1
DA:162,6
DA:169,7
DA:170,7
DA:171,7
DA:174,1
DA:178,4
DA:179,0
DA:182,4
DA:183,4
DA:184,1
DA:187,3
DA:188,3
DA:189,1
DA:192,2
DA:195,1
DA:199,2
DA:200,2
DA:201,2
DA:203,1
DA:211,1
DA:215,3
DA:216,0
DA:219,3
DA:220,0
DA:223,3
DA:224,2
DA:227,1
DA:230,1
DA:235,2
DA:237,2
DA:238,1
DA:239,1
DA:242,0
DA:245,1
DA:254,1
DA:257,0
DA:263,1
DA:266,0
DA:271,1
DA:274,0
LF:68
LH:60
BRDA:104,0,0,2
BRDA:104,0,1,0
BRDA:105,1,0,1
BRDA:105,2,0,2
BRDA:105,2,1,1
BRDA:115,3,0,2
BRDA:115,4,0,4
BRDA:115,4,1,3
BRDA:120,5,0,1
BRDA:127,6,0,1
BRDA:127,6,1,2
BRDA:127,7,0,1
BRDA:127,7,1,1
BRDA:128,8,0,1
BRDA:128,8,1,2
BRDA:128,9,0,1
BRDA:128,9,1,1
BRDA:138,10,0,1
BRDA:139,11,0,1
BRDA:139,11,1,0
BRDA:142,12,0,1
BRDA:143,13,0,1
BRDA:143,13,1,0
BRDA:146,14,0,2
BRDA:147,15,0,2
BRDA:147,15,1,2
BRDA:147,15,2,0
BRDA:148,16,0,2
BRDA:148,16,1,2
BRDA:148,17,0,2
BRDA:148,17,1,2
BRDA:150,18,0,2
BRDA:150,18,1,2
BRDA:162,19,0,6
BRDA:162,19,1,5
BRDA:162,19,2,4
BRDA:169,20,0,0
BRDA:171,21,0,0
BRDA:171,21,1,7
BRDA:176,22,0,0
BRDA:178,23,0,0
BRDA:183,24,0,1
BRDA:183,25,0,4
BRDA:183,25,1,4
BRDA:188,26,0,1
BRDA:188,27,0,3
BRDA:188,27,1,3
BRDA:197,28,0,0
BRDA:201,29,0,1
BRDA:215,30,0,0
BRDA:219,31,0,0
BRDA:223,32,0,2
BRDA:237,33,0,1
BRDA:238,34,0,1
BRDA:275,35,0,0
BRDA:275,35,1,0
BRF:56
BRH:43
end_of_record
TN:
SF:servicios\academico\bibliotecaService.ts
FN:24,(anonymous_0)
FN:28,(anonymous_1)
FN:33,(anonymous_2)
FN:35,(anonymous_3)
FN:36,(anonymous_4)
FN:41,(anonymous_5)
FN:88,(anonymous_6)
FN:94,(anonymous_7)
FN:126,(anonymous_8)
FN:132,(anonymous_9)
FN:166,(anonymous_10)
FN:171,(anonymous_11)
FNF:12
FNH:12
FNDA:13,(anonymous_0)
FNDA:4,(anonymous_1)
FNDA:1,(anonymous_2)
FNDA:6,(anonymous_3)
FNDA:21,(anonymous_4)
FNDA:7,(anonymous_5)
FNDA:7,(anonymous_6)
FNDA:3,(anonymous_7)
FNDA:4,(anonymous_8)
FNDA:3,(anonymous_9)
FNDA:3,(anonymous_10)
FNDA:2,(anonymous_11)
DA:5,1
DA:13,1
DA:22,1
DA:24,1
DA:25,13
DA:28,4
DA:33,1
DA:35,6
DA:36,21
DA:41,1
DA:48,7
DA:49,6
DA:50,6
DA:63,6
DA:64,6
DA:67,1
DA:68,1
DA:81,1
DA:82,1
DA:88,1
DA:93,7
DA:94,4
DA:95,4
DA:96,1
DA:98,3
DA:99,0
DA:101,3
DA:102,3
DA:103,3
DA:104,3
DA:107,3
DA:108,3
DA:109,3
DA:110,1
DA:112,2
DA:113,2
DA:114,1
DA:116,1
DA:126,1
DA:131,4
DA:132,3
DA:133,3
DA:134,0
DA:136,3
DA:137,1
DA:139,2
DA:140,2
DA:141,2
DA:142,2
DA:143,2
DA:146,1
DA:147,1
DA:148,1
DA:149,0
DA:151,1
DA:152,1
DA:153,0
DA:155,1
DA:166,1
DA:170,3
DA:171,2
DA:172,2
DA:173,0
DA:175,2
DA:176,1
DA:178,1
DA:179,1
DA:180,1
DA:183,1
DA:184,1
DA:185,1
DA:186,0
DA:188,1
DA:189,1
DA:190,0
DA:192,1
DA:198,1
DA:206,1
DA:210,1
LF:79
LH:72
BRDA:33,0,0,1
BRDA:35,1,0,6
BRDA:35,1,1,6
BRDA:36,2,0,0
BRDA:36,2,1,21
BRDA:48,3,0,6
BRDA:93,4,0,4
BRDA:94,5,0,3
BRDA:94,5,1,3
BRDA:95,6,0,1
BRDA:98,7,0,0
BRDA:98,8,0,3
BRDA:98,8,1,0
BRDA:109,9,0,1
BRDA:113,10,0,1
BRDA:113,11,0,2
BRDA:113,11,1,1
BRDA:131,12,0,3
BRDA:132,13,0,3
BRDA:132,13,1,3
BRDA:133,14,0,0
BRDA:136,15,0,1
BRDA:148,16,0,0
BRDA:152,17,0,0
BRDA:170,18,0,2
BRDA:171,19,0,2
BRDA:171,19,1,2
BRDA:172,20,0,0
BRDA:175,21,0,1
BRDA:185,22,0,0
BRDA:189,23,0,0
BRF:31
BRH:22
end_of_record
TN:
SF:servicios\academico\centroEstudiosRepository.ts
FN:15,(anonymous_0)
FN:23,prepararAsignacionesCentroEstudios
FNF:2
FNH:2
FNDA:1,(anonymous_0)
FNDA:2,prepararAsignacionesCentroEstudios
DA:6,1
DA:7,1
DA:8,1
DA:14,1
DA:16,1
DA:17,1
DA:23,1
DA:27,2
DA:30,1
LF:9
LH:9
BRDA:25,0,0,2
BRF:1
BRH:1
end_of_record
TN:
SF:servicios\academico\closeJornada.ts
FN:19,cerrarJornadaConPrograma
FN:27,(anonymous_1)
FNF:2
FNH:2
FNDA:3,cerrarJornadaConPrograma
FNDA:3,(anonymous_1)
DA:3,1
DA:4,1
DA:19,1
DA:24,3
DA:25,2
DA:26,2
DA:27,3
DA:30,2
LF:8
LH:8
BRF:0
BRH:0
end_of_record
TN:
SF:servicios\academico\confirmJornada.ts
FN:31,minutos
FN:36,seCruzan
FN:41,validarConfirmacionJornada
FN:76,(anonymous_3)
FN:80,(anonymous_4)
FNF:5
FNH:5
FNDA:8,minutos
FNDA:2,seCruzan
FNDA:6,validarConfirmacionJornada
FNDA:1,(anonymous_3)
FNDA:1,(anonymous_4)
DA:3,1
DA:32,8
DA:33,8
DA:37,2
DA:38,2
DA:41,1
DA:45,6
DA:47,6
DA:48,1
DA:51,6
DA:52,1
DA:55,6
DA:56,1
DA:59,6
DA:60,1
DA:63,6
DA:72,6
DA:73,1
DA:76,6
DA:77,1
DA:80,6
DA:81,1
DA:84,6
LF:23
LH:23
BRDA:37,0,0,0
BRDA:38,1,0,2
BRDA:38,1,1,2
BRDA:47,2,0,1
BRDA:51,3,0,1
BRDA:55,4,0,1
BRDA:59,5,0,1
BRDA:72,6,0,1
BRDA:76,7,0,1
BRDA:76,8,0,1
BRDA:76,8,1,1
BRDA:80,9,0,1
BRDA:80,10,0,1
BRDA:80,10,1,1
BRF:14
BRH:13
end_of_record
TN:
SF:servicios\academico\espacioService.ts
FN:29,(anonymous_0)
FN:31,minutos
FN:39,haySolapamiento
FN:52,createEspacio
FN:68,updateEspacio
FN:81,getDisponibilidad
FN:82,(anonymous_6)
FNF:7
FNH:7
FNDA:2,(anonymous_0)
FNDA:12,minutos
FNDA:3,haySolapamiento
FNDA:2,createEspacio
FNDA:1,updateEspacio
FNDA:9,getDisponibilidad
FNDA:5,(anonymous_6)
DA:29,2
DA:32,12
DA:33,12
DA:34,0
DA:36,12
DA:40,3
DA:41,3
DA:42,3
DA:43,3
DA:45,3
DA:46,0
DA:49,3
DA:52,2
DA:53,2
DA:55,2
DA:68,2
DA:72,1
DA:81,2
DA:82,9
DA:83,5
DA:84,4
DA:85,4
DA:87,3
DA:95,9
LF:24
LH:22
BRDA:33,0,0,0
BRDA:33,1,0,12
BRDA:33,1,1,12
BRDA:45,2,0,0
BRDA:45,3,0,3
BRDA:45,3,1,3
BRDA:49,4,0,3
BRDA:49,4,1,2
BRDA:83,5,0,1
BRDA:84,6,0,0
BRDA:85,7,0,1
BRF:11
BRH:8
end_of_record
TN:
SF:servicios\academico\invitacionService.ts
FN:29,(anonymous_0)
FN:33,(anonymous_1)
FN:35,(anonymous_2)
FN:80,(anonymous_3)
FN:82,(anonymous_4)
FN:87,(anonymous_5)
FN:90,(anonymous_6)
FN:92,(anonymous_7)
FNF:8
FNH:8
FNDA:6,(anonymous_0)
FNDA:1,(anonymous_1)
FNDA:5,(anonymous_2)
FNDA:3,(anonymous_3)
FNDA:4,(anonymous_4)
FNDA:1,(anonymous_5)
FNDA:2,(anonymous_6)
FNDA:1,(anonymous_7)
DA:1,1
DA:8,1
DA:9,1
DA:27,1
DA:29,1
DA:30,6
DA:33,1
DA:35,1
DA:40,5
DA:42,5
DA:43,4
DA:44,4
DA:45,4
DA:47,4
DA:58,4
DA:59,4
DA:62,1
DA:67,1
DA:68,1
DA:70,1
DA:71,1
DA:73,1
DA:74,0
DA:77,1
DA:80,1
DA:81,3
DA:82,4
DA:85,1
DA:86,1
DA:87,1
DA:90,1
DA:91,2
DA:92,1
DA:93,1
DA:94,1
DA:95,1
DA:96,1
DA:97,1
DA:100,1
DA:101,1
DA:103,1
DA:104,0
DA:107,1
DA:109,1
DA:114,1
DA:116,1
LF:46
LH:44
BRDA:42,0,0,4
BRDA:73,1,0,0
BRDA:81,2,0,2
BRDA:91,3,0,1
BRDA:92,4,0,1
BRDA:92,4,1,1
BRDA:93,5,0,0
BRDA:103,6,0,0
BRF:8
BRH:5
end_of_record
TN:
SF:servicios\academico\jornadaService.ts
FN:33,(anonymous_0)
FN:48,transicionar
FN:61,createJornada
FN:86,confirmarJornada
FN:90,iniciarJornada
FN:94,marcarPendienteCierre
FN:105,cerrarJornada
FN:117,cancelarJornada
FN:124,rechazarTransicionInvalida
FN:131,formatoFecha
FN:135,generateJornadasFromBloque
FNF:11
FNH:11
FNDA:13,(anonymous_0)
FNDA:24,transicionar
FNDA:13,createJornada
FNDA:7,confirmarJornada
FNDA:6,iniciarJornada
FNDA:6,marcarPendienteCierre
FNDA:6,cerrarJornada
FNDA:1,cancelarJornada
FNDA:1,rechazarTransicionInvalida
FNDA:4,formatoFecha
FNDA:2,generateJornadasFromBloque
DA:33,13
DA:35,2
DA:49,24
DA:50,24
DA:51,1
DA:54,23
DA:61,2
DA:62,13
DA:64,13
DA:86,2
DA:87,7
DA:90,2
DA:91,6
DA:94,2
DA:98,6
DA:105,2
DA:106,6
DA:107,2
DA:110,4
DA:111,1
DA:114,3
DA:117,2
DA:118,1
DA:124,2
DA:128,1
DA:132,4
DA:135,2
DA:143,2
DA:145,1
DA:146,1
DA:147,1
DA:149,1
DA:150,30
DA:152,4
DA:168,1
LF:35
LH:35
BRDA:49,0,0,24
BRDA:49,0,1,0
BRDA:50,1,0,1
BRDA:106,2,0,2
BRDA:110,3,0,1
BRDA:143,4,0,1
BRDA:150,5,0,26
BRF:7
BRH:6
end_of_record
TN:
SF:servicios\academico\programaService.ts
FN:21,(anonymous_0)
FN:23,ordenarUnidades
FN:25,(anonymous_2)
FN:26,(anonymous_3)
FN:28,(anonymous_4)
FN:32,obtenerObjetivosOrdenados
FN:33,(anonymous_6)
FN:36,validarProgramaPublicable
FN:41,(anonymous_8)
FN:47,encontrarUnidadDeObjetivo
FN:49,(anonymous_10)
FN:50,(anonymous_11)
FN:55,createPrograma
FN:71,publishPrograma
FN:81,assignProgramaToGrupo
FN:108,advanceCiclo
FN:122,(anonymous_16)
FNF:17
FNH:17
FNDA:14,(anonymous_0)
FNDA:28,ordenarUnidades
FNDA:17,(anonymous_2)
FNDA:45,(anonymous_3)
FNDA:28,(anonymous_4)
FNDA:11,obtenerObjetivosOrdenados
FNDA:17,(anonymous_6)
FNDA:7,validarProgramaPublicable
FNDA:11,(anonymous_8)
FNDA:11,encontrarUnidadDeObjetivo
FNDA:10,(anonymous_10)
FNDA:13,(anonymous_11)
FNDA:7,createPrograma
FNDA:7,publishPrograma
FNDA:7,assignProgramaToGrupo
FNDA:5,advanceCiclo
FNDA:9,(anonymous_16)
DA:21,14
DA:24,28
DA:25,17
DA:26,45
DA:28,28
DA:33,17
DA:37,7
DA:38,1
DA:41,11
DA:42,6
DA:43,0
DA:48,11
DA:49,10
DA:50,13
DA:52,10
DA:55,2
DA:56,7
DA:58,7
DA:71,2
DA:72,7
DA:74,6
DA:81,2
DA:85,7
DA:86,0
DA:89,7
DA:90,7
DA:92,7
DA:108,2
DA:113,5
DA:114,1
DA:117,4
DA:121,4
DA:122,9
DA:124,4
LF:34
LH:32
BRDA:37,0,0,1
BRDA:42,1,0,0
BRDA:48,2,0,1
BRDA:52,3,0,10
BRDA:52,3,1,0
BRDA:85,4,0,0
BRDA:89,5,0,7
BRDA:89,5,1,0
BRDA:98,6,0,7
BRDA:98,6,1,0
BRDA:100,7,0,7
BRDA:100,7,1,0
BRDA:101,8,0,7
BRDA:101,8,1,0
BRDA:113,9,0,1
BRDA:113,10,0,5
BRDA:113,10,1,4
BRDA:126,11,0,3
BRDA:126,11,1,1
BRDA:127,12,0,4
BRDA:127,12,1,1
BRDA:128,13,0,4
BRDA:128,13,1,1
BRF:23
BRH:16
end_of_record
TN:
SF:servicios\academico\progresoRepository.ts
FN:18,crearClaveProgressSync
FN:22,normalizarProgresoSync
FN:24,(anonymous_2)
FN:25,(anonymous_3)
FN:30,(anonymous_4)
FN:32,(anonymous_5)
FN:36,(anonymous_6)
FN:40,(anonymous_7)
FN:51,(anonymous_8)
FN:58,(anonymous_9)
FN:72,(anonymous_10)
FN:74,(anonymous_11)
FN:84,(anonymous_12)
FN:92,(anonymous_13)
FN:102,(anonymous_14)
FN:115,(anonymous_15)
FN:137,crearProgresoRepository
FNF:17
FNH:17
FNDA:2,crearClaveProgressSync
FNDA:4,normalizarProgresoSync
FNDA:4,(anonymous_2)
FNDA:4,(anonymous_3)
FNDA:7,(anonymous_4)
FNDA:1,(anonymous_5)
FNDA:2,(anonymous_6)
FNDA:1,(anonymous_7)
FNDA:1,(anonymous_8)
FNDA:3,(anonymous_9)
FNDA:6,(anonymous_10)
FNDA:2,(anonymous_11)
FNDA:1,(anonymous_12)
FNDA:1,(anonymous_13)
FNDA:1,(anonymous_14)
FNDA:5,(anonymous_15)
FNDA:3,crearProgresoRepository
DA:3,2
DA:19,2
DA:23,4
DA:24,4
DA:25,4
DA:29,2
DA:30,7
DA:33,1
DA:37,2
DA:41,1
DA:42,1
DA:44,1
DA:45,1
DA:47,0
DA:52,1
DA:59,3
DA:71,2
DA:72,6
DA:75,2
DA:76,2
DA:78,2
DA:79,2
DA:81,1
DA:85,1
DA:93,1
DA:94,1
DA:96,1
DA:97,1
DA:99,1
DA:103,1
DA:116,5
DA:137,2
DA:138,3
DA:139,1
DA:145,2
DA:148,2
LF:36
LH:35
BRDA:24,0,0,4
BRDA:24,0,1,0
BRDA:25,1,0,4
BRDA:25,1,1,0
BRDA:30,2,0,4
BRDA:42,3,0,0
BRDA:76,4,0,0
BRDA:79,5,0,1
BRDA:79,6,0,2
BRDA:79,6,1,1
BRDA:94,7,0,0
BRDA:97,8,0,0
BRDA:97,9,0,1
BRDA:97,9,1,1
BRDA:137,10,0,0
BRDA:138,11,0,1
BRDA:138,12,0,3
BRDA:138,12,1,2
BRDA:138,12,2,1
BRF:19
BRH:12
end_of_record
TN:
SF:servicios\academico\vinculoService.ts
FN:23,(anonymous_0)
FN:27,(anonymous_1)
FN:29,(anonymous_2)
FN:39,(anonymous_3)
FN:66,(anonymous_4)
FN:75,(anonymous_5)
FN:83,(anonymous_6)
FN:91,(anonymous_7)
FN:92,(anonymous_8)
FN:99,(anonymous_9)
FN:102,(anonymous_10)
FN:104,(anonymous_11)
FN:109,(anonymous_12)
FNF:13
FNH:13
FNDA:8,(anonymous_0)
FNDA:3,(anonymous_1)
FNDA:8,(anonymous_2)
FNDA:4,(anonymous_3)
FNDA:2,(anonymous_4)
FNDA:1,(anonymous_5)
FNDA:2,(anonymous_6)
FNDA:3,(anonymous_7)
FNDA:2,(anonymous_8)
FNDA:2,(anonymous_9)
FNDA:2,(anonymous_10)
FNDA:2,(anonymous_11)
FNDA:1,(anonymous_12)
DA:1,1
DA:10,1
DA:21,1
DA:23,1
DA:24,8
DA:27,3
DA:29,1
DA:34,8
DA:35,8
DA:37,8
DA:39,7
DA:40,7
DA:42,7
DA:49,7
DA:50,7
DA:53,1
DA:54,1
DA:62,1
DA:63,1
DA:66,1
DA:71,2
DA:72,2
DA:74,2
DA:75,1
DA:76,1
DA:79,1
DA:80,1
DA:83,1
DA:87,2
DA:89,2
DA:90,1
DA:91,3
DA:92,2
DA:95,1
DA:96,1
DA:97,1
DA:99,2
DA:102,1
DA:103,2
DA:104,2
DA:107,1
DA:108,1
DA:109,1
LF:43
LH:43
BRDA:37,0,0,7
BRDA:39,1,0,4
BRDA:39,1,1,0
BRDA:40,2,0,0
BRDA:74,3,0,1
BRDA:75,4,0,1
BRDA:75,4,1,1
BRDA:89,5,0,1
BRDA:91,6,0,3
BRDA:91,6,1,3
BRDA:103,7,0,1
BRF:11
BRH:9
end_of_record
